
*** Running vivado
    with args -log sine_high.vds -m64 -product Vivado -mode batch -messageDb vivado.pb -notrace -source sine_high.tcl


ECHO is off.
ECHO is off.

****** Vivado v2023.2_AR000036317 (64-bit)
  **** SW Build 4029153 on Fri Oct 13 20:14:34 MDT 2023
  **** IP Build 4028589 on Sat Oct 14 00:45:43 MDT 2023
  **** SharedData Build 4025554 on Tue Oct 10 17:18:54 MDT 2023
    ** Copyright 1986-2022 Xilinx, Inc. All Rights Reserved.
    ** Copyright 2022-2023 Advanced Micro Devices, Inc. All Rights Reserved.

source sine_high.tcl -notrace
INFO: [IP_Flow 19-6924] IPCACHE: Running cache check for IP inst: sine_high
Command: synth_design -top sine_high -part xc7a200tfbg676-2 -incremental_mode off -mode out_of_context
Starting synth_design
Attempting to get a license for feature 'Synthesis' and/or device 'xc7a200t'
INFO: [Common 17-349] Got license for feature 'Synthesis' and/or device 'xc7a200t'
INFO: [Device 21-403] Loading part xc7a200tfbg676-2
INFO: [Synth 8-7079] Multithreading enabled for synth_design using a maximum of 2 processes.
INFO: [Synth 8-7078] Launching helper process for spawning children vivado processes
INFO: [Synth 8-7075] Helper process launched with PID 21296
---------------------------------------------------------------------------------
Starting RTL Elaboration : Time (s): cpu = 00:00:08 ; elapsed = 00:00:10 . Memory (MB): peak = 1363.555 ; gain = 440.891
---------------------------------------------------------------------------------
INFO: [Synth 8-638] synthesizing module 'sine_high' [c:/Users/SODONNE8/Documents/GitHub/DIGITAL-SYSTEMS-DESIGN/LabA/tutorial code/project_A/project_A.gen/sources_1/ip/sine_high/synth/sine_high.vhd:70]
WARNING: [Synth 8-5640] Port 'debug_axi_pinc_in' is missing in component declaration [c:/Users/SODONNE8/Documents/GitHub/DIGITAL-SYSTEMS-DESIGN/LabA/tutorial code/project_A/project_A.gen/sources_1/ip/sine_high/synth/sine_high.vhd:73]
WARNING: [Synth 8-5640] Port 'debug_axi_poff_in' is missing in component declaration [c:/Users/SODONNE8/Documents/GitHub/DIGITAL-SYSTEMS-DESIGN/LabA/tutorial code/project_A/project_A.gen/sources_1/ip/sine_high/synth/sine_high.vhd:73]
WARNING: [Synth 8-5640] Port 'debug_axi_resync_in' is missing in component declaration [c:/Users/SODONNE8/Documents/GitHub/DIGITAL-SYSTEMS-DESIGN/LabA/tutorial code/project_A/project_A.gen/sources_1/ip/sine_high/synth/sine_high.vhd:73]
WARNING: [Synth 8-5640] Port 'debug_axi_chan_in' is missing in component declaration [c:/Users/SODONNE8/Documents/GitHub/DIGITAL-SYSTEMS-DESIGN/LabA/tutorial code/project_A/project_A.gen/sources_1/ip/sine_high/synth/sine_high.vhd:73]
WARNING: [Synth 8-5640] Port 'debug_core_nd' is missing in component declaration [c:/Users/SODONNE8/Documents/GitHub/DIGITAL-SYSTEMS-DESIGN/LabA/tutorial code/project_A/project_A.gen/sources_1/ip/sine_high/synth/sine_high.vhd:73]
WARNING: [Synth 8-5640] Port 'debug_phase' is missing in component declaration [c:/Users/SODONNE8/Documents/GitHub/DIGITAL-SYSTEMS-DESIGN/LabA/tutorial code/project_A/project_A.gen/sources_1/ip/sine_high/synth/sine_high.vhd:73]
WARNING: [Synth 8-5640] Port 'debug_phase_nd' is missing in component declaration [c:/Users/SODONNE8/Documents/GitHub/DIGITAL-SYSTEMS-DESIGN/LabA/tutorial code/project_A/project_A.gen/sources_1/ip/sine_high/synth/sine_high.vhd:73]
	Parameter C_XDEVICEFAMILY bound to: artix7 - type: string 
	Parameter C_MODE_OF_OPERATION bound to: 0 - type: integer 
	Parameter C_MODULUS bound to: 9 - type: integer 
	Parameter C_ACCUMULATOR_WIDTH bound to: 16 - type: integer 
	Parameter C_CHANNELS bound to: 1 - type: integer 
	Parameter C_HAS_PHASE_OUT bound to: 0 - type: integer 
	Parameter C_HAS_PHASEGEN bound to: 0 - type: integer 
	Parameter C_HAS_SINCOS bound to: 1 - type: integer 
	Parameter C_LATENCY bound to: 6 - type: integer 
	Parameter C_MEM_TYPE bound to: 1 - type: integer 
	Parameter C_NEGATIVE_COSINE bound to: 0 - type: integer 
	Parameter C_NEGATIVE_SINE bound to: 0 - type: integer 
	Parameter C_NOISE_SHAPING bound to: 0 - type: integer 
	Parameter C_OUTPUTS_REQUIRED bound to: 0 - type: integer 
	Parameter C_OUTPUT_FORM bound to: 0 - type: integer 
	Parameter C_OUTPUT_WIDTH bound to: 20 - type: integer 
	Parameter C_PHASE_ANGLE_WIDTH bound to: 16 - type: integer 
	Parameter C_PHASE_INCREMENT bound to: 2 - type: integer 
	Parameter C_PHASE_INCREMENT_VALUE bound to: 0,0,0,0,0,0,0,0,0,0,0,0,0,0,0,0 - type: string 
	Parameter C_RESYNC bound to: 0 - type: integer 
	Parameter C_PHASE_OFFSET bound to: 0 - type: integer 
	Parameter C_PHASE_OFFSET_VALUE bound to: 0,0,0,0,0,0,0,0,0,0,0,0,0,0,0,0 - type: string 
	Parameter C_OPTIMISE_GOAL bound to: 0 - type: integer 
	Parameter C_USE_DSP48 bound to: 0 - type: integer 
	Parameter C_POR_MODE bound to: 0 - type: integer 
	Parameter C_AMPLITUDE bound to: 0 - type: integer 
	Parameter C_HAS_ACLKEN bound to: 0 - type: integer 
	Parameter C_HAS_ARESETN bound to: 1 - type: integer 
	Parameter C_HAS_TLAST bound to: 0 - type: integer 
	Parameter C_HAS_TREADY bound to: 0 - type: integer 
	Parameter C_HAS_S_PHASE bound to: 1 - type: integer 
	Parameter C_S_PHASE_TDATA_WIDTH bound to: 16 - type: integer 
	Parameter C_S_PHASE_HAS_TUSER bound to: 0 - type: integer 
	Parameter C_S_PHASE_TUSER_WIDTH bound to: 1 - type: integer 
	Parameter C_HAS_S_CONFIG bound to: 0 - type: integer 
	Parameter C_S_CONFIG_SYNC_MODE bound to: 0 - type: integer 
	Parameter C_S_CONFIG_TDATA_WIDTH bound to: 1 - type: integer 
	Parameter C_HAS_M_DATA bound to: 1 - type: integer 
	Parameter C_M_DATA_TDATA_WIDTH bound to: 24 - type: integer 
	Parameter C_M_DATA_HAS_TUSER bound to: 0 - type: integer 
	Parameter C_M_DATA_TUSER_WIDTH bound to: 1 - type: integer 
	Parameter C_HAS_M_PHASE bound to: 0 - type: integer 
	Parameter C_M_PHASE_TDATA_WIDTH bound to: 1 - type: integer 
	Parameter C_M_PHASE_HAS_TUSER bound to: 0 - type: integer 
	Parameter C_M_PHASE_TUSER_WIDTH bound to: 1 - type: integer 
	Parameter C_DEBUG_INTERFACE bound to: 0 - type: integer 
	Parameter C_CHAN_WIDTH bound to: 1 - type: integer 
INFO: [Synth 8-3491] module 'dds_compiler_v6_0_23' declared at 'c:/Users/SODONNE8/Documents/GitHub/DIGITAL-SYSTEMS-DESIGN/LabA/tutorial code/project_A/project_A.gen/sources_1/ip/sine_high/hdl/dds_compiler_v6_0_vh_rfs.vhd:46995' bound to instance 'U0' of component 'dds_compiler_v6_0_23' [c:/Users/SODONNE8/Documents/GitHub/DIGITAL-SYSTEMS-DESIGN/LabA/tutorial code/project_A/project_A.gen/sources_1/ip/sine_high/synth/sine_high.vhd:177]
INFO: [Synth 8-256] done synthesizing module 'sine_high' (0#1) [c:/Users/SODONNE8/Documents/GitHub/DIGITAL-SYSTEMS-DESIGN/LabA/tutorial code/project_A/project_A.gen/sources_1/ip/sine_high/synth/sine_high.vhd:70]
WARNING: [Synth 8-7129] Port CLK in module xbip_pipe_v3_0_7_viv__parameterized14 is either unconnected or has no load
WARNING: [Synth 8-7129] Port CE in module xbip_pipe_v3_0_7_viv__parameterized14 is either unconnected or has no load
WARNING: [Synth 8-7129] Port SCLR in module xbip_pipe_v3_0_7_viv__parameterized14 is either unconnected or has no load
WARNING: [Synth 8-7129] Port SSET in module xbip_pipe_v3_0_7_viv__parameterized14 is either unconnected or has no load
WARNING: [Synth 8-7129] Port SINIT in module xbip_pipe_v3_0_7_viv__parameterized14 is either unconnected or has no load
WARNING: [Synth 8-7129] Port CLK in module xbip_pipe_v3_0_7_viv__parameterized12 is either unconnected or has no load
WARNING: [Synth 8-7129] Port CE in module xbip_pipe_v3_0_7_viv__parameterized12 is either unconnected or has no load
WARNING: [Synth 8-7129] Port SCLR in module xbip_pipe_v3_0_7_viv__parameterized12 is either unconnected or has no load
WARNING: [Synth 8-7129] Port SSET in module xbip_pipe_v3_0_7_viv__parameterized12 is either unconnected or has no load
WARNING: [Synth 8-7129] Port SINIT in module xbip_pipe_v3_0_7_viv__parameterized12 is either unconnected or has no load
WARNING: [Synth 8-7129] Port SCLR in module xbip_pipe_v3_0_7_viv__parameterized8 is either unconnected or has no load
WARNING: [Synth 8-7129] Port SSET in module xbip_pipe_v3_0_7_viv__parameterized8 is either unconnected or has no load
WARNING: [Synth 8-7129] Port SINIT in module xbip_pipe_v3_0_7_viv__parameterized8 is either unconnected or has no load
WARNING: [Synth 8-7129] Port SCLR in module xbip_pipe_v3_0_7_viv__parameterized10 is either unconnected or has no load
WARNING: [Synth 8-7129] Port SSET in module xbip_pipe_v3_0_7_viv__parameterized10 is either unconnected or has no load
WARNING: [Synth 8-7129] Port SINIT in module xbip_pipe_v3_0_7_viv__parameterized10 is either unconnected or has no load
WARNING: [Synth 8-7129] Port SCLR in module xbip_pipe_v3_0_7_viv__parameterized6 is either unconnected or has no load
WARNING: [Synth 8-7129] Port SSET in module xbip_pipe_v3_0_7_viv__parameterized6 is either unconnected or has no load
WARNING: [Synth 8-7129] Port SINIT in module xbip_pipe_v3_0_7_viv__parameterized6 is either unconnected or has no load
WARNING: [Synth 8-7129] Port SCLR in module xbip_pipe_v3_0_7_viv__parameterized4 is either unconnected or has no load
WARNING: [Synth 8-7129] Port SSET in module xbip_pipe_v3_0_7_viv__parameterized4 is either unconnected or has no load
WARNING: [Synth 8-7129] Port SINIT in module xbip_pipe_v3_0_7_viv__parameterized4 is either unconnected or has no load
WARNING: [Synth 8-7129] Port SCLR in module sin_cos is either unconnected or has no load
WARNING: [Synth 8-7129] Port SSET in module xbip_pipe_v3_0_7_viv__parameterized2 is either unconnected or has no load
WARNING: [Synth 8-7129] Port SINIT in module xbip_pipe_v3_0_7_viv__parameterized2 is either unconnected or has no load
WARNING: [Synth 8-7129] Port RFD in module dds_compiler_v6_0_23_core is either unconnected or has no load
WARNING: [Synth 8-7129] Port COSINE[19] in module dds_compiler_v6_0_23_core is either unconnected or has no load
WARNING: [Synth 8-7129] Port COSINE[18] in module dds_compiler_v6_0_23_core is either unconnected or has no load
WARNING: [Synth 8-7129] Port COSINE[17] in module dds_compiler_v6_0_23_core is either unconnected or has no load
WARNING: [Synth 8-7129] Port COSINE[16] in module dds_compiler_v6_0_23_core is either unconnected or has no load
WARNING: [Synth 8-7129] Port COSINE[15] in module dds_compiler_v6_0_23_core is either unconnected or has no load
WARNING: [Synth 8-7129] Port COSINE[14] in module dds_compiler_v6_0_23_core is either unconnected or has no load
WARNING: [Synth 8-7129] Port COSINE[13] in module dds_compiler_v6_0_23_core is either unconnected or has no load
WARNING: [Synth 8-7129] Port COSINE[12] in module dds_compiler_v6_0_23_core is either unconnected or has no load
WARNING: [Synth 8-7129] Port COSINE[11] in module dds_compiler_v6_0_23_core is either unconnected or has no load
WARNING: [Synth 8-7129] Port COSINE[10] in module dds_compiler_v6_0_23_core is either unconnected or has no load
WARNING: [Synth 8-7129] Port COSINE[9] in module dds_compiler_v6_0_23_core is either unconnected or has no load
WARNING: [Synth 8-7129] Port COSINE[8] in module dds_compiler_v6_0_23_core is either unconnected or has no load
WARNING: [Synth 8-7129] Port COSINE[7] in module dds_compiler_v6_0_23_core is either unconnected or has no load
WARNING: [Synth 8-7129] Port COSINE[6] in module dds_compiler_v6_0_23_core is either unconnected or has no load
WARNING: [Synth 8-7129] Port COSINE[5] in module dds_compiler_v6_0_23_core is either unconnected or has no load
WARNING: [Synth 8-7129] Port COSINE[4] in module dds_compiler_v6_0_23_core is either unconnected or has no load
WARNING: [Synth 8-7129] Port COSINE[3] in module dds_compiler_v6_0_23_core is either unconnected or has no load
WARNING: [Synth 8-7129] Port COSINE[2] in module dds_compiler_v6_0_23_core is either unconnected or has no load
WARNING: [Synth 8-7129] Port COSINE[1] in module dds_compiler_v6_0_23_core is either unconnected or has no load
WARNING: [Synth 8-7129] Port COSINE[0] in module dds_compiler_v6_0_23_core is either unconnected or has no load
WARNING: [Synth 8-7129] Port ADDR[0] in module dds_compiler_v6_0_23_core is either unconnected or has no load
WARNING: [Synth 8-7129] Port REG_SELECT in module dds_compiler_v6_0_23_core is either unconnected or has no load
WARNING: [Synth 8-7129] Port WE in module dds_compiler_v6_0_23_core is either unconnected or has no load
WARNING: [Synth 8-7129] Port DATA[15] in module dds_compiler_v6_0_23_core is either unconnected or has no load
WARNING: [Synth 8-7129] Port DATA[14] in module dds_compiler_v6_0_23_core is either unconnected or has no load
WARNING: [Synth 8-7129] Port DATA[13] in module dds_compiler_v6_0_23_core is either unconnected or has no load
WARNING: [Synth 8-7129] Port DATA[12] in module dds_compiler_v6_0_23_core is either unconnected or has no load
WARNING: [Synth 8-7129] Port DATA[11] in module dds_compiler_v6_0_23_core is either unconnected or has no load
WARNING: [Synth 8-7129] Port DATA[10] in module dds_compiler_v6_0_23_core is either unconnected or has no load
WARNING: [Synth 8-7129] Port DATA[9] in module dds_compiler_v6_0_23_core is either unconnected or has no load
WARNING: [Synth 8-7129] Port DATA[8] in module dds_compiler_v6_0_23_core is either unconnected or has no load
WARNING: [Synth 8-7129] Port DATA[7] in module dds_compiler_v6_0_23_core is either unconnected or has no load
WARNING: [Synth 8-7129] Port DATA[6] in module dds_compiler_v6_0_23_core is either unconnected or has no load
WARNING: [Synth 8-7129] Port DATA[5] in module dds_compiler_v6_0_23_core is either unconnected or has no load
WARNING: [Synth 8-7129] Port DATA[4] in module dds_compiler_v6_0_23_core is either unconnected or has no load
WARNING: [Synth 8-7129] Port DATA[3] in module dds_compiler_v6_0_23_core is either unconnected or has no load
WARNING: [Synth 8-7129] Port DATA[2] in module dds_compiler_v6_0_23_core is either unconnected or has no load
WARNING: [Synth 8-7129] Port DATA[1] in module dds_compiler_v6_0_23_core is either unconnected or has no load
WARNING: [Synth 8-7129] Port DATA[0] in module dds_compiler_v6_0_23_core is either unconnected or has no load
WARNING: [Synth 8-7129] Port PINC_IN[15] in module dds_compiler_v6_0_23_core is either unconnected or has no load
WARNING: [Synth 8-7129] Port PINC_IN[14] in module dds_compiler_v6_0_23_core is either unconnected or has no load
WARNING: [Synth 8-7129] Port PINC_IN[13] in module dds_compiler_v6_0_23_core is either unconnected or has no load
WARNING: [Synth 8-7129] Port PINC_IN[12] in module dds_compiler_v6_0_23_core is either unconnected or has no load
WARNING: [Synth 8-7129] Port PINC_IN[11] in module dds_compiler_v6_0_23_core is either unconnected or has no load
WARNING: [Synth 8-7129] Port PINC_IN[10] in module dds_compiler_v6_0_23_core is either unconnected or has no load
WARNING: [Synth 8-7129] Port PINC_IN[9] in module dds_compiler_v6_0_23_core is either unconnected or has no load
WARNING: [Synth 8-7129] Port PINC_IN[8] in module dds_compiler_v6_0_23_core is either unconnected or has no load
WARNING: [Synth 8-7129] Port PINC_IN[7] in module dds_compiler_v6_0_23_core is either unconnected or has no load
WARNING: [Synth 8-7129] Port PINC_IN[6] in module dds_compiler_v6_0_23_core is either unconnected or has no load
WARNING: [Synth 8-7129] Port PINC_IN[5] in module dds_compiler_v6_0_23_core is either unconnected or has no load
WARNING: [Synth 8-7129] Port PINC_IN[4] in module dds_compiler_v6_0_23_core is either unconnected or has no load
WARNING: [Synth 8-7129] Port PINC_IN[3] in module dds_compiler_v6_0_23_core is either unconnected or has no load
WARNING: [Synth 8-7129] Port PINC_IN[2] in module dds_compiler_v6_0_23_core is either unconnected or has no load
WARNING: [Synth 8-7129] Port PINC_IN[1] in module dds_compiler_v6_0_23_core is either unconnected or has no load
WARNING: [Synth 8-7129] Port PINC_IN[0] in module dds_compiler_v6_0_23_core is either unconnected or has no load
WARNING: [Synth 8-7129] Port POFF_IN[15] in module dds_compiler_v6_0_23_core is either unconnected or has no load
WARNING: [Synth 8-7129] Port POFF_IN[14] in module dds_compiler_v6_0_23_core is either unconnected or has no load
WARNING: [Synth 8-7129] Port POFF_IN[13] in module dds_compiler_v6_0_23_core is either unconnected or has no load
WARNING: [Synth 8-7129] Port POFF_IN[12] in module dds_compiler_v6_0_23_core is either unconnected or has no load
WARNING: [Synth 8-7129] Port POFF_IN[11] in module dds_compiler_v6_0_23_core is either unconnected or has no load
WARNING: [Synth 8-7129] Port POFF_IN[10] in module dds_compiler_v6_0_23_core is either unconnected or has no load
WARNING: [Synth 8-7129] Port POFF_IN[9] in module dds_compiler_v6_0_23_core is either unconnected or has no load
WARNING: [Synth 8-7129] Port POFF_IN[8] in module dds_compiler_v6_0_23_core is either unconnected or has no load
WARNING: [Synth 8-7129] Port POFF_IN[7] in module dds_compiler_v6_0_23_core is either unconnected or has no load
WARNING: [Synth 8-7129] Port POFF_IN[6] in module dds_compiler_v6_0_23_core is either unconnected or has no load
WARNING: [Synth 8-7129] Port POFF_IN[5] in module dds_compiler_v6_0_23_core is either unconnected or has no load
WARNING: [Synth 8-7129] Port POFF_IN[4] in module dds_compiler_v6_0_23_core is either unconnected or has no load
WARNING: [Synth 8-7129] Port POFF_IN[3] in module dds_compiler_v6_0_23_core is either unconnected or has no load
WARNING: [Synth 8-7129] Port POFF_IN[2] in module dds_compiler_v6_0_23_core is either unconnected or has no load
WARNING: [Synth 8-7129] Port POFF_IN[1] in module dds_compiler_v6_0_23_core is either unconnected or has no load
WARNING: [Synth 8-7129] Port POFF_IN[0] in module dds_compiler_v6_0_23_core is either unconnected or has no load
WARNING: [Synth 8-7129] Port RESYNC_IN in module dds_compiler_v6_0_23_core is either unconnected or has no load
WARNING: [Synth 8-7129] Port CE in module xbip_pipe_v3_0_7_viv__parameterized0 is either unconnected or has no load
WARNING: [Synth 8-7129] Port SSET in module xbip_pipe_v3_0_7_viv__parameterized0 is either unconnected or has no load
INFO: [Common 17-14] Message 'Synth 8-7129' appears 100 times and further instances of the messages will be disabled. Use the Tcl command set_msg_config to change the current settings.
---------------------------------------------------------------------------------
Finished RTL Elaboration : Time (s): cpu = 00:00:19 ; elapsed = 00:00:21 . Memory (MB): peak = 1554.402 ; gain = 631.738
---------------------------------------------------------------------------------
---------------------------------------------------------------------------------
Start Handling Custom Attributes
---------------------------------------------------------------------------------
---------------------------------------------------------------------------------
Finished Handling Custom Attributes : Time (s): cpu = 00:00:19 ; elapsed = 00:00:21 . Memory (MB): peak = 1554.402 ; gain = 631.738
---------------------------------------------------------------------------------
---------------------------------------------------------------------------------
Finished RTL Optimization Phase 1 : Time (s): cpu = 00:00:19 ; elapsed = 00:00:21 . Memory (MB): peak = 1554.402 ; gain = 631.738
---------------------------------------------------------------------------------
Netlist sorting complete. Time (s): cpu = 00:00:00 ; elapsed = 00:00:00.008 . Memory (MB): peak = 1554.402 ; gain = 0.000
INFO: [Project 1-570] Preparing netlist for logic optimization

Processing XDC Constraints
Initializing timing engine
Parsing XDC File [c:/Users/SODONNE8/Documents/GitHub/DIGITAL-SYSTEMS-DESIGN/LabA/tutorial code/project_A/project_A.gen/sources_1/ip/sine_high/sine_high_ooc.xdc] for cell 'U0'
Finished Parsing XDC File [c:/Users/SODONNE8/Documents/GitHub/DIGITAL-SYSTEMS-DESIGN/LabA/tutorial code/project_A/project_A.gen/sources_1/ip/sine_high/sine_high_ooc.xdc] for cell 'U0'
Parsing XDC File [C:/Users/SODONNE8/Documents/GitHub/DIGITAL-SYSTEMS-DESIGN/LabA/tutorial code/project_A/project_A.runs/sine_high_synth_1/dont_touch.xdc]
Finished Parsing XDC File [C:/Users/SODONNE8/Documents/GitHub/DIGITAL-SYSTEMS-DESIGN/LabA/tutorial code/project_A/project_A.runs/sine_high_synth_1/dont_touch.xdc]
Completed Processing XDC Constraints

Netlist sorting complete. Time (s): cpu = 00:00:00 ; elapsed = 00:00:00 . Memory (MB): peak = 1587.707 ; gain = 0.000
INFO: [Project 1-111] Unisim Transformation Summary:
No Unisim elements were transformed.

The system cannot find the path specified.
Constraint Validation Runtime : Time (s): cpu = 00:00:00 ; elapsed = 00:00:00.045 . Memory (MB): peak = 1590.398 ; gain = 2.691
INFO: [Designutils 20-5008] Incremental synthesis strategy off
---------------------------------------------------------------------------------
Finished Constraint Validation : Time (s): cpu = 00:00:27 ; elapsed = 00:00:31 . Memory (MB): peak = 1590.398 ; gain = 667.734
---------------------------------------------------------------------------------
---------------------------------------------------------------------------------
Start Loading Part and Timing Information
---------------------------------------------------------------------------------
Loading part: xc7a200tfbg676-2
---------------------------------------------------------------------------------
Finished Loading Part and Timing Information : Time (s): cpu = 00:00:27 ; elapsed = 00:00:31 . Memory (MB): peak = 1590.398 ; gain = 667.734
---------------------------------------------------------------------------------
---------------------------------------------------------------------------------
Start Applying 'set_property' XDC Constraints
---------------------------------------------------------------------------------
Applied set_property KEEP_HIERARCHY = SOFT for U0. (constraint file  {C:/Users/SODONNE8/Documents/GitHub/DIGITAL-SYSTEMS-DESIGN/LabA/tutorial code/project_A/project_A.runs/sine_high_synth_1/dont_touch.xdc}, line 9).
---------------------------------------------------------------------------------
Finished applying 'set_property' XDC Constraints : Time (s): cpu = 00:00:27 ; elapsed = 00:00:31 . Memory (MB): peak = 1590.398 ; gain = 667.734
---------------------------------------------------------------------------------
WARNING: [Synth 8-6040] Register i_rtl.i_quarter_table.i_has_sin.i_addr_mod_stage1.mod_sin_addr_reg driving address of a ROM cannot be packed in BRAM/URAM because of presence of initial value.
---------------------------------------------------------------------------------
Finished RTL Optimization Phase 2 : Time (s): cpu = 00:00:28 ; elapsed = 00:00:31 . Memory (MB): peak = 1590.398 ; gain = 667.734
---------------------------------------------------------------------------------
---------------------------------------------------------------------------------
Start RTL Component Statistics 
---------------------------------------------------------------------------------
---------------------------------------------------------------------------------
Finished RTL Component Statistics 
---------------------------------------------------------------------------------
---------------------------------------------------------------------------------
Start Part Resource Summary
---------------------------------------------------------------------------------
Part Resources:
DSPs: 740 (col length:100)
BRAMs: 730 (col length: RAMB18 100 RAMB36 50)
---------------------------------------------------------------------------------
Finished Part Resource Summary
---------------------------------------------------------------------------------
---------------------------------------------------------------------------------
Start Cross Boundary and Area Optimization
---------------------------------------------------------------------------------
WARNING: [Synth 8-7080] Parallel synthesis criteria is not met
---------------------------------------------------------------------------------
Finished Cross Boundary and Area Optimization : Time (s): cpu = 00:00:30 ; elapsed = 00:00:34 . Memory (MB): peak = 1590.398 ; gain = 667.734
---------------------------------------------------------------------------------
---------------------------------------------------------------------------------
Start Applying XDC Timing Constraints
---------------------------------------------------------------------------------
---------------------------------------------------------------------------------
Finished Applying XDC Timing Constraints : Time (s): cpu = 00:00:35 ; elapsed = 00:00:39 . Memory (MB): peak = 1590.398 ; gain = 667.734
---------------------------------------------------------------------------------
---------------------------------------------------------------------------------
Start Timing Optimization
---------------------------------------------------------------------------------
---------------------------------------------------------------------------------
Finished Timing Optimization : Time (s): cpu = 00:00:36 ; elapsed = 00:00:40 . Memory (MB): peak = 1590.398 ; gain = 667.734
---------------------------------------------------------------------------------
---------------------------------------------------------------------------------
Start Technology Mapping
---------------------------------------------------------------------------------
---------------------------------------------------------------------------------
Finished Technology Mapping : Time (s): cpu = 00:00:36 ; elapsed = 00:00:40 . Memory (MB): peak = 1590.398 ; gain = 667.734
---------------------------------------------------------------------------------
---------------------------------------------------------------------------------
Start IO Insertion
---------------------------------------------------------------------------------
---------------------------------------------------------------------------------
Start Flattening Before IO Insertion
---------------------------------------------------------------------------------
---------------------------------------------------------------------------------
Finished Flattening Before IO Insertion
---------------------------------------------------------------------------------
---------------------------------------------------------------------------------
Start Final Netlist Cleanup
---------------------------------------------------------------------------------
---------------------------------------------------------------------------------
Finished Final Netlist Cleanup
---------------------------------------------------------------------------------
---------------------------------------------------------------------------------
Finished IO Insertion : Time (s): cpu = 00:00:41 ; elapsed = 00:00:45 . Memory (MB): peak = 1590.398 ; gain = 667.734
---------------------------------------------------------------------------------
---------------------------------------------------------------------------------
Start Renaming Generated Instances
---------------------------------------------------------------------------------
---------------------------------------------------------------------------------
Finished Renaming Generated Instances : Time (s): cpu = 00:00:41 ; elapsed = 00:00:45 . Memory (MB): peak = 1590.398 ; gain = 667.734
---------------------------------------------------------------------------------
---------------------------------------------------------------------------------
Start Rebuilding User Hierarchy
---------------------------------------------------------------------------------
---------------------------------------------------------------------------------
Finished Rebuilding User Hierarchy : Time (s): cpu = 00:00:41 ; elapsed = 00:00:45 . Memory (MB): peak = 1590.398 ; gain = 667.734
---------------------------------------------------------------------------------
---------------------------------------------------------------------------------
Start Renaming Generated Ports
---------------------------------------------------------------------------------
---------------------------------------------------------------------------------
Finished Renaming Generated Ports : Time (s): cpu = 00:00:41 ; elapsed = 00:00:45 . Memory (MB): peak = 1590.398 ; gain = 667.734
---------------------------------------------------------------------------------
---------------------------------------------------------------------------------
Start Handling Custom Attributes
---------------------------------------------------------------------------------
---------------------------------------------------------------------------------
Finished Handling Custom Attributes : Time (s): cpu = 00:00:41 ; elapsed = 00:00:45 . Memory (MB): peak = 1590.398 ; gain = 667.734
---------------------------------------------------------------------------------
---------------------------------------------------------------------------------
Start Renaming Generated Nets
---------------------------------------------------------------------------------
---------------------------------------------------------------------------------
Finished Renaming Generated Nets : Time (s): cpu = 00:00:41 ; elapsed = 00:00:45 . Memory (MB): peak = 1590.398 ; gain = 667.734
---------------------------------------------------------------------------------
---------------------------------------------------------------------------------
Start Writing Synthesis Report
---------------------------------------------------------------------------------

Report BlackBoxes: 
+-+--------------+----------+
| |BlackBox name |Instances |
+-+--------------+----------+
+-+--------------+----------+

Report Cell Usage: 
+------+---------+------+
|      |Cell     |Count |
+------+---------+------+
|1     |CARRY4   |     4|
|2     |LUT1     |     1|
|3     |LUT2     |    11|
|4     |LUT3     |    22|
|5     |LUT4     |    24|
|6     |LUT5     |    27|
|7     |LUT6     |    29|
|8     |RAMB18E1 |     1|
|9     |RAMB36E1 |     9|
|18    |SRL16E   |     4|
|19    |FDRE     |   170|
+------+---------+------+
---------------------------------------------------------------------------------
Finished Writing Synthesis Report : Time (s): cpu = 00:00:41 ; elapsed = 00:00:45 . Memory (MB): peak = 1590.398 ; gain = 667.734
---------------------------------------------------------------------------------
Synthesis finished with 0 errors, 0 critical warnings and 15 warnings.
Synthesis Optimization Runtime : Time (s): cpu = 00:00:20 ; elapsed = 00:00:42 . Memory (MB): peak = 1590.398 ; gain = 631.738
Synthesis Optimization Complete : Time (s): cpu = 00:00:41 ; elapsed = 00:00:45 . Memory (MB): peak = 1590.398 ; gain = 667.734
INFO: [Project 1-571] Translating synthesized netlist
Netlist sorting complete. Time (s): cpu = 00:00:00 ; elapsed = 00:00:00.006 . Memory (MB): peak = 1590.398 ; gain = 0.000
INFO: [Netlist 29-17] Analyzing 14 Unisim elements for replacement
INFO: [Netlist 29-28] Unisim Transformation completed in 0 CPU seconds
INFO: [Project 1-570] Preparing netlist for logic optimization
INFO: [Opt 31-138] Pushed 0 inverter(s) to 0 load pin(s).
Netlist sorting complete. Time (s): cpu = 00:00:00 ; elapsed = 00:00:00 . Memory (MB): peak = 1590.398 ; gain = 0.000
INFO: [Project 1-111] Unisim Transformation Summary:
No Unisim elements were transformed.

The system cannot find the path specified.
Synth Design complete | Checksum: b0692b7
INFO: [Common 17-83] Releasing license: Synthesis
20 Infos, 109 Warnings, 0 Critical Warnings and 0 Errors encountered.
synth_design completed successfully
INFO: [Common 17-600] The following parameters have non-default value.
tcl.statsThreshold
Write ShapeDB Complete: Time (s): cpu = 00:00:00 ; elapsed = 00:00:00.001 . Memory (MB): peak = 1590.398 ; gain = 0.000
INFO: [Common 17-1381] The checkpoint 'C:/Users/SODONNE8/Documents/GitHub/DIGITAL-SYSTEMS-DESIGN/LabA/tutorial code/project_A/project_A.runs/sine_high_synth_1/sine_high.dcp' has been generated.
INFO: [Coretcl 2-1648] Added synthesis output to IP cache for IP sine_high, cache-ID = 7a4ea1ae003b3aa7
INFO: [Coretcl 2-1174] Renamed 21 cell refs.
Write ShapeDB Complete: Time (s): cpu = 00:00:00 ; elapsed = 00:00:00.001 . Memory (MB): peak = 1590.398 ; gain = 0.000
INFO: [Common 17-1381] The checkpoint 'C:/Users/SODONNE8/Documents/GitHub/DIGITAL-SYSTEMS-DESIGN/LabA/tutorial code/project_A/project_A.runs/sine_high_synth_1/sine_high.dcp' has been generated.
INFO: [runtcl-4] Executing : report_utilization -file sine_high_utilization_synth.rpt -pb sine_high_utilization_synth.pb
INFO: [Common 17-206] Exiting Vivado at Wed Mar  5 17:23:01 2025...
