#
# A fatal error has been detected by the Java Runtime Environment:
#
#  EXCEPTION_ACCESS_VIOLATION (0xc0000005) at pc=0x00007ff906bf2db5, pid=10972, tid=22820
#
# JRE version: OpenJDK Runtime Environment Temurin-17.0.7+7 (17.0.7+7) (build 17.0.7+7)
# Java VM: OpenJDK 64-Bit Server VM Temurin-17.0.7+7 (17.0.7+7, mixed mode, sharing, tiered, compressed oops, compressed class ptrs, g1 gc, windows-amd64)
# Problematic frame:
# C  [librdi_filemgmt.dll+0x342db5]
#
# No core dump will be written. Minidumps are not enabled by default on client versions of Windows
#
# If you would like to submit a bug report, please visit:
#   https://github.com/adoptium/adoptium-support/issues
# The crash happened outside the Java Virtual Machine in native code.
# See problematic frame for where to report the bug.
#

---------------  S U M M A R Y ------------

Command Line: -Dsun.java2d.pmoffscreen=false -Dhttps.protocols=TLSv1,TLSv1.1,TLSv1.2 -Dsun.java2d.xrender=false -Dsun.java2d.d3d=false -Dsun.awt.nopixfmt=true -Dsun.java2d.dpiaware=true -Dsun.java2d.uiScale.enabled=false -Dswing.aatext=true -XX:-UsePerfData -Djdk.map.althashing.threshold=512 -XX:StringTableSize=4072 -XX:+UseStringDeduplication -XX:MaxGCPauseMillis=200 -XX:+ParallelRefProcEnabled --add-opens=java.desktop/javax.swing.plaf.synth=ALL-UNNAMED --add-opens=java.base/java.nio=ALL-UNNAMED --add-opens=java.desktop/sun.swing=ALL-UNNAMED --add-opens=java.desktop/javax.swing=ALL-UNNAMED --add-opens=java.desktop/javax.swing.tree=ALL-UNNAMED --add-opens=java.desktop/javax.swing.plaf.basic=ALL-UNNAMED --add-opens=java.desktop/javax.swing.plaf.synth=ALL-UNNAMED --add-opens=java.desktop/javax.swing.plaf.basic=ALL-UNNAMED --add-opens=java.desktop/javax.swing=ALL-UNNAMED --add-opens=java.desktop/javax.swing.tree=ALL-UNNAMED --add-opens=java.desktop/java.awt.event=ALL-UNNAMED --add-exports=java.desktop/javax.swing.plaf.synth=ALL-UNNAMED --add-exports=java.base/java.nio=ALL-UNNAMED --add-exports=java.desktop/sun.swing=ALL-UNNAMED --add-exports=java.desktop/javax.swing=ALL-UNNAMED --add-exports=java.desktop/javax.swing.tree=ALL-UNNAMED --add-exports=java.desktop/javax.swing.plaf.basic=ALL-UNNAMED --add-exports=java.desktop/sun.swing=ALL-UNNAMED --add-exports=java.desktop/sun.swing.table=ALL-UNNAMED --add-exports=java.desktop/sun.swing.plaf.synth=ALL-UNNAMED --add-exports=java.desktop/sun.awt.shell=ALL-UNNAMED --add-exports=java.base/sun.security.action=ALL-UNNAMED --add-exports=java.desktop/sun.font=ALL-UNNAMED -XX:NewSize=80m -XX:MaxNewSize=80m -Xms512m -Xmx4072m -Xss10m 

Host: 12th Gen Intel(R) Core(TM) i7-1250U, 12 cores, 15G,  Windows 11 , 64 bit Build 26100 (10.0.26100.3323)
Time: Mon Apr  7 15:32:47 2025 GMT Daylight Time elapsed time: 2861.894797 seconds (0d 0h 47m 41s)

---------------  T H R E A D  ---------------

Current thread (0x000001d3f43a1720):  JavaThread "AWT-EventQueue-0" [_thread_in_native, id=22820, stack(0x0000008581e00000,0x0000008582800000)]

Stack: [0x0000008581e00000,0x0000008582800000],  sp=0x00000085827fea00,  free space=10234k
Native frames: (J=compiled Java code, j=interpreted, Vv=VM code, C=native code)
C  [librdi_filemgmt.dll+0x342db5]
C  [librdi_filemgmt.dll+0x341605]
C  [librdi_filemgmt.dll+0x35e57f]
C  0x000001d3dbb5d621

Java frames: (J=compiled Java code, j=interpreted, Vv=VM code)
j  ui.data.srcscan.srcscani.EditorAssist_createFoldInfoIter(JLjava/lang/String;)J+0
j  ui.j.a.a.ZN(Ljava/lang/String;)J+14
j  ui.j.a.c.a(Ljava/net/URI;)V+26
j  ui.j.a.a.ZK(Ljava/lang/String;)V+8
j  ui.views.W.a.a.ayx(Ljava/lang/String;)V+27
j  ui.views.W.a.a.ldn()V+43
j  ui.views.W.a.h.aPQ()V+20
J 12565 c1 ui.frmwork.z.run()V (15 bytes) @ 0x000001d3d5161f7c [0x000001d3d5161b00+0x000000000000047c]
J 12504 c2 java.awt.EventQueue.dispatchEvent(Ljava/awt/AWTEvent;)V java.desktop@17.0.7 (80 bytes) @ 0x000001d3dc7710f0 [0x000001d3dc770ae0+0x0000000000000610]
J 15231 c2 ui.frmwork.a.d.dispatchEvent(Ljava/awt/AWTEvent;)V (42 bytes) @ 0x000001d3dcbf40ac [0x000001d3dcbf3fc0+0x00000000000000ec]
J 14346 c2 java.awt.EventDispatchThread.pumpOneEventForFilters(I)V java.desktop@17.0.7 (113 bytes) @ 0x000001d3dc7fcaf0 [0x000001d3dc7fbc20+0x0000000000000ed0]
j  java.awt.EventDispatchThread.pumpEventsForFilter(ILjava/awt/Conditional;Ljava/awt/EventFilter;)V+35 java.desktop@17.0.7
j  java.awt.EventDispatchThread.pumpEventsForHierarchy(ILjava/awt/Conditional;Ljava/awt/Component;)V+11 java.desktop@17.0.7
j  java.awt.EventDispatchThread.pumpEvents(ILjava/awt/Conditional;)V+4 java.desktop@17.0.7
j  java.awt.EventDispatchThread.pumpEvents(Ljava/awt/Conditional;)V+3 java.desktop@17.0.7
j  java.awt.EventDispatchThread.run()V+9 java.desktop@17.0.7
v  ~StubRoutines::call_stub

siginfo: EXCEPTION_ACCESS_VIOLATION (0xc0000005), reading address 0xffffffffffffffff


Register to memory mapping:

RIP=0x00007ff906bf2db5 librdi_filemgmt.dll
RAX=0x0 is NULL
RBX=0x000001d3f7c5a358 points into unknown readable memory: 0x6d65542f6c61636f | 6f 63 61 6c 2f 54 65 6d
RCX=0x00000085827fea48 is pointing into the stack for thread: 0x000001d3f43a1720
RDX=0x6d65542f6c61636f is an unknown value
RSP=0x00000085827fea00 is pointing into the stack for thread: 0x000001d3f43a1720
RBP=0x00000085827feb50 is pointing into the stack for thread: 0x000001d3f43a1720
RSI=0x0 is NULL
RDI=0x000001d390795040 points into unknown readable memory: 0x00007ff906ddc890 | 90 c8 dd 06 f9 7f 00 00
R8 =0x0 is NULL
R9 =0x00000085f6c3c000 points into unknown readable memory: 0x0000000000000000 | 00 00 00 00 00 00 00 00
R10=0x000001d3c1b40000 points into unknown readable memory: 0x0000000000000000 | 00 00 00 00 00 00 00 00
R11=0x00000085827fc930 is pointing into the stack for thread: 0x000001d3f43a1720
R12=0x00000085827fece8 is pointing into the stack for thread: 0x000001d3f43a1720
R13=0x000001d3f4e57de0 points into unknown readable memory: 0x000001d39037d7c0 | c0 d7 37 90 d3 01 00 00
R14=0x0 is NULL
R15=0x000001d3935fb080 points into unknown readable memory: 0x005c003f003f005c | 5c 00 3f 00 3f 00 5c 00


Registers:
RAX=0x0000000000000000, RBX=0x000001d3f7c5a358, RCX=0x00000085827fea48, RDX=0x6d65542f6c61636f
RSP=0x00000085827fea00, RBP=0x00000085827feb50, RSI=0x0000000000000000, RDI=0x000001d390795040
R8 =0x0000000000000000, R9 =0x00000085f6c3c000, R10=0x000001d3c1b40000, R11=0x00000085827fc930
R12=0x00000085827fece8, R13=0x000001d3f4e57de0, R14=0x0000000000000000, R15=0x000001d3935fb080
RIP=0x00007ff906bf2db5, EFLAGS=0x0000000000010256

Top of Stack: (sp=0x00000085827fea00)
0x00000085827fea00:   0000000000000000 000001d3f7c5a350
0x00000085827fea10:   000001d3f7c5a350 00000085827feb50
0x00000085827fea20:   fffffffffffffffe 000001d393072600
0x00000085827fea30:   762e5253464c5c77 0000000000000000
0x00000085827fea40:   000000000000000f 000001d393072600
0x00000085827fea50:   762e5253464c5c77 0000000000000000
0x00000085827fea60:   000000000000000f 0000e12e3bb54ae9
0x00000085827fea70:   0000000000000078 000001d3f4e57de0
0x00000085827fea80:   00000085827feb50 00007ff906bf1605
0x00000085827fea90:   000001d3935fb080 00007ff9069fa624
0x00000085827feaa0:   0000000000000078 000001d390795040
0x00000085827feab0:   000000071d1a02f8 00007ff900000000
0x00000085827feac0:   0000f16c1f964e49 0000f16c1f964d49
0x00000085827fead0:   000001d3935fb080 000001d3f4e57de0
0x00000085827feae0:   00000085827fece8 0000000000000001
0x00000085827feaf0:   000001d3f43a19c8 00000085827fecc8 

Instructions: (pc=0x00007ff906bf2db5)
0x00007ff906bf2cb5:   c2 48 8b 4c 24 30 48 8b c1 48 81 fa 00 10 00 00
0x00007ff906bf2cc5:   72 1c 48 83 c2 27 48 8b 49 f8 48 2b c1 48 83 c0
0x00007ff906bf2cd5:   f8 48 83 f8 1f 76 07 ff 15 4e eb 19 00 cc e8 74
0x00007ff906bf2ce5:   b3 08 00 66 0f 6f 05 d0 33 1a 00 f3 0f 7f 44 24
0x00007ff906bf2cf5:   40 c6 44 24 30 00 48 8b cb e8 33 b2 08 00 85 c0
0x00007ff906bf2d05:   74 08 8b c8 e8 2e b2 08 00 90 48 8b c6 48 8b 4c
0x00007ff906bf2d15:   24 50 48 33 cc e8 81 b7 08 00 48 8b 9c 24 98 00
0x00007ff906bf2d25:   00 00 48 83 c4 60 5f 5e 5d c3 cc b8 02 00 00 00
0x00007ff906bf2d35:   c3 cc cc cc cc cc cc cc cc cc cc 48 8b c4 56 57
0x00007ff906bf2d45:   41 56 48 83 ec 70 48 c7 40 98 fe ff ff ff 48 89
0x00007ff906bf2d55:   58 18 48 89 68 20 48 8b 05 2e bf 3f 00 48 33 c4
0x00007ff906bf2d65:   48 89 44 24 68 48 8b ea 48 8b f9 48 8b 01 ff 50
0x00007ff906bf2d75:   08 8b f0 85 c0 0f 85 1b 01 00 00 48 8b 5f 08 48
0x00007ff906bf2d85:   83 c3 08 48 3b 5f 10 0f 84 09 01 00 00 45 33 f6
0x00007ff906bf2d95:   48 8b 13 4c 89 74 24 38 48 c7 44 24 40 0f 00 00
0x00007ff906bf2da5:   00 c6 44 24 28 00 49 c7 c0 ff ff ff ff 49 ff c0
0x00007ff906bf2db5:   42 80 3c 02 00 75 f6 48 8d 4c 24 28 e8 ea 24 ce
0x00007ff906bf2dc5:   ff 90 48 8d 54 24 28 48 8d 4c 24 48 ff 15 89 f6
0x00007ff906bf2dd5:   19 00 90 48 8b d5 48 8d 4c 24 48 ff 15 ba f3 19
0x00007ff906bf2de5:   00 84 c0 75 55 48 8d 4c 24 48 ff 15 93 f5 19 00
0x00007ff906bf2df5:   90 48 8b 54 24 40 48 83 fa 10 72 2e 48 ff c2 48
0x00007ff906bf2e05:   8b 4c 24 28 48 8b c1 48 81 fa 00 10 00 00 72 15
0x00007ff906bf2e15:   48 83 c2 27 48 8b 49 f8 48 2b c1 48 83 c0 f8 48
0x00007ff906bf2e25:   83 f8 1f 77 65 e8 2d b2 08 00 48 83 c3 08 48 3b
0x00007ff906bf2e35:   5f 10 0f 85 58 ff ff ff eb 5c 48 8b 07 48 8d 54
0x00007ff906bf2e45:   24 28 48 8b cf ff 50 08 8b f0 48 8d 4c 24 48 ff
0x00007ff906bf2e55:   15 2e f5 19 00 90 48 8b 54 24 40 48 83 fa 10 72
0x00007ff906bf2e65:   35 48 ff c2 48 8b 4c 24 28 48 8b c1 48 81 fa 00
0x00007ff906bf2e75:   10 00 00 72 1c 48 83 c2 27 48 8b 49 f8 48 2b c1
0x00007ff906bf2e85:   48 83 c0 f8 48 83 f8 1f 76 07 ff 15 9b e9 19 00
0x00007ff906bf2e95:   cc e8 c1 b1 08 00 8b c6 48 8b 4c 24 68 48 33 cc
0x00007ff906bf2ea5:   e8 f6 b5 08 00 4c 8d 5c 24 70 49 8b 5b 30 49 8b 


Stack slot to memory mapping:
stack at sp + 0 slots: 0x0 is NULL
stack at sp + 1 slots: 0x000001d3f7c5a350 points into unknown readable memory: 0x4c2f617461447070 | 70 70 44 61 74 61 2f 4c
stack at sp + 2 slots: 0x000001d3f7c5a350 points into unknown readable memory: 0x4c2f617461447070 | 70 70 44 61 74 61 2f 4c
stack at sp + 3 slots: 0x00000085827feb50 is pointing into the stack for thread: 0x000001d3f43a1720
stack at sp + 4 slots: 0xfffffffffffffffe is an unknown value
stack at sp + 5 slots: 0x000001d393072600 points into unknown readable memory: 0x000001d38e456fd0 | d0 6f 45 8e d3 01 00 00
stack at sp + 6 slots: 0x762e5253464c5c77 is an unknown value
stack at sp + 7 slots: 0x0 is NULL


---------------  P R O C E S S  ---------------

Threads class SMR info:
_java_thread_list=0x000001d393074b90, length=57, elements={
0x000001d3cbf278c0, 0x000001d3cc9976e0, 0x000001d3cc99aff0, 0x000001d3cc9aec70,
0x000001d3cc9af530, 0x000001d3cc9b1230, 0x000001d3cc9b2300, 0x000001d3cc9c30e0,
0x000001d3cc9c5e20, 0x000001d3cc9dc3f0, 0x000001d3ccbfdf70, 0x000001d3ccbfe850,
0x000001d3cca65b40, 0x000001d3f44affd0, 0x000001d3f5b56bc0, 0x000001d3f4942b00,
0x000001d3f43a1720, 0x000001d3f4c7c150, 0x000001d3f4c7bc80, 0x000001d3f4c7caf0,
0x000001d3f4c7de30, 0x000001d3f9289a00, 0x000001d3f928a870, 0x000001d3f7641ef0,
0x000001d3f7644570, 0x000001d3fd03b350, 0x000001d3fd03fb80, 0x000001d38f68e330,
0x000001d38f68b310, 0x000001d38f68bcb0, 0x000001d38f68cb20, 0x000001d38f690010,
0x000001d38f6909b0, 0x000001d38f68fb40, 0x000001d38f6904e0, 0x000001d38f68d4c0,
0x000001d38f691820, 0x000001d38f691cf0, 0x000001d38f693500, 0x000001d38f6939d0,
0x000001d382c9cf40, 0x000001d382c9b260, 0x000001d382c9fa90, 0x000001d382c9d8e0,
0x000001d382ca0430, 0x000001d382c9ddb0, 0x000001d382ca12a0, 0x000001d382ca1c40,
0x000001d382c9f0f0, 0x000001d382c9ff60, 0x000001d382ca1770, 0x000001d382c9e280,
0x000001d382c9f5c0, 0x000001d382ca42c0, 0x000001d382ca9960, 0x000001d382ca8620,
0x000001d382ca72e0
}

Java Threads: ( => current thread )
  0x000001d3cbf278c0 JavaThread "main" [_thread_blocked, id=25160, stack(0x00000085f8d00000,0x00000085f8e00000)]
  0x000001d3cc9976e0 JavaThread "Reference Handler" daemon [_thread_blocked, id=21816, stack(0x00000085f9500000,0x00000085f9f00000)]
  0x000001d3cc99aff0 JavaThread "Finalizer" daemon [_thread_blocked, id=29296, stack(0x00000085f9f00000,0x00000085fa900000)]
  0x000001d3cc9aec70 JavaThread "Signal Dispatcher" daemon [_thread_blocked, id=14584, stack(0x00000085fa900000,0x00000085fb300000)]
  0x000001d3cc9af530 JavaThread "Attach Listener" daemon [_thread_blocked, id=3172, stack(0x00000085fb300000,0x00000085fbd00000)]
  0x000001d3cc9b1230 JavaThread "Service Thread" daemon [_thread_blocked, id=14620, stack(0x00000085fbd00000,0x00000085fc700000)]
  0x000001d3cc9b2300 JavaThread "Monitor Deflation Thread" daemon [_thread_blocked, id=8660, stack(0x00000085fc700000,0x00000085fd100000)]
  0x000001d3cc9c30e0 JavaThread "C2 CompilerThread0" daemon [_thread_blocked, id=30248, stack(0x00000085fd100000,0x00000085fd200000)]
  0x000001d3cc9c5e20 JavaThread "C1 CompilerThread0" daemon [_thread_blocked, id=26460, stack(0x00000085fd200000,0x00000085fd300000)]
  0x000001d3cc9dc3f0 JavaThread "Sweeper thread" daemon [_thread_blocked, id=29852, stack(0x00000085fd300000,0x00000085fdd00000)]
  0x000001d3ccbfdf70 JavaThread "Common-Cleaner" daemon [_thread_blocked, id=16404, stack(0x00000085fdd00000,0x00000085fe700000)]
  0x000001d3ccbfe850 JavaThread "Notification Thread" daemon [_thread_blocked, id=28648, stack(0x00000085fe700000,0x00000085ff100000)]
  0x000001d3cca65b40 JavaThread "Java2D Disposer" daemon [_thread_blocked, id=28588, stack(0x00000085ff200000,0x00000085ffc00000)]
  0x000001d3f44affd0 JavaThread "AWT-Windows" daemon [_thread_in_native, id=19712, stack(0x0000008580a00000,0x0000008581400000)]
  0x000001d3f5b56bc0 JavaThread "TimerQueue" daemon [_thread_blocked, id=17080, stack(0x0000008580000000,0x0000008580a00000)]
  0x000001d3f4942b00 JavaThread "AWT-Shutdown" [_thread_blocked, id=26240, stack(0x0000008581400000,0x0000008581e00000)]
=>0x000001d3f43a1720 JavaThread "AWT-EventQueue-0" [_thread_in_native, id=22820, stack(0x0000008581e00000,0x0000008582800000)]
  0x000001d3f4c7c150 JavaThread "Thread-1" [_thread_in_native, id=2424, stack(0x00000085f7500000,0x00000085f8900000)]
  0x000001d3f4c7bc80 JavaThread "Process Messages Thread" [_thread_blocked, id=25164, stack(0x0000008584500000,0x0000008584f00000)]
  0x000001d3f4c7caf0 JavaThread "Batik CleanerThread" daemon [_thread_blocked, id=13456, stack(0x0000008584f00000,0x0000008585900000)]
  0x000001d3f4c7de30 JavaThread "SyntheticaCleanerThread" daemon [_thread_blocked, id=28652, stack(0x0000008586300000,0x0000008586d00000)]
  0x000001d3f9289a00 JavaThread "Timer-0" [_thread_blocked, id=4608, stack(0x0000008582800000,0x0000008583200000)]
  0x000001d3f928a870 JavaThread "Monitor File Timestamp Swing Worker Thread" [_thread_blocked, id=8332, stack(0x0000008587700000,0x0000008588100000)]
  0x000001d3f7641ef0 JavaThread "Monitor HEventQueue Thread" [_thread_blocked, id=20544, stack(0x0000008585900000,0x0000008586300000)]
  0x000001d3f7644570 JavaThread "SyntheticaAnimation 50" daemon [_thread_blocked, id=428, stack(0x0000008588100000,0x0000008588b00000)]
  0x000001d3fd03b350 JavaThread "SyntheticaAnimation 25" daemon [_thread_blocked, id=23156, stack(0x0000008588b00000,0x0000008589500000)]
  0x000001d3fd03fb80 JavaThread "SyntheticaAnimation 70" daemon [_thread_blocked, id=11900, stack(0x0000008589f00000,0x000000858a900000)]
  0x000001d38f68e330 JavaThread "Refresh Filesets Swing Worker Thread" [_thread_blocked, id=29496, stack(0x0000008586d00000,0x0000008587700000)]
  0x000001d38f68b310 JavaThread "hw_ila_monitor" [_thread_blocked, id=26704, stack(0x000000858a900000,0x000000858b300000)]
  0x000001d38f68bcb0 JavaThread "pool-1-thread-1" [_thread_blocked, id=28456, stack(0x000000858c700000,0x000000858d100000)]
  0x000001d38f68cb20 JavaThread "Timer-1" [_thread_blocked, id=27944, stack(0x000000858d100000,0x000000858db00000)]
  0x000001d38f690010 JavaThread "pool-2-thread-1" [_thread_blocked, id=30692, stack(0x000000858db00000,0x000000858e500000)]
  0x000001d38f6909b0 JavaThread "Timer-2" [_thread_blocked, id=30636, stack(0x000000858e500000,0x000000858ef00000)]
  0x000001d38f68fb40 JavaThread "pool-3-thread-1" [_thread_blocked, id=8248, stack(0x000000858ef00000,0x000000858f900000)]
  0x000001d38f6904e0 JavaThread "Timer-3" [_thread_blocked, id=16416, stack(0x000000858f900000,0x0000008590300000)]
  0x000001d38f68d4c0 JavaThread "Update Runs Swing Worker Thread" [_thread_blocked, id=10188, stack(0x0000008590300000,0x0000008590d00000)]
  0x000001d38f691820 JavaThread "SyntheticaAnimation 50" daemon [_thread_blocked, id=26400, stack(0x0000008589500000,0x0000008589f00000)]
  0x000001d38f691cf0 JavaThread "Image Animator 3" daemon [_thread_blocked, id=30116, stack(0x000000858b300000,0x000000858bd00000)]
  0x000001d38f693500 JavaThread "Timer-4" [_thread_blocked, id=24680, stack(0x000000858bd00000,0x000000858c700000)]
  0x000001d38f6939d0 JavaThread "Monitor File Timestamp Swing Worker Thread" [_thread_blocked, id=29784, stack(0x0000008590d00000,0x0000008591700000)]
  0x000001d382c9cf40 JavaThread "Timer-5" [_thread_blocked, id=18316, stack(0x0000008591700000,0x0000008592100000)]
  0x000001d382c9b260 JavaThread "Monitor File Timestamp Swing Worker Thread" [_thread_blocked, id=25760, stack(0x0000008592100000,0x0000008592b00000)]
  0x000001d382c9fa90 JavaThread "Timer-6" [_thread_blocked, id=1560, stack(0x0000008592b00000,0x0000008593500000)]
  0x000001d382c9d8e0 JavaThread "Monitor File Timestamp Swing Worker Thread" [_thread_blocked, id=25504, stack(0x0000008593f00000,0x0000008594900000)]
  0x000001d382ca0430 JavaThread "Timer-7" [_thread_blocked, id=13552, stack(0x0000008594900000,0x0000008595300000)]
  0x000001d382c9ddb0 JavaThread "Monitor File Timestamp Swing Worker Thread" [_thread_blocked, id=25480, stack(0x0000008595300000,0x0000008595d00000)]
  0x000001d382ca12a0 JavaThread "Timer-8" [_thread_blocked, id=26112, stack(0x0000008596700000,0x0000008597100000)]
  0x000001d382ca1c40 JavaThread "Monitor File Timestamp Swing Worker Thread" [_thread_blocked, id=18772, stack(0x0000008597100000,0x0000008597b00000)]
  0x000001d382c9f0f0 JavaThread "Timer-10" [_thread_blocked, id=21408, stack(0x0000008598f00000,0x0000008599900000)]
  0x000001d382c9ff60 JavaThread "Monitor File Timestamp Swing Worker Thread" [_thread_blocked, id=17540, stack(0x0000008599900000,0x000000859a300000)]
  0x000001d382ca1770 JavaThread "Timer-11" [_thread_blocked, id=3904, stack(0x000000859a300000,0x000000859ad00000)]
  0x000001d382c9e280 JavaThread "Monitor File Timestamp Swing Worker Thread" [_thread_blocked, id=28036, stack(0x000000859ad00000,0x000000859b700000)]
  0x000001d382c9f5c0 JavaThread "Timer-13" [_thread_blocked, id=6060, stack(0x0000008597b00000,0x0000008598500000)]
  0x000001d382ca42c0 JavaThread "Timer-14" [_thread_blocked, id=6860, stack(0x0000008593500000,0x0000008593f00000)]
  0x000001d382ca9960 JavaThread "Monitor File Timestamp Swing Worker Thread" [_thread_blocked, id=25684, stack(0x0000008595d00000,0x0000008596700000)]
  0x000001d382ca8620 JavaThread "Code Inspector Thread" [_thread_in_native, id=27380, stack(0x0000008598500000,0x0000008598f00000)]
  0x000001d382ca72e0 JavaThread "Code Inspector Thread" [_thread_in_native, id=14068, stack(0x000000859c100000,0x000000859cb00000)]

Other Threads:
  0x000001d3c92b3820 VMThread "VM Thread" [stack: 0x00000085f9400000,0x00000085f9500000] [id=27068]
  0x000001d3cbe7d2f0 WatcherThread [stack: 0x00000085ff100000,0x00000085ff200000] [id=1344]
  0x000001d3cb29a2d0 GCTaskThread "GC Thread#0" [stack: 0x00000085f8e00000,0x00000085f8f00000] [id=15604]
  0x000001d3cb29b850 GCTaskThread "GC Thread#1" [stack: 0x00000085ffd00000,0x00000085ffe00000] [id=30020]
  0x000001d3cb29d890 GCTaskThread "GC Thread#2" [stack: 0x00000085ffe00000,0x00000085fff00000] [id=20576]
  0x000001d3cb29c870 GCTaskThread "GC Thread#3" [stack: 0x00000085fff00000,0x0000008600000000] [id=19972]
  0x000001d3cb29cb20 GCTaskThread "GC Thread#4" [stack: 0x0000008583200000,0x0000008583300000] [id=1060]
  0x000001d3cb29b2f0 GCTaskThread "GC Thread#5" [stack: 0x0000008583300000,0x0000008583400000] [id=7528]
  0x000001d3cb29d330 GCTaskThread "GC Thread#6" [stack: 0x0000008583400000,0x0000008583500000] [id=8600]
  0x000001d3cb29ddf0 GCTaskThread "GC Thread#7" [stack: 0x0000008583500000,0x0000008583600000] [id=16116]
  0x000001d3cb29d5e0 GCTaskThread "GC Thread#8" [stack: 0x0000008583600000,0x0000008583700000] [id=30316]
  0x000001d3cb29a020 GCTaskThread "GC Thread#9" [stack: 0x0000008583700000,0x0000008583800000] [id=21308]
  0x000001d3cc70d650 ConcurrentGCThread "G1 Main Marker" [stack: 0x00000085f8f00000,0x00000085f9000000] [id=18292]
  0x000001d3cb29d080 ConcurrentGCThread "G1 Conc#0" [stack: 0x00000085f9000000,0x00000085f9100000] [id=26756]
  0x000001d3cb29e8b0 ConcurrentGCThread "G1 Conc#1" [stack: 0x0000008583a00000,0x0000008583b00000] [id=24400]
  0x000001d3cb29b5a0 ConcurrentGCThread "G1 Conc#2" [stack: 0x0000008583b00000,0x0000008583c00000] [id=18836]
  0x000001d3cc8ba010 ConcurrentGCThread "G1 Refine#0" [stack: 0x00000085f9100000,0x00000085f9200000] [id=26792]
  0x000001d3f4281a30 ConcurrentGCThread "G1 Refine#1" [stack: 0x0000008583800000,0x0000008583900000] [id=28592]
  0x000001d3cc8ba6e0 ConcurrentGCThread "G1 Service" [stack: 0x00000085f9200000,0x00000085f9300000] [id=17740]
  0x000001d3cb29bb00 ConcurrentGCThread "StringDedupProcessor" [stack: 0x00000085f9300000,0x00000085f9400000] [id=13784]

Threads with active compile tasks:

VM state: not at safepoint (normal execution)

VM Mutex/Monitor currently owned by a thread: None

Heap address: 0x0000000701800000, size: 4072 MB, Compressed Oops mode: Zero based, Oop shift amount: 3

CDS archive(s) mapped at: [0x0000000800000000-0x0000000800bc0000-0x0000000800bc0000), size 12320768, SharedBaseAddress: 0x0000000800000000, ArchiveRelocationMode: 0.
Compressed class space mapped at: 0x0000000801000000-0x0000000841000000, reserved size: 1073741824
Narrow klass base: 0x0000000800000000, Narrow klass shift: 0, Narrow klass range: 0x100000000

GC Precious Log:
 CPUs: 12 total, 12 available
 Memory: 16004M
 Large Page Support: Disabled
 NUMA Support: Disabled
 Compressed Oops: Enabled (Zero based)
 Heap Region Size: 2M
 Heap Min Capacity: 512M
 Heap Initial Capacity: 512M
 Heap Max Capacity: 4072M
 Pre-touch: Disabled
 Parallel Workers: 10
 Concurrent Workers: 3
 Concurrent Refinement Workers: 10
 Periodic GC: Disabled
 String Deduplication is enabled

Heap:
 garbage-first heap   total 524288K, used 168619K [0x0000000701800000, 0x0000000800000000)
  region size 2048K, 38 young (77824K), 1 survivors (2048K)
 Metaspace       used 77862K, committed 78464K, reserved 1179648K
  class space    used 10830K, committed 11136K, reserved 1048576K

Heap Regions: E=young(eden), S=young(survivor), O=old, HS=humongous(starts), HC=humongous(continues), CS=collection set, F=free, OA=open archive, CA=closed archive, TAMS=top-at-mark-start (previous, next)
|   0|0x0000000701800000, 0x0000000701a00000, 0x0000000701a00000|100%|HS|  |TAMS 0x0000000701a00000, 0x0000000701800000| Untracked 
|   1|0x0000000701a00000, 0x0000000701bffff0, 0x0000000701c00000| 99%| O|  |TAMS 0x0000000701bffff0, 0x0000000701a00000| Untracked 
|   2|0x0000000701c00000, 0x0000000701e00000, 0x0000000701e00000|100%| O|  |TAMS 0x0000000701e00000, 0x0000000701c00000| Untracked 
|   3|0x0000000701e00000, 0x0000000701fffff0, 0x0000000702000000| 99%| O|  |TAMS 0x0000000701fffff0, 0x0000000701e00000| Untracked 
|   4|0x0000000702000000, 0x00000007021ffff8, 0x0000000702200000| 99%| O|  |TAMS 0x00000007021ffff8, 0x0000000702000000| Untracked 
|   5|0x0000000702200000, 0x00000007023ffff0, 0x0000000702400000| 99%| O|  |TAMS 0x00000007023ffff0, 0x0000000702200000| Untracked 
|   6|0x0000000702400000, 0x00000007025fffa0, 0x0000000702600000| 99%| O|  |TAMS 0x00000007025fffa0, 0x0000000702400000| Untracked 
|   7|0x0000000702600000, 0x00000007027fffd0, 0x0000000702800000| 99%| O|  |TAMS 0x00000007027fffd0, 0x0000000702600000| Untracked 
|   8|0x0000000702800000, 0x0000000702a00000, 0x0000000702a00000|100%| O|  |TAMS 0x0000000702a00000, 0x0000000702800000| Untracked 
|   9|0x0000000702a00000, 0x0000000702bfd770, 0x0000000702c00000| 99%| O|  |TAMS 0x0000000702bfd770, 0x0000000702a00000| Untracked 
|  10|0x0000000702c00000, 0x0000000702e00000, 0x0000000702e00000|100%| O|  |TAMS 0x0000000702e00000, 0x0000000702c00000| Untracked 
|  11|0x0000000702e00000, 0x0000000702ffffb8, 0x0000000703000000| 99%| O|  |TAMS 0x0000000702e00000, 0x0000000702e00000| Untracked 
|  12|0x0000000703000000, 0x0000000703200000, 0x0000000703200000|100%| O|  |TAMS 0x0000000703200000, 0x0000000703000000| Untracked 
|  13|0x0000000703200000, 0x00000007033ffff0, 0x0000000703400000| 99%| O|  |TAMS 0x00000007033ffff0, 0x0000000703200000| Untracked 
|  14|0x0000000703400000, 0x00000007035fffe8, 0x0000000703600000| 99%| O|  |TAMS 0x00000007035fffe8, 0x0000000703400000| Untracked 
|  15|0x0000000703600000, 0x0000000703800000, 0x0000000703800000|100%|HS|  |TAMS 0x0000000703800000, 0x0000000703600000| Untracked 
|  16|0x0000000703800000, 0x0000000703a00000, 0x0000000703a00000|100%|HC|  |TAMS 0x0000000703a00000, 0x0000000703800000| Untracked 
|  17|0x0000000703a00000, 0x0000000703c00000, 0x0000000703c00000|100%|HC|  |TAMS 0x0000000703c00000, 0x0000000703a00000| Untracked 
|  18|0x0000000703c00000, 0x0000000703e00000, 0x0000000703e00000|100%|HC|  |TAMS 0x0000000703e00000, 0x0000000703c00000| Untracked 
|  19|0x0000000703e00000, 0x0000000704000000, 0x0000000704000000|100%|HC|  |TAMS 0x0000000704000000, 0x0000000703e00000| Untracked 
|  20|0x0000000704000000, 0x0000000704200000, 0x0000000704200000|100%|HC|  |TAMS 0x0000000704200000, 0x0000000704000000| Untracked 
|  21|0x0000000704200000, 0x00000007043c8d58, 0x0000000704400000| 89%| O|  |TAMS 0x0000000704200000, 0x0000000704200000| Untracked 
|  22|0x0000000704400000, 0x00000007045fcc40, 0x0000000704600000| 99%| O|  |TAMS 0x00000007045fcc40, 0x0000000704400000| Untracked 
|  23|0x0000000704600000, 0x00000007047ffff8, 0x0000000704800000| 99%| O|  |TAMS 0x0000000704600000, 0x0000000704600000| Untracked 
|  24|0x0000000704800000, 0x00000007049ffff8, 0x0000000704a00000| 99%| O|  |TAMS 0x00000007049ffff8, 0x0000000704800000| Untracked 
|  25|0x0000000704a00000, 0x0000000704bffea8, 0x0000000704c00000| 99%| O|  |TAMS 0x0000000704a00000, 0x0000000704a00000| Untracked 
|  26|0x0000000704c00000, 0x0000000704dfffe8, 0x0000000704e00000| 99%| O|  |TAMS 0x0000000704c00000, 0x0000000704c00000| Untracked 
|  27|0x0000000704e00000, 0x0000000704ff66e0, 0x0000000705000000| 98%| O|  |TAMS 0x0000000704e00000, 0x0000000704e00000| Untracked 
|  28|0x0000000705000000, 0x00000007051d5620, 0x0000000705200000| 91%| O|  |TAMS 0x0000000705000000, 0x0000000705000000| Untracked 
|  29|0x0000000705200000, 0x0000000705305928, 0x0000000705400000| 51%| O|  |TAMS 0x0000000705200000, 0x0000000705200000| Untracked 
|  30|0x0000000705400000, 0x00000007054b17b0, 0x0000000705600000| 34%| O|  |TAMS 0x0000000705400000, 0x0000000705400000| Untracked 
|  31|0x0000000705600000, 0x00000007057c18c8, 0x0000000705800000| 87%| O|  |TAMS 0x0000000705600000, 0x0000000705600000| Untracked 
|  32|0x0000000705800000, 0x000000070599b3c8, 0x0000000705a00000| 80%| O|  |TAMS 0x0000000705800000, 0x0000000705800000| Untracked 
|  33|0x0000000705a00000, 0x0000000705c00000, 0x0000000705c00000|100%|HS|  |TAMS 0x0000000705c00000, 0x0000000705a00000| Untracked 
|  34|0x0000000705c00000, 0x0000000705c00000, 0x0000000705e00000|  0%| F|  |TAMS 0x0000000705c00000, 0x0000000705c00000| Untracked 
|  35|0x0000000705e00000, 0x0000000706000000, 0x0000000706000000|100%| O|  |TAMS 0x0000000706000000, 0x0000000705e00000| Untracked 
|  36|0x0000000706000000, 0x0000000706000000, 0x0000000706200000|  0%| F|  |TAMS 0x0000000706000000, 0x0000000706000000| Untracked 
|  37|0x0000000706200000, 0x0000000706200000, 0x0000000706400000|  0%| F|  |TAMS 0x0000000706200000, 0x0000000706200000| Untracked 
|  38|0x0000000706400000, 0x0000000706552b38, 0x0000000706600000| 66%| O|  |TAMS 0x0000000706400000, 0x0000000706400000| Untracked 
|  39|0x0000000706600000, 0x0000000706767c40, 0x0000000706800000| 70%| O|  |TAMS 0x0000000706600000, 0x0000000706600000| Untracked 
|  40|0x0000000706800000, 0x0000000706a00000, 0x0000000706a00000|100%|HS|  |TAMS 0x0000000706800000, 0x0000000706800000| Complete 
|  41|0x0000000706a00000, 0x0000000706c00000, 0x0000000706c00000|100%|HC|  |TAMS 0x0000000706a00000, 0x0000000706a00000| Complete 
|  42|0x0000000706c00000, 0x0000000706e00000, 0x0000000706e00000|100%|HC|  |TAMS 0x0000000706c00000, 0x0000000706c00000| Complete 
|  43|0x0000000706e00000, 0x0000000707000000, 0x0000000707000000|100%|HC|  |TAMS 0x0000000706e00000, 0x0000000706e00000| Complete 
|  44|0x0000000707000000, 0x0000000707200000, 0x0000000707200000|100%|HC|  |TAMS 0x0000000707000000, 0x0000000707000000| Complete 
|  45|0x0000000707200000, 0x0000000707200000, 0x0000000707400000|  0%| F|  |TAMS 0x0000000707200000, 0x0000000707200000| Untracked 
|  46|0x0000000707400000, 0x0000000707600000, 0x0000000707600000|100%|HS|  |TAMS 0x0000000707600000, 0x0000000707400000| Untracked 
|  47|0x0000000707600000, 0x0000000707800000, 0x0000000707800000|100%|HC|  |TAMS 0x0000000707800000, 0x0000000707600000| Untracked 
|  48|0x0000000707800000, 0x0000000707a00000, 0x0000000707a00000|100%|HC|  |TAMS 0x0000000707a00000, 0x0000000707800000| Untracked 
|  49|0x0000000707a00000, 0x0000000707c00000, 0x0000000707c00000|100%|HC|  |TAMS 0x0000000707c00000, 0x0000000707a00000| Untracked 
|  50|0x0000000707c00000, 0x0000000707e00000, 0x0000000707e00000|100%|HC|  |TAMS 0x0000000707e00000, 0x0000000707c00000| Untracked 
|  51|0x0000000707e00000, 0x0000000707e00000, 0x0000000708000000|  0%| F|  |TAMS 0x0000000707e00000, 0x0000000707e00000| Untracked 
|  52|0x0000000708000000, 0x0000000708000000, 0x0000000708200000|  0%| F|  |TAMS 0x0000000708000000, 0x0000000708000000| Untracked 
|  53|0x0000000708200000, 0x0000000708200000, 0x0000000708400000|  0%| F|  |TAMS 0x0000000708200000, 0x0000000708200000| Untracked 
|  54|0x0000000708400000, 0x0000000708400000, 0x0000000708600000|  0%| F|  |TAMS 0x0000000708400000, 0x0000000708400000| Untracked 
|  55|0x0000000708600000, 0x0000000708600000, 0x0000000708800000|  0%| F|  |TAMS 0x0000000708600000, 0x0000000708600000| Untracked 
|  56|0x0000000708800000, 0x0000000708800000, 0x0000000708a00000|  0%| F|  |TAMS 0x0000000708800000, 0x0000000708800000| Untracked 
|  57|0x0000000708a00000, 0x0000000708a00000, 0x0000000708c00000|  0%| F|  |TAMS 0x0000000708a00000, 0x0000000708a00000| Untracked 
|  58|0x0000000708c00000, 0x0000000708c00000, 0x0000000708e00000|  0%| F|  |TAMS 0x0000000708c00000, 0x0000000708c00000| Untracked 
|  59|0x0000000708e00000, 0x0000000708e00000, 0x0000000709000000|  0%| F|  |TAMS 0x0000000708e00000, 0x0000000708e00000| Untracked 
|  60|0x0000000709000000, 0x0000000709000000, 0x0000000709200000|  0%| F|  |TAMS 0x0000000709000000, 0x0000000709000000| Untracked 
|  61|0x0000000709200000, 0x00000007093790d0, 0x0000000709400000| 73%| O|  |TAMS 0x0000000709200000, 0x0000000709200000| Untracked 
|  62|0x0000000709400000, 0x0000000709400000, 0x0000000709600000|  0%| F|  |TAMS 0x0000000709400000, 0x0000000709400000| Untracked 
|  63|0x0000000709600000, 0x0000000709600000, 0x0000000709800000|  0%| F|  |TAMS 0x0000000709600000, 0x0000000709600000| Untracked 
|  64|0x0000000709800000, 0x0000000709800000, 0x0000000709a00000|  0%| F|  |TAMS 0x0000000709800000, 0x0000000709800000| Untracked 
|  65|0x0000000709a00000, 0x0000000709a00000, 0x0000000709c00000|  0%| F|  |TAMS 0x0000000709a00000, 0x0000000709a00000| Untracked 
|  66|0x0000000709c00000, 0x0000000709c00000, 0x0000000709e00000|  0%| F|  |TAMS 0x0000000709c00000, 0x0000000709c00000| Untracked 
|  67|0x0000000709e00000, 0x0000000709e00000, 0x000000070a000000|  0%| F|  |TAMS 0x0000000709e00000, 0x0000000709e00000| Untracked 
|  68|0x000000070a000000, 0x000000070a000000, 0x000000070a200000|  0%| F|  |TAMS 0x000000070a000000, 0x000000070a000000| Untracked 
|  69|0x000000070a200000, 0x000000070a200000, 0x000000070a400000|  0%| F|  |TAMS 0x000000070a200000, 0x000000070a200000| Untracked 
|  70|0x000000070a400000, 0x000000070a400000, 0x000000070a600000|  0%| F|  |TAMS 0x000000070a400000, 0x000000070a400000| Untracked 
|  71|0x000000070a600000, 0x000000070a600000, 0x000000070a800000|  0%| F|  |TAMS 0x000000070a600000, 0x000000070a600000| Untracked 
|  72|0x000000070a800000, 0x000000070a800000, 0x000000070aa00000|  0%| F|  |TAMS 0x000000070a800000, 0x000000070a800000| Untracked 
|  73|0x000000070aa00000, 0x000000070aa00000, 0x000000070ac00000|  0%| F|  |TAMS 0x000000070aa00000, 0x000000070aa00000| Untracked 
|  74|0x000000070ac00000, 0x000000070ac00000, 0x000000070ae00000|  0%| F|  |TAMS 0x000000070ac00000, 0x000000070ac00000| Untracked 
|  75|0x000000070ae00000, 0x000000070ae00000, 0x000000070b000000|  0%| F|  |TAMS 0x000000070ae00000, 0x000000070ae00000| Untracked 
|  76|0x000000070b000000, 0x000000070b000000, 0x000000070b200000|  0%| F|  |TAMS 0x000000070b000000, 0x000000070b000000| Untracked 
|  77|0x000000070b200000, 0x000000070b200000, 0x000000070b400000|  0%| F|  |TAMS 0x000000070b200000, 0x000000070b200000| Untracked 
|  78|0x000000070b400000, 0x000000070b400000, 0x000000070b600000|  0%| F|  |TAMS 0x000000070b400000, 0x000000070b400000| Untracked 
|  79|0x000000070b600000, 0x000000070b600000, 0x000000070b800000|  0%| F|  |TAMS 0x000000070b600000, 0x000000070b600000| Untracked 
|  80|0x000000070b800000, 0x000000070b800000, 0x000000070ba00000|  0%| F|  |TAMS 0x000000070b800000, 0x000000070b800000| Untracked 
|  81|0x000000070ba00000, 0x000000070ba00000, 0x000000070bc00000|  0%| F|  |TAMS 0x000000070ba00000, 0x000000070ba00000| Untracked 
|  82|0x000000070bc00000, 0x000000070bc00000, 0x000000070be00000|  0%| F|  |TAMS 0x000000070bc00000, 0x000000070bc00000| Untracked 
|  83|0x000000070be00000, 0x000000070be00000, 0x000000070c000000|  0%| F|  |TAMS 0x000000070be00000, 0x000000070be00000| Untracked 
|  84|0x000000070c000000, 0x000000070c000000, 0x000000070c200000|  0%| F|  |TAMS 0x000000070c000000, 0x000000070c000000| Untracked 
|  85|0x000000070c200000, 0x000000070c200000, 0x000000070c400000|  0%| F|  |TAMS 0x000000070c200000, 0x000000070c200000| Untracked 
|  86|0x000000070c400000, 0x000000070c400000, 0x000000070c600000|  0%| F|  |TAMS 0x000000070c400000, 0x000000070c400000| Untracked 
|  87|0x000000070c600000, 0x000000070c600000, 0x000000070c800000|  0%| F|  |TAMS 0x000000070c600000, 0x000000070c600000| Untracked 
|  88|0x000000070c800000, 0x000000070c800000, 0x000000070ca00000|  0%| F|  |TAMS 0x000000070c800000, 0x000000070c800000| Untracked 
|  89|0x000000070ca00000, 0x000000070ca00000, 0x000000070cc00000|  0%| F|  |TAMS 0x000000070ca00000, 0x000000070ca00000| Untracked 
|  90|0x000000070cc00000, 0x000000070cc00000, 0x000000070ce00000|  0%| F|  |TAMS 0x000000070cc00000, 0x000000070cc00000| Untracked 
|  91|0x000000070ce00000, 0x000000070ce00000, 0x000000070d000000|  0%| F|  |TAMS 0x000000070ce00000, 0x000000070ce00000| Untracked 
|  92|0x000000070d000000, 0x000000070d000000, 0x000000070d200000|  0%| F|  |TAMS 0x000000070d000000, 0x000000070d000000| Untracked 
|  93|0x000000070d200000, 0x000000070d200000, 0x000000070d400000|  0%| F|  |TAMS 0x000000070d200000, 0x000000070d200000| Untracked 
|  94|0x000000070d400000, 0x000000070d400000, 0x000000070d600000|  0%| F|  |TAMS 0x000000070d400000, 0x000000070d400000| Untracked 
|  95|0x000000070d600000, 0x000000070d600000, 0x000000070d800000|  0%| F|  |TAMS 0x000000070d600000, 0x000000070d600000| Untracked 
|  96|0x000000070d800000, 0x000000070d800000, 0x000000070da00000|  0%| F|  |TAMS 0x000000070d800000, 0x000000070d800000| Untracked 
|  97|0x000000070da00000, 0x000000070da00000, 0x000000070dc00000|  0%| F|  |TAMS 0x000000070da00000, 0x000000070da00000| Untracked 
|  98|0x000000070dc00000, 0x000000070dc00000, 0x000000070de00000|  0%| F|  |TAMS 0x000000070dc00000, 0x000000070dc00000| Untracked 
|  99|0x000000070de00000, 0x000000070de00000, 0x000000070e000000|  0%| F|  |TAMS 0x000000070de00000, 0x000000070de00000| Untracked 
| 100|0x000000070e000000, 0x000000070e000000, 0x000000070e200000|  0%| F|  |TAMS 0x000000070e000000, 0x000000070e000000| Untracked 
| 101|0x000000070e200000, 0x000000070e200000, 0x000000070e400000|  0%| F|  |TAMS 0x000000070e200000, 0x000000070e200000| Untracked 
| 102|0x000000070e400000, 0x000000070e400000, 0x000000070e600000|  0%| F|  |TAMS 0x000000070e400000, 0x000000070e400000| Untracked 
| 103|0x000000070e600000, 0x000000070e600000, 0x000000070e800000|  0%| F|  |TAMS 0x000000070e600000, 0x000000070e600000| Untracked 
| 104|0x000000070e800000, 0x000000070e800000, 0x000000070ea00000|  0%| F|  |TAMS 0x000000070e800000, 0x000000070e800000| Untracked 
| 105|0x000000070ea00000, 0x000000070ea00000, 0x000000070ec00000|  0%| F|  |TAMS 0x000000070ea00000, 0x000000070ea00000| Untracked 
| 106|0x000000070ec00000, 0x000000070ec00000, 0x000000070ee00000|  0%| F|  |TAMS 0x000000070ec00000, 0x000000070ec00000| Untracked 
| 107|0x000000070ee00000, 0x000000070ee00000, 0x000000070f000000|  0%| F|  |TAMS 0x000000070ee00000, 0x000000070ee00000| Untracked 
| 108|0x000000070f000000, 0x000000070f000000, 0x000000070f200000|  0%| F|  |TAMS 0x000000070f000000, 0x000000070f000000| Untracked 
| 109|0x000000070f200000, 0x000000070f200000, 0x000000070f400000|  0%| F|  |TAMS 0x000000070f200000, 0x000000070f200000| Untracked 
| 110|0x000000070f400000, 0x000000070f400000, 0x000000070f600000|  0%| F|  |TAMS 0x000000070f400000, 0x000000070f400000| Untracked 
| 111|0x000000070f600000, 0x000000070f600000, 0x000000070f800000|  0%| F|  |TAMS 0x000000070f600000, 0x000000070f600000| Untracked 
| 112|0x000000070f800000, 0x000000070f800000, 0x000000070fa00000|  0%| F|  |TAMS 0x000000070f800000, 0x000000070f800000| Untracked 
| 113|0x000000070fa00000, 0x000000070fa00000, 0x000000070fc00000|  0%| F|  |TAMS 0x000000070fa00000, 0x000000070fa00000| Untracked 
| 114|0x000000070fc00000, 0x000000070fc00000, 0x000000070fe00000|  0%| F|  |TAMS 0x000000070fc00000, 0x000000070fc00000| Untracked 
| 115|0x000000070fe00000, 0x000000070fe00000, 0x0000000710000000|  0%| F|  |TAMS 0x000000070fe00000, 0x000000070fe00000| Untracked 
| 116|0x0000000710000000, 0x0000000710000000, 0x0000000710200000|  0%| F|  |TAMS 0x0000000710000000, 0x0000000710000000| Untracked 
| 117|0x0000000710200000, 0x0000000710200000, 0x0000000710400000|  0%| F|  |TAMS 0x0000000710200000, 0x0000000710200000| Untracked 
| 118|0x0000000710400000, 0x0000000710400000, 0x0000000710600000|  0%| F|  |TAMS 0x0000000710400000, 0x0000000710400000| Untracked 
| 119|0x0000000710600000, 0x0000000710600000, 0x0000000710800000|  0%| F|  |TAMS 0x0000000710600000, 0x0000000710600000| Untracked 
| 120|0x0000000710800000, 0x0000000710800000, 0x0000000710a00000|  0%| F|  |TAMS 0x0000000710800000, 0x0000000710800000| Untracked 
| 121|0x0000000710a00000, 0x0000000710a00000, 0x0000000710c00000|  0%| F|  |TAMS 0x0000000710a00000, 0x0000000710a00000| Untracked 
| 122|0x0000000710c00000, 0x0000000710c00000, 0x0000000710e00000|  0%| F|  |TAMS 0x0000000710c00000, 0x0000000710c00000| Untracked 
| 123|0x0000000710e00000, 0x0000000710e00000, 0x0000000711000000|  0%| F|  |TAMS 0x0000000710e00000, 0x0000000710e00000| Untracked 
| 124|0x0000000711000000, 0x0000000711000000, 0x0000000711200000|  0%| F|  |TAMS 0x0000000711000000, 0x0000000711000000| Untracked 
| 125|0x0000000711200000, 0x0000000711200000, 0x0000000711400000|  0%| F|  |TAMS 0x0000000711200000, 0x0000000711200000| Untracked 
| 126|0x0000000711400000, 0x0000000711400000, 0x0000000711600000|  0%| F|  |TAMS 0x0000000711400000, 0x0000000711400000| Untracked 
| 127|0x0000000711600000, 0x0000000711600000, 0x0000000711800000|  0%| F|  |TAMS 0x0000000711600000, 0x0000000711600000| Untracked 
| 128|0x0000000711800000, 0x0000000711800000, 0x0000000711a00000|  0%| F|  |TAMS 0x0000000711800000, 0x0000000711800000| Untracked 
| 129|0x0000000711a00000, 0x0000000711a00000, 0x0000000711c00000|  0%| F|  |TAMS 0x0000000711a00000, 0x0000000711a00000| Untracked 
| 130|0x0000000711c00000, 0x0000000711c00000, 0x0000000711e00000|  0%| F|  |TAMS 0x0000000711c00000, 0x0000000711c00000| Untracked 
| 131|0x0000000711e00000, 0x0000000711e00000, 0x0000000712000000|  0%| F|  |TAMS 0x0000000711e00000, 0x0000000711e00000| Untracked 
| 132|0x0000000712000000, 0x0000000712000000, 0x0000000712200000|  0%| F|  |TAMS 0x0000000712000000, 0x0000000712000000| Untracked 
| 133|0x0000000712200000, 0x0000000712200000, 0x0000000712400000|  0%| F|  |TAMS 0x0000000712200000, 0x0000000712200000| Untracked 
| 134|0x0000000712400000, 0x0000000712400000, 0x0000000712600000|  0%| F|  |TAMS 0x0000000712400000, 0x0000000712400000| Untracked 
| 135|0x0000000712600000, 0x0000000712600000, 0x0000000712800000|  0%| F|  |TAMS 0x0000000712600000, 0x0000000712600000| Untracked 
| 136|0x0000000712800000, 0x0000000712800000, 0x0000000712a00000|  0%| F|  |TAMS 0x0000000712800000, 0x0000000712800000| Untracked 
| 137|0x0000000712a00000, 0x0000000712a00000, 0x0000000712c00000|  0%| F|  |TAMS 0x0000000712a00000, 0x0000000712a00000| Untracked 
| 138|0x0000000712c00000, 0x0000000712c00000, 0x0000000712e00000|  0%| F|  |TAMS 0x0000000712c00000, 0x0000000712c00000| Untracked 
| 139|0x0000000712e00000, 0x0000000712e00000, 0x0000000713000000|  0%| F|  |TAMS 0x0000000712e00000, 0x0000000712e00000| Untracked 
| 140|0x0000000713000000, 0x0000000713000000, 0x0000000713200000|  0%| F|  |TAMS 0x0000000713000000, 0x0000000713000000| Untracked 
| 141|0x0000000713200000, 0x0000000713200000, 0x0000000713400000|  0%| F|  |TAMS 0x0000000713200000, 0x0000000713200000| Untracked 
| 142|0x0000000713400000, 0x0000000713400000, 0x0000000713600000|  0%| F|  |TAMS 0x0000000713400000, 0x0000000713400000| Untracked 
| 143|0x0000000713600000, 0x0000000713600000, 0x0000000713800000|  0%| F|  |TAMS 0x0000000713600000, 0x0000000713600000| Untracked 
| 144|0x0000000713800000, 0x0000000713800000, 0x0000000713a00000|  0%| F|  |TAMS 0x0000000713800000, 0x0000000713800000| Untracked 
| 145|0x0000000713a00000, 0x0000000713a00000, 0x0000000713c00000|  0%| F|  |TAMS 0x0000000713a00000, 0x0000000713a00000| Untracked 
| 146|0x0000000713c00000, 0x0000000713c00000, 0x0000000713e00000|  0%| F|  |TAMS 0x0000000713c00000, 0x0000000713c00000| Untracked 
| 147|0x0000000713e00000, 0x0000000713e00000, 0x0000000714000000|  0%| F|  |TAMS 0x0000000713e00000, 0x0000000713e00000| Untracked 
| 148|0x0000000714000000, 0x0000000714000000, 0x0000000714200000|  0%| F|  |TAMS 0x0000000714000000, 0x0000000714000000| Untracked 
| 149|0x0000000714200000, 0x0000000714200000, 0x0000000714400000|  0%| F|  |TAMS 0x0000000714200000, 0x0000000714200000| Untracked 
| 150|0x0000000714400000, 0x0000000714400000, 0x0000000714600000|  0%| F|  |TAMS 0x0000000714400000, 0x0000000714400000| Untracked 
| 151|0x0000000714600000, 0x0000000714600000, 0x0000000714800000|  0%| F|  |TAMS 0x0000000714600000, 0x0000000714600000| Untracked 
| 152|0x0000000714800000, 0x0000000714800000, 0x0000000714a00000|  0%| F|  |TAMS 0x0000000714800000, 0x0000000714800000| Untracked 
| 153|0x0000000714a00000, 0x0000000714a00000, 0x0000000714c00000|  0%| F|  |TAMS 0x0000000714a00000, 0x0000000714a00000| Untracked 
| 154|0x0000000714c00000, 0x0000000714c00000, 0x0000000714e00000|  0%| F|  |TAMS 0x0000000714c00000, 0x0000000714c00000| Untracked 
| 155|0x0000000714e00000, 0x0000000714e00000, 0x0000000715000000|  0%| F|  |TAMS 0x0000000714e00000, 0x0000000714e00000| Untracked 
| 156|0x0000000715000000, 0x0000000715000000, 0x0000000715200000|  0%| F|  |TAMS 0x0000000715000000, 0x0000000715000000| Untracked 
| 157|0x0000000715200000, 0x0000000715200000, 0x0000000715400000|  0%| F|  |TAMS 0x0000000715200000, 0x0000000715200000| Untracked 
| 158|0x0000000715400000, 0x0000000715400000, 0x0000000715600000|  0%| F|  |TAMS 0x0000000715400000, 0x0000000715400000| Untracked 
| 159|0x0000000715600000, 0x0000000715600000, 0x0000000715800000|  0%| F|  |TAMS 0x0000000715600000, 0x0000000715600000| Untracked 
| 160|0x0000000715800000, 0x0000000715800000, 0x0000000715a00000|  0%| F|  |TAMS 0x0000000715800000, 0x0000000715800000| Untracked 
| 161|0x0000000715a00000, 0x0000000715a00000, 0x0000000715c00000|  0%| F|  |TAMS 0x0000000715a00000, 0x0000000715a00000| Untracked 
| 162|0x0000000715c00000, 0x0000000715c00000, 0x0000000715e00000|  0%| F|  |TAMS 0x0000000715c00000, 0x0000000715c00000| Untracked 
| 163|0x0000000715e00000, 0x0000000715e00000, 0x0000000716000000|  0%| F|  |TAMS 0x0000000715e00000, 0x0000000715e00000| Untracked 
| 164|0x0000000716000000, 0x0000000716000000, 0x0000000716200000|  0%| F|  |TAMS 0x0000000716000000, 0x0000000716000000| Untracked 
| 165|0x0000000716200000, 0x0000000716200000, 0x0000000716400000|  0%| F|  |TAMS 0x0000000716200000, 0x0000000716200000| Untracked 
| 166|0x0000000716400000, 0x0000000716400000, 0x0000000716600000|  0%| F|  |TAMS 0x0000000716400000, 0x0000000716400000| Untracked 
| 167|0x0000000716600000, 0x0000000716600000, 0x0000000716800000|  0%| F|  |TAMS 0x0000000716600000, 0x0000000716600000| Untracked 
| 168|0x0000000716800000, 0x0000000716800000, 0x0000000716a00000|  0%| F|  |TAMS 0x0000000716800000, 0x0000000716800000| Untracked 
| 169|0x0000000716a00000, 0x0000000716a00000, 0x0000000716c00000|  0%| F|  |TAMS 0x0000000716a00000, 0x0000000716a00000| Untracked 
| 170|0x0000000716c00000, 0x0000000716c00000, 0x0000000716e00000|  0%| F|  |TAMS 0x0000000716c00000, 0x0000000716c00000| Untracked 
| 171|0x0000000716e00000, 0x0000000716e00000, 0x0000000717000000|  0%| F|  |TAMS 0x0000000716e00000, 0x0000000716e00000| Untracked 
| 172|0x0000000717000000, 0x0000000717000000, 0x0000000717200000|  0%| F|  |TAMS 0x0000000717000000, 0x0000000717000000| Untracked 
| 173|0x0000000717200000, 0x0000000717200000, 0x0000000717400000|  0%| F|  |TAMS 0x0000000717200000, 0x0000000717200000| Untracked 
| 174|0x0000000717400000, 0x0000000717400000, 0x0000000717600000|  0%| F|  |TAMS 0x0000000717400000, 0x0000000717400000| Untracked 
| 175|0x0000000717600000, 0x0000000717600000, 0x0000000717800000|  0%| F|  |TAMS 0x0000000717600000, 0x0000000717600000| Untracked 
| 176|0x0000000717800000, 0x0000000717800000, 0x0000000717a00000|  0%| F|  |TAMS 0x0000000717800000, 0x0000000717800000| Untracked 
| 177|0x0000000717a00000, 0x0000000717a00000, 0x0000000717c00000|  0%| F|  |TAMS 0x0000000717a00000, 0x0000000717a00000| Untracked 
| 178|0x0000000717c00000, 0x0000000717c00000, 0x0000000717e00000|  0%| F|  |TAMS 0x0000000717c00000, 0x0000000717c00000| Untracked 
| 179|0x0000000717e00000, 0x0000000717e00000, 0x0000000718000000|  0%| F|  |TAMS 0x0000000717e00000, 0x0000000717e00000| Untracked 
| 180|0x0000000718000000, 0x0000000718000000, 0x0000000718200000|  0%| F|  |TAMS 0x0000000718000000, 0x0000000718000000| Untracked 
| 181|0x0000000718200000, 0x0000000718200000, 0x0000000718400000|  0%| F|  |TAMS 0x0000000718200000, 0x0000000718200000| Untracked 
| 182|0x0000000718400000, 0x0000000718400000, 0x0000000718600000|  0%| F|  |TAMS 0x0000000718400000, 0x0000000718400000| Untracked 
| 183|0x0000000718600000, 0x0000000718600000, 0x0000000718800000|  0%| F|  |TAMS 0x0000000718600000, 0x0000000718600000| Untracked 
| 184|0x0000000718800000, 0x0000000718800000, 0x0000000718a00000|  0%| F|  |TAMS 0x0000000718800000, 0x0000000718800000| Untracked 
| 185|0x0000000718a00000, 0x0000000718a00000, 0x0000000718c00000|  0%| F|  |TAMS 0x0000000718a00000, 0x0000000718a00000| Untracked 
| 186|0x0000000718c00000, 0x0000000718c00000, 0x0000000718e00000|  0%| F|  |TAMS 0x0000000718c00000, 0x0000000718c00000| Untracked 
| 187|0x0000000718e00000, 0x0000000718e00000, 0x0000000719000000|  0%| F|  |TAMS 0x0000000718e00000, 0x0000000718e00000| Untracked 
| 188|0x0000000719000000, 0x0000000719000000, 0x0000000719200000|  0%| F|  |TAMS 0x0000000719000000, 0x0000000719000000| Untracked 
| 189|0x0000000719200000, 0x0000000719200000, 0x0000000719400000|  0%| F|  |TAMS 0x0000000719200000, 0x0000000719200000| Untracked 
| 190|0x0000000719400000, 0x0000000719400000, 0x0000000719600000|  0%| F|  |TAMS 0x0000000719400000, 0x0000000719400000| Untracked 
| 191|0x0000000719600000, 0x0000000719600000, 0x0000000719800000|  0%| F|  |TAMS 0x0000000719600000, 0x0000000719600000| Untracked 
| 192|0x0000000719800000, 0x0000000719800000, 0x0000000719a00000|  0%| F|  |TAMS 0x0000000719800000, 0x0000000719800000| Untracked 
| 193|0x0000000719a00000, 0x0000000719a00000, 0x0000000719c00000|  0%| F|  |TAMS 0x0000000719a00000, 0x0000000719a00000| Untracked 
| 194|0x0000000719c00000, 0x0000000719c00000, 0x0000000719e00000|  0%| F|  |TAMS 0x0000000719c00000, 0x0000000719c00000| Untracked 
| 195|0x0000000719e00000, 0x0000000719e00000, 0x000000071a000000|  0%| F|  |TAMS 0x0000000719e00000, 0x0000000719e00000| Untracked 
| 196|0x000000071a000000, 0x000000071a000000, 0x000000071a200000|  0%| F|  |TAMS 0x000000071a000000, 0x000000071a000000| Untracked 
| 197|0x000000071a200000, 0x000000071a200000, 0x000000071a400000|  0%| F|  |TAMS 0x000000071a200000, 0x000000071a200000| Untracked 
| 198|0x000000071a400000, 0x000000071a400000, 0x000000071a600000|  0%| F|  |TAMS 0x000000071a400000, 0x000000071a400000| Untracked 
| 199|0x000000071a600000, 0x000000071a600000, 0x000000071a800000|  0%| F|  |TAMS 0x000000071a600000, 0x000000071a600000| Untracked 
| 200|0x000000071a800000, 0x000000071a800000, 0x000000071aa00000|  0%| F|  |TAMS 0x000000071a800000, 0x000000071a800000| Untracked 
| 201|0x000000071aa00000, 0x000000071aa00000, 0x000000071ac00000|  0%| F|  |TAMS 0x000000071aa00000, 0x000000071aa00000| Untracked 
| 202|0x000000071ac00000, 0x000000071ac00000, 0x000000071ae00000|  0%| F|  |TAMS 0x000000071ac00000, 0x000000071ac00000| Untracked 
| 203|0x000000071ae00000, 0x000000071ae00000, 0x000000071b000000|  0%| F|  |TAMS 0x000000071ae00000, 0x000000071ae00000| Untracked 
| 204|0x000000071b000000, 0x000000071b000000, 0x000000071b200000|  0%| F|  |TAMS 0x000000071b000000, 0x000000071b000000| Untracked 
| 205|0x000000071b200000, 0x000000071b200000, 0x000000071b400000|  0%| F|  |TAMS 0x000000071b200000, 0x000000071b200000| Untracked 
| 206|0x000000071b400000, 0x000000071b400000, 0x000000071b600000|  0%| F|  |TAMS 0x000000071b400000, 0x000000071b400000| Untracked 
| 207|0x000000071b600000, 0x000000071b600000, 0x000000071b800000|  0%| F|  |TAMS 0x000000071b600000, 0x000000071b600000| Untracked 
| 208|0x000000071b800000, 0x000000071b800000, 0x000000071ba00000|  0%| F|  |TAMS 0x000000071b800000, 0x000000071b800000| Untracked 
| 209|0x000000071ba00000, 0x000000071ba00000, 0x000000071bc00000|  0%| F|  |TAMS 0x000000071ba00000, 0x000000071ba00000| Untracked 
| 210|0x000000071bc00000, 0x000000071bc00000, 0x000000071be00000|  0%| F|  |TAMS 0x000000071bc00000, 0x000000071bc00000| Untracked 
| 211|0x000000071be00000, 0x000000071be00000, 0x000000071c000000|  0%| F|  |TAMS 0x000000071be00000, 0x000000071be00000| Untracked 
| 212|0x000000071c000000, 0x000000071c000000, 0x000000071c200000|  0%| F|  |TAMS 0x000000071c000000, 0x000000071c000000| Untracked 
| 213|0x000000071c200000, 0x000000071c200000, 0x000000071c400000|  0%| F|  |TAMS 0x000000071c200000, 0x000000071c200000| Untracked 
| 214|0x000000071c400000, 0x000000071c400000, 0x000000071c600000|  0%| F|  |TAMS 0x000000071c400000, 0x000000071c400000| Untracked 
| 215|0x000000071c600000, 0x000000071c7d4bc0, 0x000000071c800000| 91%| S|CS|TAMS 0x000000071c600000, 0x000000071c600000| Complete 
| 216|0x000000071c800000, 0x000000071c800000, 0x000000071ca00000|  0%| F|  |TAMS 0x000000071c800000, 0x000000071c800000| Untracked 
| 217|0x000000071ca00000, 0x000000071ca00000, 0x000000071cc00000|  0%| F|  |TAMS 0x000000071ca00000, 0x000000071ca00000| Untracked 
| 218|0x000000071cc00000, 0x000000071cc00000, 0x000000071ce00000|  0%| F|  |TAMS 0x000000071cc00000, 0x000000071cc00000| Untracked 
| 219|0x000000071ce00000, 0x000000071ce78458, 0x000000071d000000| 23%| E|  |TAMS 0x000000071ce00000, 0x000000071ce00000| Complete 
| 220|0x000000071d000000, 0x000000071d200000, 0x000000071d200000|100%| E|CS|TAMS 0x000000071d000000, 0x000000071d000000| Complete 
| 221|0x000000071d200000, 0x000000071d400000, 0x000000071d400000|100%| E|CS|TAMS 0x000000071d200000, 0x000000071d200000| Complete 
| 222|0x000000071d400000, 0x000000071d600000, 0x000000071d600000|100%| E|CS|TAMS 0x000000071d400000, 0x000000071d400000| Complete 
| 223|0x000000071d600000, 0x000000071d800000, 0x000000071d800000|100%| E|CS|TAMS 0x000000071d600000, 0x000000071d600000| Complete 
| 224|0x000000071d800000, 0x000000071da00000, 0x000000071da00000|100%| E|CS|TAMS 0x000000071d800000, 0x000000071d800000| Complete 
| 225|0x000000071da00000, 0x000000071dc00000, 0x000000071dc00000|100%| E|CS|TAMS 0x000000071da00000, 0x000000071da00000| Complete 
| 226|0x000000071dc00000, 0x000000071de00000, 0x000000071de00000|100%| E|CS|TAMS 0x000000071dc00000, 0x000000071dc00000| Complete 
| 227|0x000000071de00000, 0x000000071e000000, 0x000000071e000000|100%| E|CS|TAMS 0x000000071de00000, 0x000000071de00000| Complete 
| 228|0x000000071e000000, 0x000000071e200000, 0x000000071e200000|100%| E|CS|TAMS 0x000000071e000000, 0x000000071e000000| Complete 
| 229|0x000000071e200000, 0x000000071e400000, 0x000000071e400000|100%| E|CS|TAMS 0x000000071e200000, 0x000000071e200000| Complete 
| 230|0x000000071e400000, 0x000000071e600000, 0x000000071e600000|100%| E|CS|TAMS 0x000000071e400000, 0x000000071e400000| Complete 
| 231|0x000000071e600000, 0x000000071e800000, 0x000000071e800000|100%| E|CS|TAMS 0x000000071e600000, 0x000000071e600000| Complete 
| 232|0x000000071e800000, 0x000000071ea00000, 0x000000071ea00000|100%| E|CS|TAMS 0x000000071e800000, 0x000000071e800000| Complete 
| 233|0x000000071ea00000, 0x000000071ec00000, 0x000000071ec00000|100%| E|CS|TAMS 0x000000071ea00000, 0x000000071ea00000| Complete 
| 234|0x000000071ec00000, 0x000000071ee00000, 0x000000071ee00000|100%| E|CS|TAMS 0x000000071ec00000, 0x000000071ec00000| Complete 
| 235|0x000000071ee00000, 0x000000071f000000, 0x000000071f000000|100%| E|CS|TAMS 0x000000071ee00000, 0x000000071ee00000| Complete 
| 236|0x000000071f000000, 0x000000071f200000, 0x000000071f200000|100%| E|CS|TAMS 0x000000071f000000, 0x000000071f000000| Complete 
| 237|0x000000071f200000, 0x000000071f400000, 0x000000071f400000|100%| E|CS|TAMS 0x000000071f200000, 0x000000071f200000| Complete 
| 238|0x000000071f400000, 0x000000071f600000, 0x000000071f600000|100%| E|CS|TAMS 0x000000071f400000, 0x000000071f400000| Complete 
| 239|0x000000071f600000, 0x000000071f800000, 0x000000071f800000|100%| E|CS|TAMS 0x000000071f600000, 0x000000071f600000| Complete 
| 240|0x000000071f800000, 0x000000071fa00000, 0x000000071fa00000|100%| E|CS|TAMS 0x000000071f800000, 0x000000071f800000| Complete 
| 241|0x000000071fa00000, 0x000000071fc00000, 0x000000071fc00000|100%| E|CS|TAMS 0x000000071fa00000, 0x000000071fa00000| Complete 
| 242|0x000000071fc00000, 0x000000071fe00000, 0x000000071fe00000|100%| E|CS|TAMS 0x000000071fc00000, 0x000000071fc00000| Complete 
| 243|0x000000071fe00000, 0x0000000720000000, 0x0000000720000000|100%| E|CS|TAMS 0x000000071fe00000, 0x000000071fe00000| Complete 
| 244|0x0000000720000000, 0x0000000720200000, 0x0000000720200000|100%| E|CS|TAMS 0x0000000720000000, 0x0000000720000000| Complete 
| 245|0x0000000720200000, 0x0000000720400000, 0x0000000720400000|100%| E|CS|TAMS 0x0000000720200000, 0x0000000720200000| Complete 
| 246|0x0000000720400000, 0x0000000720600000, 0x0000000720600000|100%| E|CS|TAMS 0x0000000720400000, 0x0000000720400000| Complete 
| 247|0x0000000720600000, 0x0000000720800000, 0x0000000720800000|100%| E|CS|TAMS 0x0000000720600000, 0x0000000720600000| Complete 
| 248|0x0000000720800000, 0x0000000720a00000, 0x0000000720a00000|100%| E|CS|TAMS 0x0000000720800000, 0x0000000720800000| Complete 
| 249|0x0000000720a00000, 0x0000000720c00000, 0x0000000720c00000|100%| E|CS|TAMS 0x0000000720a00000, 0x0000000720a00000| Complete 
| 250|0x0000000720c00000, 0x0000000720e00000, 0x0000000720e00000|100%| E|CS|TAMS 0x0000000720c00000, 0x0000000720c00000| Complete 
| 251|0x0000000720e00000, 0x0000000721000000, 0x0000000721000000|100%| E|CS|TAMS 0x0000000720e00000, 0x0000000720e00000| Complete 
| 252|0x0000000721000000, 0x0000000721200000, 0x0000000721200000|100%| E|CS|TAMS 0x0000000721000000, 0x0000000721000000| Complete 
| 253|0x0000000721200000, 0x0000000721400000, 0x0000000721400000|100%| E|CS|TAMS 0x0000000721200000, 0x0000000721200000| Complete 
| 254|0x0000000721400000, 0x0000000721600000, 0x0000000721600000|100%| E|CS|TAMS 0x0000000721400000, 0x0000000721400000| Complete 
| 255|0x0000000721600000, 0x0000000721800000, 0x0000000721800000|100%| E|CS|TAMS 0x0000000721600000, 0x0000000721600000| Complete 

Card table byte_map: [0x000001d3e3e20000,0x000001d3e4620000] _byte_map_base: 0x000001d3e0614000

Marking Bits (Prev, Next): (CMBitMap*) 0x000001d3cc6fb110, (CMBitMap*) 0x000001d3cc6fb0d0
 Prev Bits: [0x000001d3e8dc0000, 0x000001d3ecd60000)
 Next Bits: [0x000001d3e4e20000, 0x000001d3e8dc0000)

Polling page: 0x000001d3c3720000

Metaspace:

Usage:
  Non-class:     65.46 MB used.
      Class:     10.58 MB used.
       Both:     76.04 MB used.

Virtual space:
  Non-class space:      128.00 MB reserved,      65.75 MB ( 51%) committed,  2 nodes.
      Class space:        1.00 GB reserved,      10.88 MB (  1%) committed,  1 nodes.
             Both:        1.12 GB reserved,      76.62 MB (  7%) committed. 

Chunk freelists:
   Non-Class:  14.19 MB
       Class:  5.09 MB
        Both:  19.28 MB

MaxMetaspaceSize: unlimited
CompressedClassSpaceSize: 1.00 GB
Initial GC threshold: 21.00 MB
Current GC threshold: 124.94 MB
CDS: on
MetaspaceReclaimPolicy: balanced
 - commit_granule_bytes: 65536.
 - commit_granule_words: 8192.
 - virtual_space_node_default_size: 8388608.
 - enlarge_chunks_in_place: 1.
 - new_chunks_are_fully_committed: 0.
 - uncommit_free_chunks: 1.
 - use_allocation_guard: 0.
 - handle_deallocations: 1.


Internal statistics:

num_allocs_failed_limit: 6.
num_arena_births: 928.
num_arena_deaths: 0.
num_vsnodes_births: 3.
num_vsnodes_deaths: 0.
num_space_committed: 1220.
num_space_uncommitted: 0.
num_chunks_returned_to_freelist: 6.
num_chunks_taken_from_freelist: 2978.
num_chunk_merges: 6.
num_chunk_splits: 2182.
num_chunks_enlarged: 1597.
num_inconsistent_stats: 0.

CodeHeap 'non-profiled nmethods': size=120000Kb used=13526Kb max_used=13526Kb free=106473Kb
 bounds [0x000001d3dc0f0000, 0x000001d3dce30000, 0x000001d3e3620000]
CodeHeap 'profiled nmethods': size=120000Kb used=27921Kb max_used=27921Kb free=92078Kb
 bounds [0x000001d3d4620000, 0x000001d3d6170000, 0x000001d3dbb50000]
CodeHeap 'non-nmethods': size=5760Kb used=1637Kb max_used=1704Kb free=4123Kb
 bounds [0x000001d3dbb50000, 0x000001d3dbdc0000, 0x000001d3dc0f0000]
 total_blobs=13731 nmethods=12679 adapters=961
 compilation: enabled
              stopped_count=0, restarted_count=0
 full_count=0

Compilation events (20 events):
Event: 2861.445 Thread 0x000001d3cc9c5e20 nmethod 16103 0x000001d3d6164210 code [0x000001d3d61643a0, 0x000001d3d6164518]
Event: 2861.447 Thread 0x000001d3cc9c5e20 16104       3       ui.utils.swing.s.g$a::setBounds (17 bytes)
Event: 2861.447 Thread 0x000001d3cc9c5e20 nmethod 16104 0x000001d3d6164590 code [0x000001d3d6164740, 0x000001d3d61648f8]
Event: 2861.456 Thread 0x000001d3cc9c5e20 16105       3       java.util.regex.Matcher::start (65 bytes)
Event: 2861.457 Thread 0x000001d3cc9c5e20 nmethod 16105 0x000001d3d6164a10 code [0x000001d3d6164c60, 0x000001d3d61654a8]
Event: 2861.458 Thread 0x000001d3cc9c5e20 16106       3       ui.frmwork.a.a::<init> (25 bytes)
Event: 2861.458 Thread 0x000001d3cc9c5e20 nmethod 16106 0x000001d3d6165810 code [0x000001d3d61659c0, 0x000001d3d6165bf8]
Event: 2861.465 Thread 0x000001d3cc9c5e20 16107       3       com.sun.org.apache.xml.internal.dtm.ref.ExpandedNameTable::getNamespaceID (21 bytes)
Event: 2861.465 Thread 0x000001d3cc9c5e20 nmethod 16107 0x000001d3d6165d10 code [0x000001d3d6165ec0, 0x000001d3d61660c8]
Event: 2861.528 Thread 0x000001d3cc9c30e0 nmethod 16059 0x000001d3dce13b90 code [0x000001d3dce14040, 0x000001d3dce1bc48]
Event: 2861.529 Thread 0x000001d3cc9c30e0 16079       4       javax.swing.event.EventListenerList::getListeners (74 bytes)
Event: 2861.545 Thread 0x000001d3cc9c30e0 nmethod 16079 0x000001d3dce1f190 code [0x000001d3dce1f340, 0x000001d3dce1fe78]
Event: 2861.545 Thread 0x000001d3cc9c30e0 16101       4       jdk.internal.math.FloatingDecimal$BinaryToASCIIBuffer::getChars (502 bytes)
Event: 2861.552 Thread 0x000001d3cc9c30e0 nmethod 16101 0x000001d3dce20290 code [0x000001d3dce20420, 0x000001d3dce20978]
Event: 2861.552 Thread 0x000001d3cc9c30e0 16080       4       javax.swing.tree.DefaultMutableTreeNode::getChildAt (29 bytes)
Event: 2861.554 Thread 0x000001d3cc9c30e0 nmethod 16080 0x000001d3dce20e10 code [0x000001d3dce20fa0, 0x000001d3dce21258]
Event: 2861.819 Thread 0x000001d3cc9c30e0 16108       4       java.util.ArrayList::remove (76 bytes)
Event: 2861.821 Thread 0x000001d3cc9c5e20 16109       3       ui.j.c.l::a (35 bytes)
Event: 2861.822 Thread 0x000001d3cc9c5e20 nmethod 16109 0x000001d3d6166210 code [0x000001d3d6166400, 0x000001d3d6166908]
Event: 2861.822 Thread 0x000001d3cc9c5e20 16110       3       ui.views.W.a.a$b::a (125 bytes)

GC Heap History (20 events):
Event: 485.399 GC heap before
{Heap before GC invocations=23 (full 4):
 garbage-first heap   total 1398784K, used 158553K [0x0000000701800000, 0x0000000800000000)
  region size 2048K, 40 young (81920K), 3 survivors (6144K)
 Metaspace       used 75311K, committed 75840K, reserved 1114112K
  class space    used 10675K, committed 10944K, reserved 1048576K
}
Event: 485.406 GC heap after
{Heap after GC invocations=24 (full 4):
 garbage-first heap   total 1398784K, used 84194K [0x0000000701800000, 0x0000000800000000)
  region size 2048K, 3 young (6144K), 3 survivors (6144K)
 Metaspace       used 75311K, committed 75840K, reserved 1114112K
  class space    used 10675K, committed 10944K, reserved 1048576K
}
Event: 492.389 GC heap before
{Heap before GC invocations=24 (full 4):
 garbage-first heap   total 1398784K, used 159970K [0x0000000701800000, 0x0000000800000000)
  region size 2048K, 40 young (81920K), 3 survivors (6144K)
 Metaspace       used 75870K, committed 76480K, reserved 1179648K
  class space    used 10698K, committed 11008K, reserved 1048576K
}
Event: 492.398 GC heap after
{Heap after GC invocations=25 (full 4):
 garbage-first heap   total 1398784K, used 84921K [0x0000000701800000, 0x0000000800000000)
  region size 2048K, 3 young (6144K), 3 survivors (6144K)
 Metaspace       used 75870K, committed 76480K, reserved 1179648K
  class space    used 10698K, committed 11008K, reserved 1048576K
}
Event: 683.387 GC heap before
{Heap before GC invocations=25 (full 4):
 garbage-first heap   total 1398784K, used 183225K [0x0000000701800000, 0x0000000800000000)
  region size 2048K, 40 young (81920K), 3 survivors (6144K)
 Metaspace       used 76039K, committed 76608K, reserved 1179648K
  class space    used 10702K, committed 11008K, reserved 1048576K
}
Event: 683.403 GC heap after
{Heap after GC invocations=26 (full 4):
 garbage-first heap   total 1398784K, used 107942K [0x0000000701800000, 0x0000000800000000)
  region size 2048K, 4 young (8192K), 4 survivors (8192K)
 Metaspace       used 76039K, committed 76608K, reserved 1179648K
  class space    used 10702K, committed 11008K, reserved 1048576K
}
Event: 953.629 GC heap before
{Heap before GC invocations=26 (full 4):
 garbage-first heap   total 1398784K, used 193958K [0x0000000701800000, 0x0000000800000000)
  region size 2048K, 40 young (81920K), 4 survivors (8192K)
 Metaspace       used 76083K, committed 76672K, reserved 1179648K
  class space    used 10702K, committed 11008K, reserved 1048576K
}
Event: 953.647 GC heap after
{Heap after GC invocations=27 (full 4):
 garbage-first heap   total 1398784K, used 107655K [0x0000000701800000, 0x0000000800000000)
  region size 2048K, 2 young (4096K), 2 survivors (4096K)
 Metaspace       used 76083K, committed 76672K, reserved 1179648K
  class space    used 10702K, committed 11008K, reserved 1048576K
}
Event: 2723.877 GC heap before
{Heap before GC invocations=27 (full 4):
 garbage-first heap   total 1398784K, used 156807K [0x0000000701800000, 0x0000000800000000)
  region size 2048K, 22 young (45056K), 2 survivors (4096K)
 Metaspace       used 76124K, committed 76736K, reserved 1179648K
  class space    used 10702K, committed 11008K, reserved 1048576K
}
Event: 2723.948 GC heap after
{Heap after GC invocations=28 (full 5):
 garbage-first heap   total 524288K, used 82776K [0x0000000701800000, 0x0000000800000000)
  region size 2048K, 0 young (0K), 0 survivors (0K)
 Metaspace       used 76124K, committed 76736K, reserved 1179648K
  class space    used 10702K, committed 11008K, reserved 1048576K
}
Event: 2758.805 GC heap before
{Heap before GC invocations=28 (full 5):
 garbage-first heap   total 524288K, used 174936K [0x0000000701800000, 0x0000000800000000)
  region size 2048K, 40 young (81920K), 0 survivors (0K)
 Metaspace       used 76398K, committed 76992K, reserved 1179648K
  class space    used 10721K, committed 11008K, reserved 1048576K
}
Event: 2758.812 GC heap after
{Heap after GC invocations=29 (full 5):
 garbage-first heap   total 524288K, used 93813K [0x0000000701800000, 0x0000000800000000)
  region size 2048K, 1 young (2048K), 1 survivors (2048K)
 Metaspace       used 76398K, committed 76992K, reserved 1179648K
  class space    used 10721K, committed 11008K, reserved 1048576K
}
Event: 2801.379 GC heap before
{Heap before GC invocations=29 (full 5):
 garbage-first heap   total 524288K, used 173685K [0x0000000701800000, 0x0000000800000000)
  region size 2048K, 40 young (81920K), 1 survivors (2048K)
 Metaspace       used 76526K, committed 77120K, reserved 1179648K
  class space    used 10722K, committed 11008K, reserved 1048576K
}
Event: 2801.387 GC heap after
{Heap after GC invocations=30 (full 5):
 garbage-first heap   total 524288K, used 93584K [0x0000000701800000, 0x0000000800000000)
  region size 2048K, 1 young (2048K), 1 survivors (2048K)
 Metaspace       used 76526K, committed 77120K, reserved 1179648K
  class space    used 10722K, committed 11008K, reserved 1048576K
}
Event: 2813.372 GC heap before
{Heap before GC invocations=30 (full 5):
 garbage-first heap   total 524288K, used 173456K [0x0000000701800000, 0x0000000800000000)
  region size 2048K, 40 young (81920K), 1 survivors (2048K)
 Metaspace       used 77152K, committed 77824K, reserved 1179648K
  class space    used 10797K, committed 11136K, reserved 1048576K
}
Event: 2813.377 GC heap after
{Heap after GC invocations=31 (full 5):
 garbage-first heap   total 524288K, used 94513K [0x0000000701800000, 0x0000000800000000)
  region size 2048K, 1 young (2048K), 1 survivors (2048K)
 Metaspace       used 77152K, committed 77824K, reserved 1179648K
  class space    used 10797K, committed 11136K, reserved 1048576K
}
Event: 2842.319 GC heap before
{Heap before GC invocations=31 (full 5):
 garbage-first heap   total 524288K, used 174385K [0x0000000701800000, 0x0000000800000000)
  region size 2048K, 40 young (81920K), 1 survivors (2048K)
 Metaspace       used 77664K, committed 78336K, reserved 1179648K
  class space    used 10830K, committed 11136K, reserved 1048576K
}
Event: 2842.324 GC heap after
{Heap after GC invocations=32 (full 5):
 garbage-first heap   total 524288K, used 94360K [0x0000000701800000, 0x0000000800000000)
  region size 2048K, 1 young (2048K), 1 survivors (2048K)
 Metaspace       used 77664K, committed 78336K, reserved 1179648K
  class space    used 10830K, committed 11136K, reserved 1048576K
}
Event: 2846.502 GC heap before
{Heap before GC invocations=32 (full 5):
 garbage-first heap   total 524288K, used 174232K [0x0000000701800000, 0x0000000800000000)
  region size 2048K, 40 young (81920K), 1 survivors (2048K)
 Metaspace       used 77764K, committed 78336K, reserved 1179648K
  class space    used 10830K, committed 11136K, reserved 1048576K
}
Event: 2846.508 GC heap after
{Heap after GC invocations=33 (full 5):
 garbage-first heap   total 524288K, used 94891K [0x0000000701800000, 0x0000000800000000)
  region size 2048K, 1 young (2048K), 1 survivors (2048K)
 Metaspace       used 77764K, committed 78336K, reserved 1179648K
  class space    used 10830K, committed 11136K, reserved 1048576K
}

Dll operation events (20 events):
Event: 17.253 Loaded shared library C:\Vivado\2023.2\lib\win64.o\librdi_ipservicestasks.dll
Event: 17.258 Loaded shared library C:\Vivado\2023.2\lib\win64.o\librdi_vivadotasks.dll
Event: 17.262 Loaded shared library C:\Vivado\2023.2\lib\win64.o\librdi_board.dll
Event: 17.265 Loaded shared library C:\Vivado\2023.2\lib\win64.o\librdi_boarddep.dll
Event: 17.268 Loaded shared library C:\Vivado\2023.2\lib\win64.o\librdi_boardcommontasks.dll
Event: 17.271 Loaded shared library C:\Vivado\2023.2\lib\win64.o\librdi_ptgen.dll
Event: 17.274 Loaded shared library C:\Vivado\2023.2\lib\win64.o\librdi_ip.dll
Event: 17.278 Loaded shared library C:\Vivado\2023.2\lib\win64.o\librdi_mig.dll
Event: 17.286 Loaded shared library C:\Vivado\2023.2\lib\win64.o\librdi_implflow.dll
Event: 17.289 Loaded shared library C:\Vivado\2023.2\lib\win64.o\librdi_xhubtasks.dll
Event: 17.521 Loaded shared library C:\Vivado\2023.2\lib\win64.o\librdi_iptasks.dll
Event: 17.525 Loaded shared library C:\Vivado\2023.2\lib\win64.o\librdi_synth.dll
Event: 20.629 Loaded shared library C:\Vivado\2023.2\tps\win64\jre17.0.7_7\bin\verify.dll
Event: 21.181 Loaded shared library C:\Vivado\2023.2\tps\win64\jre17.0.7_7\bin\javajpeg.dll
Event: 21.203 Loaded shared library C:\Vivado\2023.2\tps\win64\jre17.0.7_7\bin\lcms.dll
Event: 22.047 Loaded shared library C:\Vivado\2023.2\tps\win64\jre17.0.7_7\bin\freetype.dll
Event: 22.051 Loaded shared library C:\Vivado\2023.2\tps\win64\jre17.0.7_7\bin\fontmanager.dll
Event: 31.790 Loaded shared library C:\Vivado\2023.2\lib\win64.o\librdi_xhub.dll
Event: 42.239 Loaded shared library C:\Vivado\2023.2\tps\win64\jre17.0.7_7\bin\management.dll
Event: 42.255 Loaded shared library C:\Vivado\2023.2\tps\win64\jre17.0.7_7\bin\management_ext.dll

Deoptimization events (20 events):
Event: 2847.475 Thread 0x000001d3f43a1720 Uncommon trap: trap_request=0xffffff45 fr.pc=0x000001d3dc75464c relative=0x0000000000001a6c
Event: 2847.475 Thread 0x000001d3f43a1720 Uncommon trap: reason=unstable_if action=reinterpret pc=0x000001d3dc75464c method=java.awt.Container.findComponentAtImpl(IIZ)Ljava/awt/Component; @ 6 c2
Event: 2847.475 Thread 0x000001d3f43a1720 DEOPT PACKING pc=0x000001d3dc75464c sp=0x00000085827fd160
Event: 2847.475 Thread 0x000001d3f43a1720 DEOPT UNPACKING pc=0x000001d3dbba69a3 sp=0x00000085827fcdc0 mode 2
Event: 2850.604 Thread 0x000001d3f43a1720 Uncommon trap: trap_request=0xffffffc6 fr.pc=0x000001d3dcc81170 relative=0x0000000000000350
Event: 2850.604 Thread 0x000001d3f43a1720 Uncommon trap: reason=bimorphic_or_optimized_type_check action=maybe_recompile pc=0x000001d3dcc81170 method=java.awt.Component.processEvent(Ljava/awt/AWTEvent;)V @ 103 c2
Event: 2850.604 Thread 0x000001d3f43a1720 DEOPT PACKING pc=0x000001d3dcc81170 sp=0x00000085827feb30
Event: 2850.604 Thread 0x000001d3f43a1720 DEOPT UNPACKING pc=0x000001d3dbba69a3 sp=0x00000085827fea50 mode 2
Event: 2850.611 Thread 0x000001d3f43a1720 Uncommon trap: trap_request=0xffffffc6 fr.pc=0x000001d3dcc81170 relative=0x0000000000000350
Event: 2850.611 Thread 0x000001d3f43a1720 Uncommon trap: reason=bimorphic_or_optimized_type_check action=maybe_recompile pc=0x000001d3dcc81170 method=java.awt.Component.processEvent(Ljava/awt/AWTEvent;)V @ 103 c2
Event: 2850.611 Thread 0x000001d3f43a1720 DEOPT PACKING pc=0x000001d3dcc81170 sp=0x00000085827feb30
Event: 2850.611 Thread 0x000001d3f43a1720 DEOPT UNPACKING pc=0x000001d3dbba69a3 sp=0x00000085827fea50 mode 2
Event: 2850.623 Thread 0x000001d3f43a1720 Uncommon trap: trap_request=0xffffffc6 fr.pc=0x000001d3dcc81170 relative=0x0000000000000350
Event: 2850.623 Thread 0x000001d3f43a1720 Uncommon trap: reason=bimorphic_or_optimized_type_check action=maybe_recompile pc=0x000001d3dcc81170 method=java.awt.Component.processEvent(Ljava/awt/AWTEvent;)V @ 103 c2
Event: 2850.623 Thread 0x000001d3f43a1720 DEOPT PACKING pc=0x000001d3dcc81170 sp=0x00000085827feb30
Event: 2850.623 Thread 0x000001d3f43a1720 DEOPT UNPACKING pc=0x000001d3dbba69a3 sp=0x00000085827fea50 mode 2
Event: 2850.635 Thread 0x000001d3f43a1720 Uncommon trap: trap_request=0xffffffc6 fr.pc=0x000001d3dcc81170 relative=0x0000000000000350
Event: 2850.635 Thread 0x000001d3f43a1720 Uncommon trap: reason=bimorphic_or_optimized_type_check action=maybe_recompile pc=0x000001d3dcc81170 method=java.awt.Component.processEvent(Ljava/awt/AWTEvent;)V @ 103 c2
Event: 2850.635 Thread 0x000001d3f43a1720 DEOPT PACKING pc=0x000001d3dcc81170 sp=0x00000085827feb30
Event: 2850.635 Thread 0x000001d3f43a1720 DEOPT UNPACKING pc=0x000001d3dbba69a3 sp=0x00000085827fea50 mode 2

Classes unloaded (0 events):
No events

Classes redefined (0 events):
No events

Internal exceptions (20 events):
Event: 2818.313 Thread 0x000001d3f43a1720 Exception <a 'java/io/FileNotFoundException'{0x000000071eb2dae8}> (0x000000071eb2dae8) 
thrown [s\src\hotspot\share\prims\jni.cpp, line 516]
Event: 2818.316 Thread 0x000001d3f43a1720 Exception <a 'java/io/FileNotFoundException'{0x000000071eb2e2b0}> (0x000000071eb2e2b0) 
thrown [s\src\hotspot\share\prims\jni.cpp, line 516]
Event: 2823.314 Thread 0x000001d3f43a1720 Exception <a 'java/io/FileNotFoundException'{0x000000071e273df0}> (0x000000071e273df0) 
thrown [s\src\hotspot\share\prims\jni.cpp, line 516]
Event: 2823.317 Thread 0x000001d3f43a1720 Exception <a 'java/io/FileNotFoundException'{0x000000071e2745b8}> (0x000000071e2745b8) 
thrown [s\src\hotspot\share\prims\jni.cpp, line 516]
Event: 2828.315 Thread 0x000001d3f43a1720 Exception <a 'java/io/FileNotFoundException'{0x000000071e09db70}> (0x000000071e09db70) 
thrown [s\src\hotspot\share\prims\jni.cpp, line 516]
Event: 2828.319 Thread 0x000001d3f43a1720 Exception <a 'java/io/FileNotFoundException'{0x000000071e09f888}> (0x000000071e09f888) 
thrown [s\src\hotspot\share\prims\jni.cpp, line 516]
Event: 2833.316 Thread 0x000001d3f43a1720 Exception <a 'java/io/FileNotFoundException'{0x000000071db6f728}> (0x000000071db6f728) 
thrown [s\src\hotspot\share\prims\jni.cpp, line 516]
Event: 2833.319 Thread 0x000001d3f43a1720 Exception <a 'java/io/FileNotFoundException'{0x000000071db6fef0}> (0x000000071db6fef0) 
thrown [s\src\hotspot\share\prims\jni.cpp, line 516]
Event: 2838.317 Thread 0x000001d3f43a1720 Exception <a 'java/io/FileNotFoundException'{0x000000071d1cb3f8}> (0x000000071d1cb3f8) 
thrown [s\src\hotspot\share\prims\jni.cpp, line 516]
Event: 2838.320 Thread 0x000001d3f43a1720 Exception <a 'java/io/FileNotFoundException'{0x000000071d1cbbc0}> (0x000000071d1cbbc0) 
thrown [s\src\hotspot\share\prims\jni.cpp, line 516]
Event: 2842.294 Thread 0x000001d382ca5fa0 Exception <a 'java/lang/InterruptedException'{0x000000071cb609b8}: sleep interrupted> (0x000000071cb609b8) 
thrown [s\src\hotspot\share\prims\jvm.cpp, line 3070]
Event: 2843.319 Thread 0x000001d3f43a1720 Exception <a 'java/io/FileNotFoundException'{0x00000007213ee138}> (0x00000007213ee138) 
thrown [s\src\hotspot\share\prims\jni.cpp, line 516]
Event: 2843.320 Thread 0x000001d3f43a1720 Exception <a 'java/io/FileNotFoundException'{0x00000007213ee900}> (0x00000007213ee900) 
thrown [s\src\hotspot\share\prims\jni.cpp, line 516]
Event: 2848.320 Thread 0x000001d3f43a1720 Exception <a 'java/io/FileNotFoundException'{0x0000000720563f00}> (0x0000000720563f00) 
thrown [s\src\hotspot\share\prims\jni.cpp, line 516]
Event: 2848.322 Thread 0x000001d3f43a1720 Exception <a 'java/io/FileNotFoundException'{0x00000007205646c8}> (0x00000007205646c8) 
thrown [s\src\hotspot\share\prims\jni.cpp, line 516]
Event: 2853.320 Thread 0x000001d3f43a1720 Exception <a 'java/io/FileNotFoundException'{0x000000071f4b64d0}> (0x000000071f4b64d0) 
thrown [s\src\hotspot\share\prims\jni.cpp, line 516]
Event: 2853.322 Thread 0x000001d3f43a1720 Exception <a 'java/io/FileNotFoundException'{0x000000071f4b6c98}> (0x000000071f4b6c98) 
thrown [s\src\hotspot\share\prims\jni.cpp, line 516]
Event: 2858.321 Thread 0x000001d3f43a1720 Exception <a 'java/io/FileNotFoundException'{0x000000071f333680}> (0x000000071f333680) 
thrown [s\src\hotspot\share\prims\jni.cpp, line 516]
Event: 2858.323 Thread 0x000001d3f43a1720 Exception <a 'java/io/FileNotFoundException'{0x000000071f335420}> (0x000000071f335420) 
thrown [s\src\hotspot\share\prims\jni.cpp, line 516]
Event: 2861.210 Thread 0x000001d382ca5ad0 Exception <a 'java/lang/InterruptedException'{0x000000071f14f800}: sleep interrupted> (0x000000071f14f800) 
thrown [s\src\hotspot\share\prims\jvm.cpp, line 3070]

VM Operations (20 events):
Event: 2842.319 Executing VM operation: G1CollectForAllocation
Event: 2842.324 Executing VM operation: G1CollectForAllocation done
Event: 2843.324 Executing VM operation: Cleanup
Event: 2843.324 Executing VM operation: Cleanup done
Event: 2844.325 Executing VM operation: Cleanup
Event: 2844.325 Executing VM operation: Cleanup done
Event: 2845.326 Executing VM operation: Cleanup
Event: 2845.327 Executing VM operation: Cleanup done
Event: 2846.502 Executing VM operation: G1CollectForAllocation
Event: 2846.508 Executing VM operation: G1CollectForAllocation done
Event: 2848.507 Executing VM operation: Cleanup
Event: 2848.507 Executing VM operation: Cleanup done
Event: 2850.508 Executing VM operation: Cleanup
Event: 2850.509 Executing VM operation: Cleanup done
Event: 2852.509 Executing VM operation: Cleanup
Event: 2852.509 Executing VM operation: Cleanup done
Event: 2853.509 Executing VM operation: Cleanup
Event: 2853.509 Executing VM operation: Cleanup done
Event: 2861.512 Executing VM operation: Cleanup
Event: 2861.512 Executing VM operation: Cleanup done

Events (20 events):
Event: 2858.340 Thread 0x000001d382ca42c0 Thread added: 0x000001d382ca42c0
Event: 2858.348 Thread 0x000001d382ca42c0 Thread exited: 0x000001d382ca42c0
Event: 2859.340 Thread 0x000001d382ca42c0 Thread added: 0x000001d382ca42c0
Event: 2859.346 Thread 0x000001d382ca42c0 Thread exited: 0x000001d382ca42c0
Event: 2860.341 Thread 0x000001d382ca42c0 Thread added: 0x000001d382ca42c0
Event: 2860.347 Thread 0x000001d382ca42c0 Thread exited: 0x000001d382ca42c0
Event: 2861.210 Thread 0x000001d382ca42c0 Thread added: 0x000001d382ca42c0
Event: 2861.210 Thread 0x000001d382ca9960 Thread added: 0x000001d382ca9960
Event: 2861.210 Thread 0x000001d382ca8150 Thread added: 0x000001d382ca8150
Event: 2861.210 Thread 0x000001d382ca5ad0 Thread exited: 0x000001d382ca5ad0
Event: 2861.293 Thread 0x000001d382ca8150 Thread exited: 0x000001d382ca8150
Event: 2861.410 Thread 0x000001d382ca6e10 Thread added: 0x000001d382ca6e10
Event: 2861.443 Thread 0x000001d382ca8af0 Thread added: 0x000001d382ca8af0
Event: 2861.453 Thread 0x000001d382ca8af0 Thread exited: 0x000001d382ca8af0
Event: 2861.454 Thread 0x000001d382ca6e10 Thread exited: 0x000001d382ca6e10
Event: 2861.794 Thread 0x000001d382ca8620 Thread added: 0x000001d382ca8620
Event: 2861.794 Thread 0x000001d382ca6470 Thread added: 0x000001d382ca6470
Event: 2861.794 Thread 0x000001d382ca72e0 Thread added: 0x000001d382ca72e0
Event: 2861.794 Thread 0x000001d382ca9e30 Thread added: 0x000001d382ca9e30
Event: 2861.818 Thread 0x000001d382ca6470 Thread exited: 0x000001d382ca6470


Dynamic libraries:
0x00007ff61e210000 - 0x00007ff61e241000 	C:\Vivado\2023.2\bin\unwrapped\win64.o\vivado.exe
0x00007ff98c280000 - 0x00007ff98c4e3000 	C:\WINDOWS\SYSTEM32\ntdll.dll
0x00007ff98b1c0000 - 0x00007ff98b287000 	C:\WINDOWS\System32\KERNEL32.DLL
0x00007ff989cd0000 - 0x00007ff98a099000 	C:\WINDOWS\System32\KERNELBASE.dll
0x00007ff989820000 - 0x00007ff98996c000 	C:\WINDOWS\System32\ucrtbase.dll
0x00007ff8e8b30000 - 0x00007ff8e8b4e000 	C:\WINDOWS\SYSTEM32\VCRUNTIME140.dll
0x00007ff916180000 - 0x00007ff91782a000 	C:\Vivado\2023.2\lib\win64.o\librdi_common.dll
0x00007ff8e8aa0000 - 0x00007ff8e8b2d000 	C:\WINDOWS\SYSTEM32\MSVCP140.dll
0x00007ff900ba0000 - 0x00007ff900bac000 	C:\WINDOWS\SYSTEM32\VCRUNTIME140_1.dll
0x00007ff98a0b0000 - 0x00007ff98a27a000 	C:\WINDOWS\System32\USER32.dll
0x00007ff918b80000 - 0x00007ff918fb0000 	C:\Vivado\2023.2\lib\win64.o\python38.dll
0x00007ff9895d0000 - 0x00007ff9895f7000 	C:\WINDOWS\System32\win32u.dll
0x00007ff915e10000 - 0x00007ff91617e000 	C:\Vivado\2023.2\lib\win64.o\libCOIN-all.dll
0x00007ff98b190000 - 0x00007ff98b1ba000 	C:\WINDOWS\System32\GDI32.dll
0x00007ff989a10000 - 0x00007ff989b41000 	C:\WINDOWS\System32\gdi32full.dll
0x00007ff989770000 - 0x00007ff989813000 	C:\WINDOWS\System32\msvcp_win.dll
0x00007ff977aa0000 - 0x00007ff977ab1000 	C:\Vivado\2023.2\lib\win64.o\libboost_date_time.dll
0x00007ff98be50000 - 0x00007ff98bead000 	C:\WINDOWS\System32\SHLWAPI.dll
0x00007ff98b7d0000 - 0x00007ff98b882000 	C:\WINDOWS\System32\ADVAPI32.dll
0x00007ff98b3c0000 - 0x00007ff98b469000 	C:\WINDOWS\System32\msvcrt.dll
0x00007ff983550000 - 0x00007ff983571000 	C:\Vivado\2023.2\lib\win64.o\libboost_filesystem.dll
0x00007ff98ace0000 - 0x00007ff98ad54000 	C:\WINDOWS\System32\WS2_32.dll
0x00007ff98b070000 - 0x00007ff98b186000 	C:\WINDOWS\System32\RPCRT4.dll
0x00007ff98a370000 - 0x00007ff98a416000 	C:\WINDOWS\System32\sechost.dll
0x00007ff93c530000 - 0x00007ff93c5a9000 	C:\Vivado\2023.2\lib\win64.o\libboost_program_options.dll
0x00007ff98a420000 - 0x00007ff98ab35000 	C:\WINDOWS\System32\SHELL32.dll
0x00007ff915cf0000 - 0x00007ff915e04000 	C:\Vivado\2023.2\lib\win64.o\libboost_regex.dll
0x00007ff976c50000 - 0x00007ff976c6c000 	C:\Vivado\2023.2\lib\win64.o\libboost_thread.dll
0x00007ff989600000 - 0x00007ff989768000 	C:\WINDOWS\System32\wintypes.dll
0x00007ff98beb0000 - 0x00007ff98c232000 	C:\WINDOWS\System32\combase.dll
0x00007ff936390000 - 0x00007ff936412000 	C:\Vivado\2023.2\lib\win64.o\libhdlpsolve.dll
0x00007ff989540000 - 0x00007ff9895bf000 	C:\WINDOWS\System32\WINTRUST.dll
0x00007ff984570000 - 0x00007ff98457c000 	C:\Vivado\2023.2\lib\win64.o\libboost_xilinx.dll
0x00007ff914cc0000 - 0x00007ff915ce4600 	C:\Vivado\2023.2\lib\win64.o\libisl_iostreams.dll
0x00007ff966a10000 - 0x00007ff966a3a000 	C:\Vivado\2023.2\lib\win64.o\libisl_sysinfo.dll
0x00007ff936230000 - 0x00007ff9362d5000 	C:\Vivado\2023.2\lib\win64.o\libhdxml.dll
0x00007ff93f270000 - 0x00007ff93f2d5000 	C:\Vivado\2023.2\lib\win64.o\liblmx6.0.dll
0x00007ff970e50000 - 0x00007ff970e6a000 	C:\Vivado\2023.2\lib\win64.o\pthreadVC2.dll
0x00007ff9189c0000 - 0x00007ff918b76000 	C:\Vivado\2023.2\lib\win64.o\librdi_commonxillic.dll
0x00007ff9669b0000 - 0x00007ff9669cc000 	C:\Vivado\2023.2\lib\win64.o\librdiconfig.dll
0x0000000062580000 - 0x00000000626ac000 	C:\Vivado\2023.2\lib\win64.o\tcl85t.dll
0x00007ff949540000 - 0x00007ff949561000 	C:\Vivado\2023.2\lib\win64.o\librdizlib.dll
0x00007ff979cb0000 - 0x00007ff979cbb000 	C:\WINDOWS\SYSTEM32\VERSION.dll
0x00007ff96f5a0000 - 0x00007ff96f5ba000 	C:\WINDOWS\SYSTEM32\NETAPI32.dll
0x00007ff968180000 - 0x00007ff968403000 	C:\WINDOWS\SYSTEM32\WININET.dll
0x00007ff9149f0000 - 0x00007ff914cb1000 	C:\Vivado\2023.2\lib\win64.o\xerces-c_3_2.dll
0x00007ff980c00000 - 0x00007ff980d1e000 	C:\WINDOWS\SYSTEM32\WINHTTP.dll
0x00007ff964b60000 - 0x00007ff964d3c000 	C:\WINDOWS\SYSTEM32\urlmon.dll
0x00007ff904810000 - 0x00007ff906727000 	C:\Vivado\2023.2\lib\win64.o\gurobi90.dll
0x00007ff87a6e0000 - 0x00007ff87a6ea000 	C:\WINDOWS\SYSTEM32\WSOCK32.dll
0x00007ff989b50000 - 0x00007ff989cc7000 	C:\WINDOWS\System32\CRYPT32.dll
0x00007ff98b2a0000 - 0x00007ff98b313000 	C:\WINDOWS\System32\WLDAP32.dll
0x00007ff988db0000 - 0x00007ff988dd6000 	C:\WINDOWS\SYSTEM32\bcrypt.dll
0x00007ff98b290000 - 0x00007ff98b298000 	C:\WINDOWS\System32\Normaliz.dll
0x00007ff93f730000 - 0x00007ff93f760000 	C:\WINDOWS\SYSTEM32\VCOMP140.DLL
0x00007ff93f0b0000 - 0x00007ff93f0d4000 	C:\Vivado\2023.2\lib\win64.o\libisl_iosutils.dll
0x00007ff9666e0000 - 0x00007ff9666f8000 	C:\Vivado\2023.2\lib\win64.o\libboost_iostreams.dll
0x00007ff964890000 - 0x00007ff964b5a000 	C:\WINDOWS\SYSTEM32\iertutil.dll
0x00007ff9146c0000 - 0x00007ff9149ed000 	C:\Vivado\2023.2\lib\win64.o\libXil_lmgr11.dll
0x00007ff987120000 - 0x00007ff987965000 	C:\WINDOWS\SYSTEM32\windows.storage.dll
0x00007ff98ae10000 - 0x00007ff98af01000 	C:\WINDOWS\System32\COMDLG32.dll
0x00007ff98a280000 - 0x00007ff98a36b000 	C:\WINDOWS\System32\shcore.dll
0x00007ff98b6f0000 - 0x00007ff98b7c6000 	C:\WINDOWS\System32\OLEAUT32.dll
0x00007ff98ab40000 - 0x00007ff98acd5000 	C:\WINDOWS\System32\ole32.dll
0x00007ff96f560000 - 0x00007ff96f589000 	C:\WINDOWS\SYSTEM32\srvcli.dll
0x00007ff987bf0000 - 0x00007ff987bfd000 	C:\WINDOWS\SYSTEM32\netutils.dll
0x00007ff93c2a0000 - 0x00007ff93c354000 	C:\WINDOWS\WinSxS\amd64_microsoft.windows.common-controls_6595b64144ccf1df_5.82.26100.1882_none_87f34cef7a28f535\COMCTL32.dll
0x00007ff983a20000 - 0x00007ff983a45000 	C:\WINDOWS\SYSTEM32\dhcpcsvc.DLL
0x00007ff988800000 - 0x00007ff98882b000 	C:\WINDOWS\SYSTEM32\USERENV.dll
0x00007ff988760000 - 0x00007ff9887ca000 	C:\WINDOWS\SYSTEM32\MSWSOCK.DLL
0x00007ff984620000 - 0x00007ff98463c000 	C:\Vivado\2023.2\lib\win64.o\librdi_commonmain.dll
0x00007ff9845e0000 - 0x00007ff9845e9000 	C:\Vivado\2023.2\lib\win64.o\librdi_commonversion.dll
0x00007ff98adb0000 - 0x00007ff98addf000 	C:\WINDOWS\System32\IMM32.DLL
0x00007ff988c80000 - 0x00007ff988c93000 	C:\WINDOWS\SYSTEM32\MSASN1.dll
0x00007ff988c20000 - 0x00007ff988c3c000 	C:\WINDOWS\SYSTEM32\CRYPTSP.dll
0x00007ff9881c0000 - 0x00007ff9881fa000 	C:\WINDOWS\system32\rsaenh.dll
0x00007ff988990000 - 0x00007ff98899c000 	C:\WINDOWS\SYSTEM32\CRYPTBASE.dll
0x00007ff989970000 - 0x00007ff989a09000 	C:\WINDOWS\System32\bcryptPrimitives.dll
0x00007ff98b650000 - 0x00007ff98b670000 	C:\WINDOWS\System32\imagehlp.dll
0x00007ff988260000 - 0x00007ff98827a000 	C:\WINDOWS\SYSTEM32\kernel.appcore.dll
0x00007ff90bd00000 - 0x00007ff90c24d000 	C:\Vivado\2023.2\lib\win64.o\librdi_commontasks.dll
0x00007ff914390000 - 0x00007ff9146bb800 	C:\Vivado\2023.2\lib\win64.o\librdi_sio.dll
0x00007ff987d30000 - 0x00007ff987d63000 	C:\WINDOWS\SYSTEM32\IPHLPAPI.DLL
0x00007ff90a0b0000 - 0x00007ff90acf8000 	C:\Vivado\2023.2\tps\win64\jre17.0.7_7\bin\server\jvm.dll
0x00007ff980d30000 - 0x00007ff980d66000 	C:\WINDOWS\SYSTEM32\WINMM.dll
0x00007ff9887d0000 - 0x00007ff9887f7000 	C:\WINDOWS\SYSTEM32\gpapi.dll
0x00007ff965640000 - 0x00007ff96567b000 	C:\Windows\System32\cryptnet.dll
0x00007ff989390000 - 0x00007ff9893bf000 	C:\WINDOWS\SYSTEM32\profapi.dll
0x00007ff9867c0000 - 0x00007ff9867cf000 	C:\WINDOWS\SYSTEM32\WINNSI.DLL
0x00007ff98b3b0000 - 0x00007ff98b3ba000 	C:\WINDOWS\System32\NSI.dll
0x00007ff988500000 - 0x00007ff988548000 	C:\WINDOWS\SYSTEM32\SspiCli.dll
0x00007ff93ec00000 - 0x00007ff93ec18000 	C:\WINDOWS\system32\napinsp.dll
0x00007ff987e00000 - 0x00007ff987f25000 	C:\WINDOWS\SYSTEM32\DNSAPI.dll
0x00007ff93ebe0000 - 0x00007ff93ebf2000 	C:\WINDOWS\System32\winrnr.dll
0x00007ff93ebb0000 - 0x00007ff93ebd2000 	C:\WINDOWS\system32\nlansp_c.dll
0x00007ff93f020000 - 0x00007ff93f036000 	C:\WINDOWS\system32\wshbth.dll
0x00007ff8f58b0000 - 0x00007ff8f8676000 	C:\Vivado\2023.2\lib\win64.o\librdi_tcltasks.dll
0x00007ff91a4a0000 - 0x00007ff91a523000 	C:\Vivado\2023.2\lib\win64.o\librdi_boarddep.dll
0x00007ff912850000 - 0x00007ff912a50000 	C:\Vivado\2023.2\lib\win64.o\librdi_board.dll
0x00007ff90b530000 - 0x00007ff90ba11000 	C:\Vivado\2023.2\lib\win64.o\librdi_bitstream.dll
0x00007ff913e30000 - 0x00007ff913f5a000 	C:\Vivado\2023.2\lib\win64.o\librdi_chipscope.dll
0x00007ff90ea50000 - 0x00007ff90ec57000 	C:\Vivado\2023.2\lib\win64.o\librdi_chipscopeimpl.dll
0x00007ff90e8e0000 - 0x00007ff90ea4e000 	C:\Vivado\2023.2\lib\win64.o\librdi_containers.dll
0x00007ff8eec60000 - 0x00007ff8f0a67000 	C:\Vivado\2023.2\lib\win64.o\librdi_designutils.dll
0x00007ff90ae90000 - 0x00007ff90b22f000 	C:\Vivado\2023.2\lib\win64.o\librdi_dlyest.dll
0x00007ff907070000 - 0x00007ff9077a6000 	C:\Vivado\2023.2\lib\win64.o\librdi_drc.dll
0x00007ff91a3a0000 - 0x00007ff91a454000 	C:\Vivado\2023.2\lib\win64.o\librdi_dsp.dll
0x00007ff8f31b0000 - 0x00007ff8f58a5000 	C:\Vivado\2023.2\lib\win64.o\librdi_constraints.dll
0x00007ff936320000 - 0x00007ff93638b000 	C:\Vivado\2023.2\lib\win64.o\librdi_hdf.dll
0x00007ff903200000 - 0x00007ff904803000 	C:\Vivado\2023.2\lib\win64.o\librdi_device.dll
0x00007ff8f0a70000 - 0x00007ff8f31a6000 	C:\Vivado\2023.2\lib\win64.o\librdi_coregen.dll
0x00007ff90ceb0000 - 0x00007ff90d194000 	C:\Vivado\2023.2\lib\win64.o\librdi_hip_devdesign.dll
0x00007ff911770000 - 0x00007ff9118b8000 	C:\Vivado\2023.2\lib\win64.o\librdi_hip_perf_analysis.dll
0x00007ff9068b0000 - 0x00007ff90706f000 	C:\Vivado\2023.2\lib\win64.o\librdi_filemgmt.dll
0x00007ff8eddb0000 - 0x00007ff8eec60000 	C:\Vivado\2023.2\lib\win64.o\librdi_ippcw.dll
0x00007ff901b70000 - 0x00007ff90240a000 	C:\Vivado\2023.2\lib\win64.o\librdi_lopt.dll
0x00007ff8e4060000 - 0x00007ff8e51a3000 	C:\Vivado\2023.2\lib\win64.o\librdi_implflow.dll
0x00007ff902ba0000 - 0x00007ff9031f6000 	C:\Vivado\2023.2\lib\win64.o\librdi_memdata.dll
0x00007ff91a2d0000 - 0x00007ff91a34d000 	C:\Vivado\2023.2\lib\win64.o\librdi_memoryarray.dll
0x00007ff9188b0000 - 0x00007ff918922000 	C:\Vivado\2023.2\lib\win64.o\librdi_noc_frameworks.dll
0x00007ff91a7e0000 - 0x00007ff91a83c000 	C:\Vivado\2023.2\lib\win64.o\librdi_pfi.dll
0x00007ff88b4d0000 - 0x00007ff88df11000 	C:\Vivado\2023.2\lib\win64.o\librdi_mig.dll
0x00007ff8eaa30000 - 0x00007ff8eb234000 	C:\Vivado\2023.2\lib\win64.o\librdi_netlist.dll
0x00007ff8e3760000 - 0x00007ff8e4052000 	C:\Vivado\2023.2\lib\win64.o\librdi_power.dll
0x00007ff8e9480000 - 0x00007ff8e98fe000 	C:\Vivado\2023.2\lib\win64.o\librdi_platform.dll
0x00007ff888610000 - 0x00007ff88b4cc000 	C:\Vivado\2023.2\lib\win64.o\librdi_place.dll
0x00007ff8e2ed0000 - 0x00007ff8e375b000 	C:\Vivado\2023.2\lib\win64.o\librdi_project.dll
0x00007ff8e2750000 - 0x00007ff8e2ec7000 	C:\Vivado\2023.2\lib\win64.o\librdi_psta.dll

dbghelp: loaded successfully - version: 4.0.5 - missing functions: none
symbol engine: initialized successfully - sym options: 0x614 - pdb path: .;C:\Vivado\2023.2\bin\unwrapped\win64.o;C:\WINDOWS\SYSTEM32;C:\Vivado\2023.2\lib\win64.o;C:\WINDOWS\WinSxS\amd64_microsoft.windows.common-controls_6595b64144ccf1df_5.82.26100.1882_none_87f34cef7a28f535;C:\Vivado\2023.2\tps\win64\jre17.0.7_7\bin\server;C:\Vivado\2023.2\tps\win64\jre17.0.7_7\bin;C:\WINDOWS\WinSxS\amd64_microsoft.windows.common-controls_6595b64144ccf1df_6.0.26100.3323_none_3e088096e3344490

VM Arguments:
jvm_args: -Dsun.java2d.pmoffscreen=false -Dhttps.protocols=TLSv1,TLSv1.1,TLSv1.2 -Dsun.java2d.xrender=false -Dsun.java2d.d3d=false -Dsun.awt.nopixfmt=true -Dsun.java2d.dpiaware=true -Dsun.java2d.uiScale.enabled=false -Dswing.aatext=true -XX:-UsePerfData -Djdk.map.althashing.threshold=512 -XX:StringTableSize=4072 -XX:+UseStringDeduplication -XX:MaxGCPauseMillis=200 -XX:+ParallelRefProcEnabled --add-opens=java.desktop/javax.swing.plaf.synth=ALL-UNNAMED --add-opens=java.base/java.nio=ALL-UNNAMED --add-opens=java.desktop/sun.swing=ALL-UNNAMED --add-opens=java.desktop/javax.swing=ALL-UNNAMED --add-opens=java.desktop/javax.swing.tree=ALL-UNNAMED --add-opens=java.desktop/javax.swing.plaf.basic=ALL-UNNAMED --add-opens=java.desktop/javax.swing.plaf.synth=ALL-UNNAMED --add-opens=java.desktop/javax.swing.plaf.basic=ALL-UNNAMED --add-opens=java.desktop/javax.swing=ALL-UNNAMED --add-opens=java.desktop/javax.swing.tree=ALL-UNNAMED --add-opens=java.desktop/java.awt.event=ALL-UNNAMED --add-exports=java.desktop/javax.swing.plaf.synth=ALL-UNNAMED --add-exports=java.base/java.nio=ALL-UNNAMED --add-exports=java.desktop/sun.swing=ALL-UNNAMED --add-exports=java.desktop/javax.swing=ALL-UNNAMED --add-exports=java.desktop/javax.swing.tree=ALL-UNNAMED --add-exports=java.desktop/javax.swing.plaf.basic=ALL-UNNAMED --add-exports=java.desktop/sun.swing=ALL-UNNAMED --add-exports=java.desktop/sun.swing.table=ALL-UNNAMED --add-exports=java.desktop/sun.swing.plaf.synth=ALL-UNNAMED --add-exports=java.desktop/sun.awt.shell=ALL-UNNAMED --add-exports=java.base/sun.security.action=ALL-UNNAMED --add-exports=java.desktop/sun.font=ALL-UNNAMED -XX:NewSize=80m -XX:MaxNewSize=80m -Xms512m -Xmx4072m -Xss10m 
java_command: <unknown>
java_class_path (initial): C:/Vivado/2023.2\lib\classes\alloy.jar;C:/Vivado/2023.2\lib\classes\asm-9.3.jar;C:/Vivado/2023.2\lib\classes\asm-analysis-9.3.jar;C:/Vivado/2023.2\lib\classes\asm-commons-9.3.jar;C:/Vivado/2023.2\lib\classes\asm-tree-9.3.jar;C:/Vivado/2023.2\lib\classes\autoesl-models.jar;C:/Vivado/2023.2\lib\classes\batik-anim.jar;C:/Vivado/2023.2\lib\classes\batik-awt-util.jar;C:/Vivado/2023.2\lib\classes\batik-bridge.jar;C:/Vivado/2023.2\lib\classes\batik-codec.jar;C:/Vivado/2023.2\lib\classes\batik-constants.jar;C:/Vivado/2023.2\lib\classes\batik-css.jar;C:/Vivado/2023.2\lib\classes\batik-dom.jar;C:/Vivado/2023.2\lib\classes\batik-ext.jar;C:/Vivado/2023.2\lib\classes\batik-gui-util.jar;C:/Vivado/2023.2\lib\classes\batik-gvt.jar;C:/Vivado/2023.2\lib\classes\batik-i18n.jar;C:/Vivado/2023.2\lib\classes\batik-parser.jar;C:/Vivado/2023.2\lib\classes\batik-script.jar;C:/Vivado/2023.2\lib\classes\batik-svg-dom.jar;C:/Vivado/2023.2\lib\classes\batik-svggen.jar;C:/Vivado/2023.2\lib\classes\batik-swing.jar;C:/Vivado/2023.2\lib\classes\batik-transcoder.jar;C:/Vivado/2023.2\lib\classes\batik-util.jar;C:/Vivado/2023.2\lib\classes\batik-xml.jar;C:/Vivado/2023.2\lib\classes\com.fasterxml.jackson.core.jackson-annotations_2.12.1.v20210128-1726.jar;C:/Vivado/2023.2\lib\classes\com.fasterxml.jackson.core.jackson-core_2.12.1.v20210128-1726.jar;C:/Vivado/2023.2\lib\classes\com.fasterxml.jackson.core.jackson-databind_2.12.1.v20210128-1726.jar;C:/Vivado/2023.2\lib\classes\com.google.gson_2.8.9.v20220111-1409.jar;C:/Vivado/2023.2\lib\classes\com.google.guava_30.1.0.v20210127-2300.jar;C:/Vivado/2023.2\lib\classes\com.sigasi.hdt.connection_4.17.2.202304211001.jar;C:/Vivado/2023.2\lib\classes\com.sigasi.hdt.epl_4.17.2.202304211001.jar;C:/Vivado/2023.2\lib\classes\com.sigasi.hdt.project_4.17.2.202304211001.jar;C:/Vivado/2023.2\lib\classes\com.sigasi.hdt.readonlyfilesystem_4.17.2.202304211001.jar;C:/Vivado/2023.2\lib\classes\com.sigasi.hdt.shared_4.17.2.202304211001.jar;C:/Vivad
Launcher Type: generic

[Global flags]
     intx CICompilerCount                          = 4                                         {product} {ergonomic}
     uint ConcGCThreads                            = 3                                         {product} {ergonomic}
     uint G1ConcRefinementThreads                  = 10                                        {product} {ergonomic}
   size_t G1HeapRegionSize                         = 2097152                                   {product} {ergonomic}
    uintx GCDrainStackTargetSize                   = 64                                        {product} {ergonomic}
   size_t InitialHeapSize                          = 536870912                                 {product} {command line}
   size_t MarkStackSize                            = 4194304                                   {product} {ergonomic}
    uintx MaxGCPauseMillis                         = 200                                       {product} {command line}
   size_t MaxHeapSize                              = 4269801472                                {product} {command line}
   size_t MaxNewSize                               = 83886080                                  {product} {command line}
   size_t MinHeapDeltaBytes                        = 2097152                                   {product} {ergonomic}
   size_t MinHeapSize                              = 536870912                                 {product} {command line}
   size_t NewSize                                  = 83886080                                  {product} {command line}
    uintx NonNMethodCodeHeapSize                   = 5839372                                {pd product} {ergonomic}
    uintx NonProfiledCodeHeapSize                  = 122909434                              {pd product} {ergonomic}
     bool ParallelRefProcEnabled                   = true                                      {product} {command line}
    uintx ProfiledCodeHeapSize                     = 122909434                              {pd product} {ergonomic}
    uintx ReservedCodeCacheSize                    = 251658240                              {pd product} {ergonomic}
     bool SegmentedCodeCache                       = true                                      {product} {ergonomic}
   size_t SoftMaxHeapSize                          = 4269801472                             {manageable} {ergonomic}
    uintx StringTableSize                          = 4072                                      {product} {command line}
     intx ThreadStackSize                          = 10240                                  {pd product} {command line}
     bool UseCompressedClassPointers               = true                           {product lp64_product} {ergonomic}
     bool UseCompressedOops                        = true                           {product lp64_product} {ergonomic}
     bool UseG1GC                                  = true                                      {product} {ergonomic}
     bool UseLargePagesIndividualAllocation        = false                                  {pd product} {ergonomic}
     bool UsePerfData                              = false                                     {product} {command line}
     bool UseStringDeduplication                   = true                                      {product} {command line}

Logging:
Log output configuration:
 #0: stdout all=warning uptime,level,tags
 #1: stderr all=off uptime,level,tags

Environment Variables:
PATH=C:/Vivado/2023.2/bin;C:/Vivado/2023.2/tps/win64/java-cef-95.0.4638.69/bin/lib/win64;C:/Vivado/2023.2/tps/win64/javafx-sdk-17.0.1/lib;C:/Vivado/2023.2/tps/win64/javafx-sdk-17.0.1/bin;C:/Vivado/2023.2/lib/win64.o;C:/Vivado/2023.2/tps/win64/jre17.0.7_7/bin/server;C:/Vivado/2023.2/tps/win64/jre17.0.7_7/bin;C:/Vivado/2023.2/ids_lite/ISE/bin/nt64;C:/Vivado/2023.2/ids_lite/ISE/lib/nt64;C:/Vitis_HLS/2023.2/bin;C:\WINDOWS\system32;C:\WINDOWS;C:\WINDOWS\System32\Wbem;C:\WINDOWS\System32\WindowsPowerShell\v1.0\;C:\WINDOWS\System32\OpenSSH\;C:\Program Files\dotnet\;C:\Program Files\MATLAB\R2024b\bin;C:\Program Files\MATLAB\R2023b\bin;C:\mingw64\bin;C:\Program Files\Git\cmd;C:\Users\shane\AppData\Local\Programs\Python\Launcher\;C:\Program Files (x86)\GNU Arm Embedded Toolchain\10 2021.10\bin;C:\Users\shane\AppData\Local\Microsoft\WindowsApps;C:\Users\shane\AppData\Local\Programs\Microsoft VS Code\bin;C:\Users\shane\Downloads\winlibs-x86_64-posix-seh-gcc-14.2.0-llvm-18.1.8-mingw-w64ucrt-12.0.0-r1.7z\mingw64\bin;C:/Vivado/2023.2\tps\mingw\6.2.0\win64.o\nt\bin;C:/Vivado/2023.2\tps\mingw\6.2.0\win64.o\nt\libexec\gcc\x86_64-w64-mingw32\6.2.0;C:/Vivado/2023.2\tps\win64\python-3.8.3;C:/Vivado/2023.2\tps\win64\python-3.8.3\bin;C:/Vivado/2023.2\tps\win64\python-3.8.3\lib;C:/Vivado/2023.2\tps\win64\python-3.8.3\lib\site-packages
USERNAME=shane
OS=Windows_NT
PROCESSOR_IDENTIFIER=Intel64 Family 6 Model 154 Stepping 4, GenuineIntel
TMP=C:\Users\shane\AppData\Local\Temp
TEMP=C:\Users\shane\AppData\Local\Temp



---------------  S Y S T E M  ---------------

OS:
 Windows 11 , 64 bit Build 26100 (10.0.26100.3323)
OS uptime: 1 days 5:01 hours
Hyper-V role detected

CPU: total 12 (initial active 12) (6 cores per cpu, 2 threads per core) family 6 model 154 stepping 4 microcode 0x435, cx8, cmov, fxsr, ht, mmx, 3dnowpref, sse, sse2, sse3, ssse3, sse4.1, sse4.2, popcnt, lzcnt, tsc, tscinvbit, avx, avx2, aes, erms, clmul, bmi1, bmi2, adx, sha, fma, vzeroupper, clflush, clflushopt, clwb, hv

Memory: 4k page, system-wide physical 16004M (2074M free)
TotalPageFile size 22797M (AvailPageFile size 1889M)
current process WorkingSet (physical memory assigned to process): 1120M, peak: 1213M
current process commit charge ("private bytes"): 1468M, peak: 2376M

vm_info: OpenJDK 64-Bit Server VM (17.0.7+7) for windows-amd64 JRE (17.0.7+7), built on Apr 18 2023 22:10:42 by "temurin" with MS VC++ 16.7 (VS2019)

END.
