#-----------------------------------------------------------
# Vivado v2024.1 (64-bit)
# SW Build 5076996 on Wed May 22 18:37:14 MDT 2024
# IP Build 5075265 on Wed May 22 21:45:21 MDT 2024
# SharedData Build 5076995 on Wed May 22 18:29:18 MDT 2024
# Start of session at: Fri Mar 21 17:43:31 2025
# Process ID: 11592
# Current directory: C:/Users/sodonne8/OneDrive - Trinity College Dublin/Documents/GitHub/DIGITAL-SYSTEMS-DESIGN/Lab F/project_F
# Command line: vivado.exe -gui_launcher_event rodinguilauncherevent2616 C:\Users\sodonne8\OneDrive - Trinity College Dublin\Documents\GitHub\DIGITAL-SYSTEMS-DESIGN\Lab F\project_F\project_F.xpr
# Log file: C:/Users/sodonne8/OneDrive - Trinity College Dublin/Documents/GitHub/DIGITAL-SYSTEMS-DESIGN/Lab F/project_F/vivado.log
# Journal file: C:/Users/sodonne8/OneDrive - Trinity College Dublin/Documents/GitHub/DIGITAL-SYSTEMS-DESIGN/Lab F/project_F\vivado.jou
# Running On        :LG25-C7097F3
# Platform          :Windows Server 2016 or Windows 10
# Operating System  :22631
# Processor Detail  :Intel(R) Core(TM) i7-10700 CPU @ 2.90GHz
# CPU Frequency     :2904 MHz
# CPU Physical cores:8
# CPU Logical cores :16
# Host memory       :16881 MB
# Swap memory       :2550 MB
# Total Virtual     :19431 MB
# Available Virtual :9751 MB
#-----------------------------------------------------------
start_gui
WARNING: [Board 49-26] cannot add Board Part xilinx.com:kc705:part0:1.6 available at C:/Xilinx/Vivado/2024.1/data/xhub/boards/XilinxBoardStore/boards/Xilinx/kc705/1.6/board.xml as part xc7k325tffg900-2 specified in board_part file is either invalid or not available
WARNING: [Board 49-26] cannot add Board Part xilinx.com:kcu105:part0:1.6 available at C:/Xilinx/Vivado/2024.1/data/xhub/boards/XilinxBoardStore/boards/Xilinx/kcu105/1.6/board.xml as part xcku040-ffva1156-2-e specified in board_part file is either invalid or not available
WARNING: [Board 49-26] cannot add Board Part xilinx.com:kcu105:part0:1.7 available at C:/Xilinx/Vivado/2024.1/data/xhub/boards/XilinxBoardStore/boards/Xilinx/kcu105/1.7/board.xml as part xcku040-ffva1156-2-e specified in board_part file is either invalid or not available
WARNING: [Board 49-26] cannot add Board Part xilinx.com:kcu1500:part0:1.2 available at C:/Xilinx/Vivado/2024.1/data/xhub/boards/XilinxBoardStore/boards/Xilinx/kcu1500/1.2/board.xml as part xcku115-flvb2104-2-e specified in board_part file is either invalid or not available
WARNING: [Board 49-26] cannot add Board Part xilinx.com:vc707:part0:1.4 available at C:/Xilinx/Vivado/2024.1/data/xhub/boards/XilinxBoardStore/boards/Xilinx/vc707/1.4/board.xml as part xc7vx485tffg1761-2 specified in board_part file is either invalid or not available
WARNING: [Board 49-26] cannot add Board Part xilinx.com:vc709:part0:1.8 available at C:/Xilinx/Vivado/2024.1/data/xhub/boards/XilinxBoardStore/boards/Xilinx/vc709/1.8/board.xml as part xc7vx690tffg1761-2 specified in board_part file is either invalid or not available
WARNING: [Board 49-26] cannot add Board Part xilinx.com:vck190:part0:2.2 available at C:/Xilinx/Vivado/2024.1/data/xhub/boards/XilinxBoardStore/boards/Xilinx/vck190/production/2.2/board.xml as part xcvc1902-vsva2197-2mp-e-s specified in board_part file is either invalid or not available
WARNING: [Board 49-26] cannot add Board Part xilinx.com:vck190:part0:3.0 available at C:/Xilinx/Vivado/2024.1/data/xhub/boards/XilinxBoardStore/boards/Xilinx/vck190/production/3.0/board.xml as part xcvc1902-vsva2197-2mp-e-s specified in board_part file is either invalid or not available
WARNING: [Board 49-26] cannot add Board Part xilinx.com:vck190:part0:3.1 available at C:/Xilinx/Vivado/2024.1/data/xhub/boards/XilinxBoardStore/boards/Xilinx/vck190/production/3.1/board.xml as part xcvc1902-vsva2197-2mp-e-s specified in board_part file is either invalid or not available
WARNING: [Board 49-26] cannot add Board Part xilinx.com:vck190:part0:3.2 available at C:/Xilinx/Vivado/2024.1/data/xhub/boards/XilinxBoardStore/boards/Xilinx/vck190/production/3.2/board.xml as part xcvc1902-vsva2197-2mp-e-s specified in board_part file is either invalid or not available
WARNING: [Board 49-26] cannot add Board Part xilinx.com:vck190:part0:3.3 available at C:/Xilinx/Vivado/2024.1/data/xhub/boards/XilinxBoardStore/boards/Xilinx/vck190/production/3.3/board.xml as part xcvc1902-vsva2197-2mp-e-s specified in board_part file is either invalid or not available
WARNING: [Board 49-26] cannot add Board Part xilinx.com:vck190_newl:part0:1.0 available at C:/Xilinx/Vivado/2024.1/data/xhub/boards/XilinxBoardStore/boards/Xilinx/vck190_newl/production/1.0/board.xml as part xcvc1902-vsva2197-2mp-e-s specified in board_part file is either invalid or not available
WARNING: [Board 49-26] cannot add Board Part xilinx.com:vck190_newl:part0:1.1 available at C:/Xilinx/Vivado/2024.1/data/xhub/boards/XilinxBoardStore/boards/Xilinx/vck190_newl/production/1.1/board.xml as part xcvc1902-vsva2197-2mp-e-s specified in board_part file is either invalid or not available
WARNING: [Board 49-26] cannot add Board Part xilinx.com:vck190_newl:part0:1.2 available at C:/Xilinx/Vivado/2024.1/data/xhub/boards/XilinxBoardStore/boards/Xilinx/vck190_newl/production/1.2/board.xml as part xcvc1902-vsva2197-2mp-e-s specified in board_part file is either invalid or not available
WARNING: [Board 49-26] cannot add Board Part xilinx.com:vcu108:part0:1.6 available at C:/Xilinx/Vivado/2024.1/data/xhub/boards/XilinxBoardStore/boards/Xilinx/vcu108/1.6/board.xml as part xcvu095-ffva2104-2-e specified in board_part file is either invalid or not available
WARNING: [Board 49-26] cannot add Board Part xilinx.com:vcu108:part0:1.7 available at C:/Xilinx/Vivado/2024.1/data/xhub/boards/XilinxBoardStore/boards/Xilinx/vcu108/1.7/board.xml as part xcvu095-ffva2104-2-e specified in board_part file is either invalid or not available
WARNING: [Board 49-26] cannot add Board Part xilinx.com:vcu110:part0:1.4 available at C:/Xilinx/Vivado/2024.1/data/xhub/boards/XilinxBoardStore/boards/Xilinx/vcu110/1.4/board.xml as part xcvu190-flgc2104-2-e specified in board_part file is either invalid or not available
WARNING: [Board 49-26] cannot add Board Part xilinx.com:vcu118:part0:2.0 available at C:/Xilinx/Vivado/2024.1/data/xhub/boards/XilinxBoardStore/boards/Xilinx/vcu118/2.0/board.xml as part xcvu9p-flga2104-2l-e specified in board_part file is either invalid or not available
WARNING: [Board 49-26] cannot add Board Part xilinx.com:vcu118:part0:2.3 available at C:/Xilinx/Vivado/2024.1/data/xhub/boards/XilinxBoardStore/boards/Xilinx/vcu118/2.3/board.xml as part xcvu9p-flga2104-2l-e specified in board_part file is either invalid or not available
WARNING: [Board 49-26] cannot add Board Part xilinx.com:vcu118:part0:2.4 available at C:/Xilinx/Vivado/2024.1/data/xhub/boards/XilinxBoardStore/boards/Xilinx/vcu118/2.4/board.xml as part xcvu9p-flga2104-2l-e specified in board_part file is either invalid or not available
WARNING: [Board 49-26] cannot add Board Part xilinx.com:vcu129:part0:1.0 available at C:/Xilinx/Vivado/2024.1/data/xhub/boards/XilinxBoardStore/boards/Xilinx/vcu129/production/1.0/board.xml as part xcvu29p-fsga2577-2l-e specified in board_part file is either invalid or not available
WARNING: [Board 49-26] cannot add Board Part xilinx.com:vcu1525:part0:1.3 available at C:/Xilinx/Vivado/2024.1/data/xhub/boards/XilinxBoardStore/boards/Xilinx/vcu1525/1.3/board.xml as part xcvu9p-fsgd2104-2l-e specified in board_part file is either invalid or not available
WARNING: [Board 49-26] cannot add Board Part xilinx.com:vek280:part0:1.0 available at C:/Xilinx/Vivado/2024.1/data/xhub/boards/XilinxBoardStore/boards/Xilinx/vek280/production/1.0/board.xml as part xcve2802-vsvh1760-2mp-e-s specified in board_part file is either invalid or not available
WARNING: [Board 49-26] cannot add Board Part xilinx.com:vek280:part0:1.1 available at C:/Xilinx/Vivado/2024.1/data/xhub/boards/XilinxBoardStore/boards/Xilinx/vek280/production/1.1/board.xml as part xcve2802-vsvh1760-2mp-e-s specified in board_part file is either invalid or not available
WARNING: [Board 49-26] cannot add Board Part xilinx.com:vek280:part0:1.2 available at C:/Xilinx/Vivado/2024.1/data/xhub/boards/XilinxBoardStore/boards/Xilinx/vek280/production/1.2/board.xml as part xcve2802-vsvh1760-2mp-e-s specified in board_part file is either invalid or not available
WARNING: [Board 49-26] cannot add Board Part xilinx.com:vek280_es:part0:1.0 available at C:/Xilinx/Vivado/2024.1/data/xhub/boards/XilinxBoardStore/boards/Xilinx/vek280/es/rev_a/1.0/board.xml as part xcve2802-vsvh1760-2lp-e-s-es1 specified in board_part file is either invalid or not available
WARNING: [Board 49-26] cannot add Board Part xilinx.com:vek280_es:part0:1.1 available at C:/Xilinx/Vivado/2024.1/data/xhub/boards/XilinxBoardStore/boards/Xilinx/vek280/es/rev_a/1.1/board.xml as part xcve2802-vsvh1760-2lp-e-s-es1 specified in board_part file is either invalid or not available
WARNING: [Board 49-26] cannot add Board Part xilinx.com:vek280_es_revb:part0:1.0 available at C:/Xilinx/Vivado/2024.1/data/xhub/boards/XilinxBoardStore/boards/Xilinx/vek280/es/rev_b/1.0/board.xml as part xcve2802-vsvh1760-2mp-e-s-es1 specified in board_part file is either invalid or not available
WARNING: [Board 49-26] cannot add Board Part xilinx.com:vek280_es_revb:part0:1.1 available at C:/Xilinx/Vivado/2024.1/data/xhub/boards/XilinxBoardStore/boards/Xilinx/vek280/es/rev_b/1.1/board.xml as part xcve2802-vsvh1760-2mp-e-s-es1 specified in board_part file is either invalid or not available
WARNING: [Board 49-26] cannot add Board Part xilinx.com:vermeo_t1_mpsoc:part0:1.0 available at C:/Xilinx/Vivado/2024.1/data/xhub/boards/XilinxBoardStore/boards/Xilinx/vermeo_t1_mpsoc/1.0/board.xml as part xczu19eg-ffvd1760-2l-e specified in board_part file is either invalid or not available
WARNING: [Board 49-26] cannot add Board Part xilinx.com:vermeo_t1_rfsoc:part0:1.0 available at C:/Xilinx/Vivado/2024.1/data/xhub/boards/XilinxBoardStore/boards/Xilinx/vermeo_t1_rfsoc/1.0/board.xml as part xczu21dr-ffvd1156-2l-e specified in board_part file is either invalid or not available
WARNING: [Board 49-26] cannot add Board Part xilinx.com:vhk158:part0:1.0 available at C:/Xilinx/Vivado/2024.1/data/xhub/boards/XilinxBoardStore/boards/Xilinx/vhk158/production/1.0/board.xml as part xcvh1582-vsva3697-2mp-e-s specified in board_part file is either invalid or not available
WARNING: [Board 49-26] cannot add Board Part xilinx.com:vhk158:part0:1.1 available at C:/Xilinx/Vivado/2024.1/data/xhub/boards/XilinxBoardStore/boards/Xilinx/vhk158/production/1.1/board.xml as part xcvh1582-vsva3697-2mp-e-s specified in board_part file is either invalid or not available
WARNING: [Board 49-26] cannot add Board Part xilinx.com:vhk158_es:part0:1.0 available at C:/Xilinx/Vivado/2024.1/data/xhub/boards/XilinxBoardStore/boards/Xilinx/vhk158/es/1.0/board.xml as part xcvh1582-vsva3697-2mp-e-s-es1 specified in board_part file is either invalid or not available
WARNING: [Board 49-26] cannot add Board Part xilinx.com:vhk158_es:part0:1.1 available at C:/Xilinx/Vivado/2024.1/data/xhub/boards/XilinxBoardStore/boards/Xilinx/vhk158/es/1.1/board.xml as part xcvh1582-vsva3697-2mp-e-s-es1 specified in board_part file is either invalid or not available
WARNING: [Board 49-26] cannot add Board Part xilinx.com:vmk180:part0:2.2 available at C:/Xilinx/Vivado/2024.1/data/xhub/boards/XilinxBoardStore/boards/Xilinx/vmk180/production/2.2/board.xml as part xcvm1802-vsva2197-2mp-e-s specified in board_part file is either invalid or not available
WARNING: [Board 49-26] cannot add Board Part xilinx.com:vmk180:part0:3.0 available at C:/Xilinx/Vivado/2024.1/data/xhub/boards/XilinxBoardStore/boards/Xilinx/vmk180/production/3.0/board.xml as part xcvm1802-vsva2197-2mp-e-s specified in board_part file is either invalid or not available
WARNING: [Board 49-26] cannot add Board Part xilinx.com:vmk180:part0:3.1 available at C:/Xilinx/Vivado/2024.1/data/xhub/boards/XilinxBoardStore/boards/Xilinx/vmk180/production/3.1/board.xml as part xcvm1802-vsva2197-2mp-e-s specified in board_part file is either invalid or not available
WARNING: [Board 49-26] cannot add Board Part xilinx.com:vmk180:part0:3.2 available at C:/Xilinx/Vivado/2024.1/data/xhub/boards/XilinxBoardStore/boards/Xilinx/vmk180/production/3.2/board.xml as part xcvm1802-vsva2197-2mp-e-s specified in board_part file is either invalid or not available
WARNING: [Board 49-26] cannot add Board Part xilinx.com:vmk180_newl:part0:1.0 available at C:/Xilinx/Vivado/2024.1/data/xhub/boards/XilinxBoardStore/boards/Xilinx/vmk180_newl/production/1.0/board.xml as part xcvm1802-vsva2197-2mp-e-s specified in board_part file is either invalid or not available
WARNING: [Board 49-26] cannot add Board Part xilinx.com:vmk180_newl:part0:1.1 available at C:/Xilinx/Vivado/2024.1/data/xhub/boards/XilinxBoardStore/boards/Xilinx/vmk180_newl/production/1.1/board.xml as part xcvm1802-vsva2197-2mp-e-s specified in board_part file is either invalid or not available
WARNING: [Board 49-26] cannot add Board Part xilinx.com:vpk120:part0:1.0 available at C:/Xilinx/Vivado/2024.1/data/xhub/boards/XilinxBoardStore/boards/Xilinx/vpk120/production/1.0/board.xml as part xcvp1202-vsva2785-2mp-e-s specified in board_part file is either invalid or not available
WARNING: [Board 49-26] cannot add Board Part xilinx.com:vpk120:part0:1.1 available at C:/Xilinx/Vivado/2024.1/data/xhub/boards/XilinxBoardStore/boards/Xilinx/vpk120/production/1.1/board.xml as part xcvp1202-vsva2785-2mp-e-s specified in board_part file is either invalid or not available
WARNING: [Board 49-26] cannot add Board Part xilinx.com:vpk120:part0:1.2 available at C:/Xilinx/Vivado/2024.1/data/xhub/boards/XilinxBoardStore/boards/Xilinx/vpk120/production/1.2/board.xml as part xcvp1202-vsva2785-2mp-e-s specified in board_part file is either invalid or not available
WARNING: [Board 49-26] cannot add Board Part xilinx.com:vpk180:part0:1.0 available at C:/Xilinx/Vivado/2024.1/data/xhub/boards/XilinxBoardStore/boards/Xilinx/vpk180/production/1.0/board.xml as part xcvp1802-lsvc4072-2mp-e-s specified in board_part file is either invalid or not available
WARNING: [Board 49-26] cannot add Board Part xilinx.com:vpk180:part0:1.1 available at C:/Xilinx/Vivado/2024.1/data/xhub/boards/XilinxBoardStore/boards/Xilinx/vpk180/production/1.1/board.xml as part xcvp1802-lsvc4072-2mp-e-s specified in board_part file is either invalid or not available
WARNING: [Board 49-26] cannot add Board Part xilinx.com:vpk180:part0:1.2 available at C:/Xilinx/Vivado/2024.1/data/xhub/boards/XilinxBoardStore/boards/Xilinx/vpk180/production/1.2/board.xml as part xcvp1802-lsvc4072-2mp-e-s specified in board_part file is either invalid or not available
WARNING: [Board 49-26] cannot add Board Part xilinx.com:zc706:part0:1.4 available at C:/Xilinx/Vivado/2024.1/data/xhub/boards/XilinxBoardStore/boards/Xilinx/zc706/1.4/board.xml as part xc7z045ffg900-2 specified in board_part file is either invalid or not available
WARNING: [Board 49-26] cannot add Board Part xilinx.com:zcu102:part0:3.3 available at C:/Xilinx/Vivado/2024.1/data/xhub/boards/XilinxBoardStore/boards/Xilinx/zcu102/3.3/board.xml as part xczu9eg-ffvb1156-2-e specified in board_part file is either invalid or not available
WARNING: [Board 49-26] cannot add Board Part xilinx.com:zcu102:part0:3.4 available at C:/Xilinx/Vivado/2024.1/data/xhub/boards/XilinxBoardStore/boards/Xilinx/zcu102/3.4/board.xml as part xczu9eg-ffvb1156-2-e specified in board_part file is either invalid or not available
WARNING: [Board 49-26] cannot add Board Part xilinx.com:zcu111:part0:1.2 available at C:/Xilinx/Vivado/2024.1/data/xhub/boards/XilinxBoardStore/boards/Xilinx/zcu111/1.2/board.xml as part xczu28dr-ffvg1517-2-e specified in board_part file is either invalid or not available
WARNING: [Board 49-26] cannot add Board Part xilinx.com:zcu111:part0:1.3 available at C:/Xilinx/Vivado/2024.1/data/xhub/boards/XilinxBoardStore/boards/Xilinx/zcu111/1.3/board.xml as part xczu28dr-ffvg1517-2-e specified in board_part file is either invalid or not available
WARNING: [Board 49-26] cannot add Board Part xilinx.com:zcu111:part0:1.4 available at C:/Xilinx/Vivado/2024.1/data/xhub/boards/XilinxBoardStore/boards/Xilinx/zcu111/1.4/board.xml as part xczu28dr-ffvg1517-2-e specified in board_part file is either invalid or not available
WARNING: [Board 49-26] cannot add Board Part xilinx.com:zcu1275:part0:1.0 available at C:/Xilinx/Vivado/2024.1/data/xhub/boards/XilinxBoardStore/boards/Xilinx/zcu1275/1.0/board.xml as part xczu29dr-ffvf1760-2-e specified in board_part file is either invalid or not available
WARNING: [Board 49-26] cannot add Board Part xilinx.com:zcu1285:part0:1.0 available at C:/Xilinx/Vivado/2024.1/data/xhub/boards/XilinxBoardStore/boards/Xilinx/zcu1285/1.0/board.xml as part xczu39dr-ffvf1760-2-i specified in board_part file is either invalid or not available
WARNING: [Board 49-26] cannot add Board Part xilinx.com:zcu208:part0:2.0 available at C:/Xilinx/Vivado/2024.1/data/xhub/boards/XilinxBoardStore/boards/Xilinx/zcu208/production/2.0/board.xml as part xczu48dr-fsvg1517-2-e specified in board_part file is either invalid or not available
WARNING: [Board 49-26] cannot add Board Part xilinx.com:zcu208ld:part0:2.0 available at C:/Xilinx/Vivado/2024.1/data/xhub/boards/XilinxBoardStore/boards/Xilinx/zcu208ld/production/2.0/board.xml as part xczu58dr-fsvg1517-2-i specified in board_part file is either invalid or not available
WARNING: [Board 49-26] cannot add Board Part xilinx.com:zcu216:part0:2.0 available at C:/Xilinx/Vivado/2024.1/data/xhub/boards/XilinxBoardStore/boards/Xilinx/zcu216/production/2.0/board.xml as part xczu49dr-ffvf1760-2-e specified in board_part file is either invalid or not available
WARNING: [Board 49-26] cannot add Board Part xilinx.com:zcu216ld:part0:2.0 available at C:/Xilinx/Vivado/2024.1/data/xhub/boards/XilinxBoardStore/boards/Xilinx/zcu216ld/production/2.0/board.xml as part xczu59dr-ffvf1760-2-i specified in board_part file is either invalid or not available
WARNING: [Board 49-26] cannot add Board Part xilinx.com:zcu670:part0:2.0 available at C:/Xilinx/Vivado/2024.1/data/xhub/boards/XilinxBoardStore/boards/Xilinx/zcu670/2.0/board.xml as part xczu67dr-fsve1156-2-i specified in board_part file is either invalid or not available
WARNING: [Board 49-26] cannot add Board Part xilinx.com:zcu670ld:part0:1.0 available at C:/Xilinx/Vivado/2024.1/data/xhub/boards/XilinxBoardStore/boards/Xilinx/zcu670ld/1.0/board.xml as part xczu57dr-fsve1156-2-i specified in board_part file is either invalid or not available
exit
INFO: [Common 17-206] Exiting Vivado at Fri Mar 21 17:51:24 2025...
ther invalid or not available
WARNING: [Board 49-26] cannot add Board Part xilinx.com:zcu670:part0:2.0 available at C:/Xilinx/Vivado/2024.1/data/xhub/boards/XilinxBoardStore/boards/Xilinx/zcu670/2.0/board.xml as part xczu67dr-fsve1156-2-i specified in board_part file is either invalid or not available
WARNING: [Board 49-26] cannot add Board Part xilinx.com:zcu670ld:part0:1.0 available at C:/Xilinx/Vivado/2024.1/data/xhub/boards/XilinxBoardStore/boards/Xilinx/zcu670ld/1.0/board.xml as part xczu57dr-fsve1156-2-i specified in board_part file is either invalid or not available
INFO: [filemgmt 56-3] Default IP Output Path : Could not find the directory 'C:/Users/sodonne8/OneDrive - Trinity College Dublin/Documents/GitHub/DIGITAL-SYSTEMS-DESIGN/Lab F/project_F/project_F.gen/sources_1'.
Scanning sources...
Finished scanning sources
INFO: [Project 1-230] Project 'project_F.xpr' upgraded for this version of Vivado.
INFO: [IP_Flow 19-234] Refreshing IP repositories
INFO: [IP_Flow 19-1704] No user IP repositories specified
INFO: [IP_Flow 19-2313] Loaded Vivado IP repository 'C:/Xilinx/Vivado/2024.1/data/ip'.
open_project: Time (s): cpu = 00:00:10 ; elapsed = 00:00:10 . Memory (MB): peak = 1739.207 ; gain = 128.855
update_compile_order -fileset sources_1
add_files -norecurse {{C:/Users/sodonne8/OneDrive - Trinity College Dublin/Documents/GitHub/DIGITAL-SYSTEMS-DESIGN/Lab F/LabF_codes/Provided code/debouncer.v} {C:/Users/sodonne8/OneDrive - Trinity College Dublin/Documents/GitHub/DIGITAL-SYSTEMS-DESIGN/Lab F/LabF_codes/Provided code/sevenseg.v} {C:/Users/sodonne8/OneDrive - Trinity College Dublin/Documents/GitHub/DIGITAL-SYSTEMS-DESIGN/Lab F/LabF_codes/Provided code/d_type_ff.v}}
update_compile_order -fileset sources_1
add_files -fileset constrs_1 -norecurse {{C:/Users/sodonne8/OneDrive - Trinity College Dublin/Documents/GitHub/DIGITAL-SYSTEMS-DESIGN/Lab F/LabF_codes/Provided code/practicaldff.xdc}}
export_ip_user_files -of_objects  [get_files {{C:/Users/sodonne8/OneDrive - Trinity College Dublin/Documents/GitHub/DIGITAL-SYSTEMS-DESIGN/Lab F/project_F/project_F.srcs/sources_1/imports/Provided code/d_type_ff.v}}] -no_script -reset -force -quiet
remove_files  {{C:/Users/sodonne8/OneDrive - Trinity College Dublin/Documents/GitHub/DIGITAL-SYSTEMS-DESIGN/Lab F/project_F/project_F.srcs/sources_1/imports/Provided code/d_type_ff.v}}
remove_files  {{C:/Users/sodonne8/OneDrive - Trinity College Dublin/Documents/GitHub/DIGITAL-SYSTEMS-DESIGN/Lab F/project_F/project_F.srcs/sources_1/imports/Provided code/d_type_ff.v}}
WARNING: [Vivado 12-818] No files matched 'C:/Users/sodonne8/OneDrive - Trinity College Dublin/Documents/GitHub/DIGITAL-SYSTEMS-DESIGN/Lab F/project_F/project_F.srcs/sources_1/imports/Provided code/d_type_ff.v'
update_compile_order -fileset sources_1
file mkdir C:/Users/sodonne8/OneDrive - Trinity College Dublin/Documents/GitHub/DIGITAL-SYSTEMS-DESIGN/Lab F/project_F/project_F.srcs/sources_1/new
file mkdir C:/Users/sodonne8/OneDrive - Trinity College Dublin/Documents/GitHub/DIGITAL-SYSTEMS-DESIGN/Lab F/project_F/project_F.srcs/sources_1/new
file mkdir C:/Users/sodonne8/OneDrive - Trinity College Dublin/Documents/GitHub/DIGITAL-SYSTEMS-DESIGN/Lab F/project_F/project_F.srcs/sources_1/new
file mkdir C:/Users/sodonne8/OneDrive - Trinity College Dublin/Documents/GitHub/DIGITAL-SYSTEMS-DESIGN/Lab F/project_F/project_F.srcs/sources_1/new
file mkdir C:/Users/sodonne8/OneDrive - Trinity College Dublin/Documents/GitHub/DIGITAL-SYSTEMS-DESIGN/Lab F/project_F/project_F.srcs/sources_1/new
file mkdir C:/Users/sodonne8/OneDrive - Trinity College Dublin/Documents/GitHub/DIGITAL-SYSTEMS-DESIGN/Lab F/project_F/project_F.srcs/sources_1/new
file mkdir {C:/Users/sodonne8/OneDrive - Trinity College Dublin/Documents/GitHub/DIGITAL-SYSTEMS-DESIGN/Lab F/project_F/project_F.srcs/sources_1/new}
close [ open {C:/Users/sodonne8/OneDrive - Trinity College Dublin/Documents/GitHub/DIGITAL-SYSTEMS-DESIGN/Lab F/project_F/project_F.srcs/sources_1/new/top_module.v} w ]
add_files {{C:/Users/sodonne8/OneDrive - Trinity College Dublin/Documents/GitHub/DIGITAL-SYSTEMS-DESIGN/Lab F/project_F/project_F.srcs/sources_1/new/top_module.v}}
update_compile_order -fileset sources_1
create_bd_design "design_1"
Wrote  : <C:\Users\sodonne8\OneDrive - Trinity College Dublin\Documents\GitHub\DIGITAL-SYSTEMS-DESIGN\Lab F\project_F\project_F.srcs\sources_1\bd\design_1\design_1.bd> 
WARNING: [filemgmt 56-199] Attempt to get parsing info during refresh. "On-the-fly" syntax checking information may be incorrect. [C:\Users\sodonne8\OneDrive - Trinity College Dublin\Documents\GitHub\DIGITAL-SYSTEMS-DESIGN\Lab F\LabF_codes\Provided code\sevenseg.v:]
WARNING: [filemgmt 56-199] Attempt to get parsing info during refresh. "On-the-fly" syntax checking information may be incorrect. [C:\Users\sodonne8\OneDrive - Trinity College Dublin\Documents\GitHub\DIGITAL-SYSTEMS-DESIGN\Lab F\project_F\project_F.srcs\sources_1\new\top_module.v:]
WARNING: [filemgmt 56-199] Attempt to get parsing info during refresh. "On-the-fly" syntax checking information may be incorrect. [C:\Users\sodonne8\OneDrive - Trinity College Dublin\Documents\GitHub\DIGITAL-SYSTEMS-DESIGN\Lab F\LabF_codes\Provided code\d_type_ff.v:]
WARNING: [filemgmt 56-199] Attempt to get parsing info during refresh. "On-the-fly" syntax checking information may be incorrect. [C:\Users\sodonne8\OneDrive - Trinity College Dublin\Documents\GitHub\DIGITAL-SYSTEMS-DESIGN\Lab F\LabF_codes\Provided code\debouncer.v:]
WARNING: [filemgmt 56-199] Attempt to get parsing info during refresh. "On-the-fly" syntax checking information may be incorrect. [C:\Users\sodonne8\OneDrive - Trinity College Dublin\Documents\GitHub\DIGITAL-SYSTEMS-DESIGN\Lab F\project_F\project_F.srcs\sources_1\new\top_module.v:]
WARNING: [filemgmt 56-199] Attempt to get parsing info during refresh. "On-the-fly" syntax checking information may be incorrect. [C:\Users\sodonne8\OneDrive - Trinity College Dublin\Documents\GitHub\DIGITAL-SYSTEMS-DESIGN\Lab F\project_F\project_F.srcs\sources_1\new\top_module.v:]
WARNING: [filemgmt 56-199] Attempt to get parsing info during refresh. "On-the-fly" syntax checking information may be incorrect. [C:\Users\sodonne8\OneDrive - Trinity College Dublin\Documents\GitHub\DIGITAL-SYSTEMS-DESIGN\Lab F\LabF_codes\Provided code\sevenseg.v:]
WARNING: [filemgmt 56-199] Attempt to get parsing info during refresh. "On-the-fly" syntax checking information may be incorrect. [C:\Users\sodonne8\OneDrive - Trinity College Dublin\Documents\GitHub\DIGITAL-SYSTEMS-DESIGN\Lab F\project_F\project_F.srcs\sources_1\new\top_module.v:]
WARNING: [filemgmt 56-199] Attempt to get parsing info during refresh. "On-the-fly" syntax checking information may be incorrect. [C:\Users\sodonne8\OneDrive - Trinity College Dublin\Documents\GitHub\DIGITAL-SYSTEMS-DESIGN\Lab F\LabF_codes\Provided code\d_type_ff.v:]
WARNING: [filemgmt 56-199] Attempt to get parsing info during refresh. "On-the-fly" syntax checking information may be incorrect. [C:\Users\sodonne8\OneDrive - Trinity College Dublin\Documents\GitHub\DIGITAL-SYSTEMS-DESIGN\Lab F\LabF_codes\Provided code\debouncer.v:]
WARNING: [filemgmt 56-199] Attempt to get parsing info during refresh. "On-the-fly" syntax checking information may be incorrect. [C:\Users\sodonne8\OneDrive - Trinity College Dublin\Documents\GitHub\DIGITAL-SYSTEMS-DESIGN\Lab F\LabF_codes\Provided code\sevenseg.v:]
WARNING: [filemgmt 56-199] Attempt to get parsing info during refresh. "On-the-fly" syntax checking information may be incorrect. [C:\Users\sodonne8\OneDrive - Trinity College Dublin\Documents\GitHub\DIGITAL-SYSTEMS-DESIGN\Lab F\LabF_codes\Provided code\sevenseg.v:]
WARNING: [filemgmt 56-199] Attempt to get parsing info during refresh. "On-the-fly" syntax checking information may be incorrect. [C:\Users\sodonne8\OneDrive - Trinity College Dublin\Documents\GitHub\DIGITAL-SYSTEMS-DESIGN\Lab F\LabF_codes\Provided code\sevenseg.v:]
WARNING: [filemgmt 56-199] Attempt to get parsing info during refresh. "On-the-fly" syntax checking information may be incorrect. [C:\Users\sodonne8\OneDrive - Trinity College Dublin\Documents\GitHub\DIGITAL-SYSTEMS-DESIGN\Lab F\project_F\project_F.srcs\sources_1\new\top_module.v:]
WARNING: [filemgmt 56-199] Attempt to get parsing info during refresh. "On-the-fly" syntax checking information may be incorrect. [C:\Users\sodonne8\OneDrive - Trinity College Dublin\Documents\GitHub\DIGITAL-SYSTEMS-DESIGN\Lab F\LabF_codes\Provided code\d_type_ff.v:]
WARNING: [filemgmt 56-199] Attempt to get parsing info during refresh. "On-the-fly" syntax checking information may be incorrect. [C:\Users\sodonne8\OneDrive - Trinity College Dublin\Documents\GitHub\DIGITAL-SYSTEMS-DESIGN\Lab F\LabF_codes\Provided code\debouncer.v:]
WARNING: [filemgmt 56-199] Attempt to get parsing info during refresh. "On-the-fly" syntax checking information may be incorrect. [C:\Users\sodonne8\OneDrive - Trinity College Dublin\Documents\GitHub\DIGITAL-SYSTEMS-DESIGN\Lab F\LabF_codes\Provided code\d_type_ff.v:]
WARNING: [filemgmt 56-199] Attempt to get parsing info during refresh. "On-the-fly" syntax checking information may be incorrect. [C:\Users\sodonne8\OneDrive - Trinity College Dublin\Documents\GitHub\DIGITAL-SYSTEMS-DESIGN\Lab F\LabF_codes\Provided code\d_type_ff.v:]
update_compile_order -fileset sources_1
WARNING: [filemgmt 56-199] Attempt to get parsing info during refresh. "On-the-fly" syntax checking information may be incorrect. [C:\Users\sodonne8\OneDrive - Trinity College Dublin\Documents\GitHub\DIGITAL-SYSTEMS-DESIGN\Lab F\LabF_codes\Provided code\sevenseg.v:]
WARNING: [filemgmt 56-199] Attempt to get parsing info during refresh. "On-the-fly" syntax checking information may be incorrect. [C:\Users\sodonne8\OneDrive - Trinity College Dublin\Documents\GitHub\DIGITAL-SYSTEMS-DESIGN\Lab F\project_F\project_F.srcs\sources_1\new\top_module.v:]
WARNING: [filemgmt 56-199] Attempt to get parsing info during refresh. "On-the-fly" syntax checking information may be incorrect. [C:\Users\sodonne8\OneDrive - Trinity College Dublin\Documents\GitHub\DIGITAL-SYSTEMS-DESIGN\Lab F\LabF_codes\Provided code\d_type_ff.v:]
WARNING: [filemgmt 56-199] Attempt to get parsing info during refresh. "On-the-fly" syntax checking information may be incorrect. [C:\Users\sodonne8\OneDrive - Trinity College Dublin\Documents\GitHub\DIGITAL-SYSTEMS-DESIGN\Lab F\LabF_codes\Provided code\debouncer.v:]
WARNING: [filemgmt 56-199] Attempt to get parsing info during refresh. "On-the-fly" syntax checking information may be incorrect. [C:\Users\sodonne8\OneDrive - Trinity College Dublin\Documents\GitHub\DIGITAL-SYSTEMS-DESIGN\Lab F\project_F\project_F.srcs\sources_1\new\top_module.v:]
WARNING: [filemgmt 56-199] Attempt to get parsing info during refresh. "On-the-fly" syntax checking information may be incorrect. [C:\Users\sodonne8\OneDrive - Trinity College Dublin\Documents\GitHub\DIGITAL-SYSTEMS-DESIGN\Lab F\project_F\project_F.srcs\sources_1\new\top_module.v:]
WARNING: [filemgmt 56-199] Attempt to get parsing info during refresh. "On-the-fly" syntax checking information may be incorrect. [C:\Users\sodonne8\OneDrive - Trinity College Dublin\Documents\GitHub\DIGITAL-SYSTEMS-DESIGN\Lab F\LabF_codes\Provided code\sevenseg.v:]
WARNING: [filemgmt 56-199] Attempt to get parsing info during refresh. "On-the-fly" syntax checking information may be incorrect. [C:\Users\sodonne8\OneDrive - Trinity College Dublin\Documents\GitHub\DIGITAL-SYSTEMS-DESIGN\Lab F\project_F\project_F.srcs\sources_1\new\top_module.v:]
WARNING: [filemgmt 56-199] Attempt to get parsing info during refresh. "On-the-fly" syntax checking information may be incorrect. [C:\Users\sodonne8\OneDrive - Trinity College Dublin\Documents\GitHub\DIGITAL-SYSTEMS-DESIGN\Lab F\LabF_codes\Provided code\d_type_ff.v:]
WARNING: [filemgmt 56-199] Attempt to get parsing info during refresh. "On-the-fly" syntax checking information may be incorrect. [C:\Users\sodonne8\OneDrive - Trinity College Dublin\Documents\GitHub\DIGITAL-SYSTEMS-DESIGN\Lab F\LabF_codes\Provided code\debouncer.v:]
WARNING: [filemgmt 56-199] Attempt to get parsing info during refresh. "On-the-fly" syntax checking information may be incorrect. [C:\Users\sodonne8\OneDrive - Trinity College Dublin\Documents\GitHub\DIGITAL-SYSTEMS-DESIGN\Lab F\LabF_codes\Provided code\debouncer.v:]
WARNING: [filemgmt 56-199] Attempt to get parsing info during refresh. "On-the-fly" syntax checking information may be incorrect. [C:\Users\sodonne8\OneDrive - Trinity College Dublin\Documents\GitHub\DIGITAL-SYSTEMS-DESIGN\Lab F\LabF_codes\Provided code\debouncer.v:]
ERROR: [Common 17-180] Spawn failed: No error
WARNING: [filemgmt 56-199] Attempt to get parsing info during refresh. "On-the-fly" syntax checking information may be incorrect. [C:\Users\sodonne8\OneDrive - Trinity College Dublin\Documents\GitHub\DIGITAL-SYSTEMS-DESIGN\Lab F\LabF_codes\Provided code\sevenseg.v:]
WARNING: [filemgmt 56-199] Attempt to get parsing info during refresh. "On-the-fly" syntax checking information may be incorrect. [C:\Users\sodonne8\OneDrive - Trinity College Dublin\Documents\GitHub\DIGITAL-SYSTEMS-DESIGN\Lab F\project_F\project_F.srcs\sources_1\new\top_module.v:]
WARNING: [filemgmt 56-199] Attempt to get parsing info during refresh. "On-the-fly" syntax checking information may be incorrect. [C:\Users\sodonne8\OneDrive - Trinity College Dublin\Documents\GitHub\DIGITAL-SYSTEMS-DESIGN\Lab F\LabF_codes\Provided code\d_type_ff.v:]
WARNING: [filemgmt 56-199] Attempt to get parsing info during refresh. "On-the-fly" syntax checking information may be incorrect. [C:\Users\sodonne8\OneDrive - Trinity College Dublin\Documents\GitHub\DIGITAL-SYSTEMS-DESIGN\Lab F\LabF_codes\Provided code\debouncer.v:]
WARNING: [filemgmt 56-199] Attempt to get parsing info during refresh. "On-the-fly" syntax checking information may be incorrect. [C:\Users\sodonne8\OneDrive - Trinity College Dublin\Documents\GitHub\DIGITAL-SYSTEMS-DESIGN\Lab F\LabF_codes\Provided code\d_type_ff.v:]
WARNING: [filemgmt 56-199] Attempt to get parsing info during refresh. "On-the-fly" syntax checking information may be incorrect. [C:\Users\sodonne8\OneDrive - Trinity College Dublin\Documents\GitHub\DIGITAL-SYSTEMS-DESIGN\Lab F\LabF_codes\Provided code\d_type_ff.v:]
ERROR: [Common 17-180] Spawn failed: No error
open_bd_design {C:/Users/sodonne8/OneDrive - Trinity College Dublin/Documents/GitHub/DIGITAL-SYSTEMS-DESIGN/Lab F/project_F/project_F.srcs/sources_1/bd/design_1/design_1.bd}
startgroup
create_bd_cell -type ip -vlnv xilinx.com:ip:axi_timebase_wdt:3.0 axi_timebase_wdt_0
endgroup
set_property location {1 159 -409} [get_bd_cells axi_timebase_wdt_0]
set_property location {1 145 -263} [get_bd_cells axi_timebase_wdt_0]
generate_target all [get_files  {{C:/Users/sodonne8/OneDrive - Trinity College Dublin/Documents/GitHub/DIGITAL-SYSTEMS-DESIGN/Lab F/project_F/project_F.srcs/sources_1/bd/design_1/design_1.bd}}]
ERROR: [BD 41-758] The following clock pins are not connected to a valid clock source: 
/axi_timebase_wdt_0/s_axi_aclk

ERROR: [BD 41-1031] Hdl Generation failed for the IP Integrator design C:/Users/sodonne8/OneDrive - Trinity College Dublin/Documents/GitHub/DIGITAL-SYSTEMS-DESIGN/Lab F/project_F/project_F.srcs/sources_1/bd/design_1/design_1.bd 
ERROR: [Common 17-39] 'generate_target' failed due to earlier errors.
create_bd_design "design_2"
Wrote  : <C:\Users\sodonne8\OneDrive - Trinity College Dublin\Documents\GitHub\DIGITAL-SYSTEMS-DESIGN\Lab F\project_F\project_F.srcs\sources_1\bd\design_2\design_2.bd> 
WARNING: [filemgmt 56-199] Attempt to get parsing info during refresh. "On-the-fly" syntax checking information may be incorrect. [C:\Users\sodonne8\OneDrive - Trinity College Dublin\Documents\GitHub\DIGITAL-SYSTEMS-DESIGN\Lab F\LabF_codes\Provided code\sevenseg.v:]
WARNING: [filemgmt 56-199] Attempt to get parsing info during refresh. "On-the-fly" syntax checking information may be incorrect. [C:\Users\sodonne8\OneDrive - Trinity College Dublin\Documents\GitHub\DIGITAL-SYSTEMS-DESIGN\Lab F\project_F\project_F.srcs\sources_1\new\top_module.v:]
WARNING: [filemgmt 56-199] Attempt to get parsing info during refresh. "On-the-fly" syntax checking information may be incorrect. [C:\Users\sodonne8\OneDrive - Trinity College Dublin\Documents\GitHub\DIGITAL-SYSTEMS-DESIGN\Lab F\LabF_codes\Provided code\d_type_ff.v:]
WARNING: [filemgmt 56-199] Attempt to get parsing info during refresh. "On-the-fly" syntax checking information may be incorrect. [C:\Users\sodonne8\OneDrive - Trinity College Dublin\Documents\GitHub\DIGITAL-SYSTEMS-DESIGN\Lab F\LabF_codes\Provided code\debouncer.v:]
WARNING: [filemgmt 56-199] Attempt to get parsing info during refresh. "On-the-fly" syntax checking information may be incorrect. [C:\Users\sodonne8\OneDrive - Trinity College Dublin\Documents\GitHub\DIGITAL-SYSTEMS-DESIGN\Lab F\project_F\project_F.srcs\sources_1\new\top_module.v:]
WARNING: [filemgmt 56-199] Attempt to get parsing info during refresh. "On-the-fly" syntax checking information may be incorrect. [C:\Users\sodonne8\OneDrive - Trinity College Dublin\Documents\GitHub\DIGITAL-SYSTEMS-DESIGN\Lab F\project_F\project_F.srcs\sources_1\new\top_module.v:]
WARNING: [filemgmt 56-199] Attempt to get parsing info during refresh. "On-the-fly" syntax checking information may be incorrect. [C:\Users\sodonne8\OneDrive - Trinity College Dublin\Documents\GitHub\DIGITAL-SYSTEMS-DESIGN\Lab F\LabF_codes\Provided code\sevenseg.v:]
WARNING: [filemgmt 56-199] Attempt to get parsing info during refresh. "On-the-fly" syntax checking information may be incorrect. [C:\Users\sodonne8\OneDrive - Trinity College Dublin\Documents\GitHub\DIGITAL-SYSTEMS-DESIGN\Lab F\project_F\project_F.srcs\sources_1\new\top_module.v:]
WARNING: [filemgmt 56-199] Attempt to get parsing info during refresh. "On-the-fly" syntax checking information may be incorrect. [C:\Users\sodonne8\OneDrive - Trinity College Dublin\Documents\GitHub\DIGITAL-SYSTEMS-DESIGN\Lab F\LabF_codes\Provided code\d_type_ff.v:]
WARNING: [filemgmt 56-199] Attempt to get parsing info during refresh. "On-the-fly" syntax checking information may be incorrect. [C:\Users\sodonne8\OneDrive - Trinity College Dublin\Documents\GitHub\DIGITAL-SYSTEMS-DESIGN\Lab F\LabF_codes\Provided code\debouncer.v:]
WARNING: [filemgmt 56-199] Attempt to get parsing info during refresh. "On-the-fly" syntax checking information may be incorrect. [C:\Users\sodonne8\OneDrive - Trinity College Dublin\Documents\GitHub\DIGITAL-SYSTEMS-DESIGN\Lab F\LabF_codes\Provided code\debouncer.v:]
WARNING: [filemgmt 56-199] Attempt to get parsing info during refresh. "On-the-fly" syntax checking information may be incorrect. [C:\Users\sodonne8\OneDrive - Trinity College Dublin\Documents\GitHub\DIGITAL-SYSTEMS-DESIGN\Lab F\LabF_codes\Provided code\debouncer.v:]
ERROR: [Common 17-180] Spawn failed: No error
ERROR: [Common 17-180] Spawn failed: No error
update_compile_order -fileset sources_1
WARNING: [filemgmt 56-199] Attempt to get parsing info during refresh. "On-the-fly" syntax checking information may be incorrect. [C:\Users\sodonne8\OneDrive - Trinity College Dublin\Documents\GitHub\DIGITAL-SYSTEMS-DESIGN\Lab F\LabF_codes\Provided code\sevenseg.v:]
WARNING: [filemgmt 56-199] Attempt to get parsing info during refresh. "On-the-fly" syntax checking information may be incorrect. [C:\Users\sodonne8\OneDrive - Trinity College Dublin\Documents\GitHub\DIGITAL-SYSTEMS-DESIGN\Lab F\project_F\project_F.srcs\sources_1\new\top_module.v:]
WARNING: [filemgmt 56-199] Attempt to get parsing info during refresh. "On-the-fly" syntax checking information may be incorrect. [C:\Users\sodonne8\OneDrive - Trinity College Dublin\Documents\GitHub\DIGITAL-SYSTEMS-DESIGN\Lab F\LabF_codes\Provided code\d_type_ff.v:]
WARNING: [filemgmt 56-199] Attempt to get parsing info during refresh. "On-the-fly" syntax checking information may be incorrect. [C:\Users\sodonne8\OneDrive - Trinity College Dublin\Documents\GitHub\DIGITAL-SYSTEMS-DESIGN\Lab F\LabF_codes\Provided code\debouncer.v:]
WARNING: [filemgmt 56-199] Attempt to get parsing info during refresh. "On-the-fly" syntax checking information may be incorrect. [C:\Users\sodonne8\OneDrive - Trinity College Dublin\Documents\GitHub\DIGITAL-SYSTEMS-DESIGN\Lab F\project_F\project_F.srcs\sources_1\new\top_module.v:]
WARNING: [filemgmt 56-199] Attempt to get parsing info during refresh. "On-the-fly" syntax checking information may be incorrect. [C:\Users\sodonne8\OneDrive - Trinity College Dublin\Documents\GitHub\DIGITAL-SYSTEMS-DESIGN\Lab F\project_F\project_F.srcs\sources_1\new\top_module.v:]
WARNING: [filemgmt 56-199] Attempt to get parsing info during refresh. "On-the-fly" syntax checking information may be incorrect. [C:\Users\sodonne8\OneDrive - Trinity College Dublin\Documents\GitHub\DIGITAL-SYSTEMS-DESIGN\Lab F\LabF_codes\Provided code\sevenseg.v:]
WARNING: [filemgmt 56-199] Attempt to get parsing info during refresh. "On-the-fly" syntax checking information may be incorrect. [C:\Users\sodonne8\OneDrive - Trinity College Dublin\Documents\GitHub\DIGITAL-SYSTEMS-DESIGN\Lab F\project_F\project_F.srcs\sources_1\new\top_module.v:]
WARNING: [filemgmt 56-199] Attempt to get parsing info during refresh. "On-the-fly" syntax checking information may be incorrect. [C:\Users\sodonne8\OneDrive - Trinity College Dublin\Documents\GitHub\DIGITAL-SYSTEMS-DESIGN\Lab F\LabF_codes\Provided code\d_type_ff.v:]
WARNING: [filemgmt 56-199] Attempt to get parsing info during refresh. "On-the-fly" syntax checking information may be incorrect. [C:\Users\sodonne8\OneDrive - Trinity College Dublin\Documents\GitHub\DIGITAL-SYSTEMS-DESIGN\Lab F\LabF_codes\Provided code\debouncer.v:]
WARNING: [filemgmt 56-199] Attempt to get parsing info during refresh. "On-the-fly" syntax checking information may be incorrect. [C:\Users\sodonne8\OneDrive - Trinity College Dublin\Documents\GitHub\DIGITAL-SYSTEMS-DESIGN\Lab F\LabF_codes\Provided code\debouncer.v:]
WARNING: [filemgmt 56-199] Attempt to get parsing info during refresh. "On-the-fly" syntax checking information may be incorrect. [C:\Users\sodonne8\OneDrive - Trinity College Dublin\Documents\GitHub\DIGITAL-SYSTEMS-DESIGN\Lab F\LabF_codes\Provided code\debouncer.v:]
ERROR: [Common 17-180] Spawn failed: No error
WARNING: [filemgmt 56-199] Attempt to get parsing info during refresh. "On-the-fly" syntax checking information may be incorrect. [C:\Users\sodonne8\OneDrive - Trinity College Dublin\Documents\GitHub\DIGITAL-SYSTEMS-DESIGN\Lab F\LabF_codes\Provided code\sevenseg.v:]
WARNING: [filemgmt 56-199] Attempt to get parsing info during refresh. "On-the-fly" syntax checking information may be incorrect. [C:\Users\sodonne8\OneDrive - Trinity College Dublin\Documents\GitHub\DIGITAL-SYSTEMS-DESIGN\Lab F\project_F\project_F.srcs\sources_1\new\top_module.v:]
WARNING: [filemgmt 56-199] Attempt to get parsing info during refresh. "On-the-fly" syntax checking information may be incorrect. [C:\Users\sodonne8\OneDrive - Trinity College Dublin\Documents\GitHub\DIGITAL-SYSTEMS-DESIGN\Lab F\LabF_codes\Provided code\d_type_ff.v:]
WARNING: [filemgmt 56-199] Attempt to get parsing info during refresh. "On-the-fly" syntax checking information may be incorrect. [C:\Users\sodonne8\OneDrive - Trinity College Dublin\Documents\GitHub\DIGITAL-SYSTEMS-DESIGN\Lab F\LabF_codes\Provided code\debouncer.v:]
WARNING: [filemgmt 56-199] Attempt to get parsing info during refresh. "On-the-fly" syntax checking information may be incorrect. [C:\Users\sodonne8\OneDrive - Trinity College Dublin\Documents\GitHub\DIGITAL-SYSTEMS-DESIGN\Lab F\LabF_codes\Provided code\d_type_ff.v:]
WARNING: [filemgmt 56-199] Attempt to get parsing info during refresh. "On-the-fly" syntax checking information may be incorrect. [C:\Users\sodonne8\OneDrive - Trinity College Dublin\Documents\GitHub\DIGITAL-SYSTEMS-DESIGN\Lab F\LabF_codes\Provided code\d_type_ff.v:]
ERROR: [Common 17-180] Spawn failed: No error
export_ip_user_files -of_objects  [get_files {{C:/Users/sodonne8/OneDrive - Trinity College Dublin/Documents/GitHub/DIGITAL-SYSTEMS-DESIGN/Lab F/project_F/project_F.srcs/sources_1/bd/design_1/design_1.bd}}] -no_script -reset -force -quiet
export_ip_user_files -of_objects  [get_files {{C:/Users/sodonne8/OneDrive - Trinity College Dublin/Documents/GitHub/DIGITAL-SYSTEMS-DESIGN/Lab F/project_F/project_F.srcs/sources_1/bd/design_2/design_2.bd}}] -no_script -reset -force -quiet
remove_files  {{C:/Users/sodonne8/OneDrive - Trinity College Dublin/Documents/GitHub/DIGITAL-SYSTEMS-DESIGN/Lab F/project_F/project_F.srcs/sources_1/bd/design_1/design_1.bd} {C:/Users/sodonne8/OneDrive - Trinity College Dublin/Documents/GitHub/DIGITAL-SYSTEMS-DESIGN/Lab F/project_F/project_F.srcs/sources_1/bd/design_2/design_2.bd}}
Wrote  : <C:/Users/sodonne8/OneDrive - Trinity College Dublin/Documents/GitHub/DIGITAL-SYSTEMS-DESIGN/Lab F/project_F/project_F.srcs/sources_1/bd/design_1/ui/bd_1f5defd0.ui> 
Wrote  : <C:/Users/sodonne8/OneDrive - Trinity College Dublin/Documents/GitHub/DIGITAL-SYSTEMS-DESIGN/Lab F/project_F/project_F.srcs/sources_1/bd/design_2/ui/bd_1fdbff51.ui> 
file delete -force {C:/Users/sodonne8/OneDrive - Trinity College Dublin/Documents/GitHub/DIGITAL-SYSTEMS-DESIGN/Lab F/project_F/project_F.srcs/sources_1/bd/design_1}
file delete -force {c:/Users/sodonne8/OneDrive - Trinity College Dublin/Documents/GitHub/DIGITAL-SYSTEMS-DESIGN/Lab F/project_F/project_F.gen/sources_1/bd/design_1} {C:/Users/sodonne8/OneDrive - Trinity College Dublin/Documents/GitHub/DIGITAL-SYSTEMS-DESIGN/Lab F/project_F/project_F.srcs/sources_1/bd/design_2}
file delete -force {c:/Users/sodonne8/OneDrive - Trinity College Dublin/Documents/GitHub/DIGITAL-SYSTEMS-DESIGN/Lab F/project_F/project_F.gen/sources_1/bd/design_2}
WARNING: [filemgmt 56-199] Attempt to get parsing info during refresh. "On-the-fly" syntax checking information may be incorrect. [C:\Users\sodonne8\OneDrive - Trinity College Dublin\Documents\GitHub\DIGITAL-SYSTEMS-DESIGN\Lab F\LabF_codes\Provided code\sevenseg.v:]
WARNING: [filemgmt 56-199] Attempt to get parsing info during refresh. "On-the-fly" syntax checking information may be incorrect. [C:\Users\sodonne8\OneDrive - Trinity College Dublin\Documents\GitHub\DIGITAL-SYSTEMS-DESIGN\Lab F\project_F\project_F.srcs\sources_1\new\top_module.v:]
WARNING: [filemgmt 56-199] Attempt to get parsing info during refresh. "On-the-fly" syntax checking information may be incorrect. [C:\Users\sodonne8\OneDrive - Trinity College Dublin\Documents\GitHub\DIGITAL-SYSTEMS-DESIGN\Lab F\LabF_codes\Provided code\d_type_ff.v:]
WARNING: [filemgmt 56-199] Attempt to get parsing info during refresh. "On-the-fly" syntax checking information may be incorrect. [C:\Users\sodonne8\OneDrive - Trinity College Dublin\Documents\GitHub\DIGITAL-SYSTEMS-DESIGN\Lab F\LabF_codes\Provided code\debouncer.v:]
WARNING: [filemgmt 56-199] Attempt to get parsing info during refresh. "On-the-fly" syntax checking information may be incorrect. [C:\Users\sodonne8\OneDrive - Trinity College Dublin\Documents\GitHub\DIGITAL-SYSTEMS-DESIGN\Lab F\project_F\project_F.srcs\sources_1\new\top_module.v:]
WARNING: [filemgmt 56-199] Attempt to get parsing info during refresh. "On-the-fly" syntax checking information may be incorrect. [C:\Users\sodonne8\OneDrive - Trinity College Dublin\Documents\GitHub\DIGITAL-SYSTEMS-DESIGN\Lab F\project_F\project_F.srcs\sources_1\new\top_module.v:]
WARNING: [filemgmt 56-199] Attempt to get parsing info during refresh. "On-the-fly" syntax checking information may be incorrect. [C:\Users\sodonne8\OneDrive - Trinity College Dublin\Documents\GitHub\DIGITAL-SYSTEMS-DESIGN\Lab F\LabF_codes\Provided code\sevenseg.v:]
WARNING: [filemgmt 56-199] Attempt to get parsing info during refresh. "On-the-fly" syntax checking information may be incorrect. [C:\Users\sodonne8\OneDrive - Trinity College Dublin\Documents\GitHub\DIGITAL-SYSTEMS-DESIGN\Lab F\project_F\project_F.srcs\sources_1\new\top_module.v:]
WARNING: [filemgmt 56-199] Attempt to get parsing info during refresh. "On-the-fly" syntax checking information may be incorrect. [C:\Users\sodonne8\OneDrive - Trinity College Dublin\Documents\GitHub\DIGITAL-SYSTEMS-DESIGN\Lab F\LabF_codes\Provided code\d_type_ff.v:]
WARNING: [filemgmt 56-199] Attempt to get parsing info during refresh. "On-the-fly" syntax checking information may be incorrect. [C:\Users\sodonne8\OneDrive - Trinity College Dublin\Documents\GitHub\DIGITAL-SYSTEMS-DESIGN\Lab F\LabF_codes\Provided code\debouncer.v:]
WARNING: [filemgmt 56-199] Attempt to get parsing info during refresh. "On-the-fly" syntax checking information may be incorrect. [C:\Users\sodonne8\OneDrive - Trinity College Dublin\Documents\GitHub\DIGITAL-SYSTEMS-DESIGN\Lab F\LabF_codes\Provided code\debouncer.v:]
WARNING: [filemgmt 56-199] Attempt to get parsing info during refresh. "On-the-fly" syntax checking information may be incorrect. [C:\Users\sodonne8\OneDrive - Trinity College Dublin\Documents\GitHub\DIGITAL-SYSTEMS-DESIGN\Lab F\LabF_codes\Provided code\debouncer.v:]
ERROR: [Common 17-180] Spawn failed: No error
WARNING: [filemgmt 56-199] Attempt to get parsing info during refresh. "On-the-fly" syntax checking information may be incorrect. [C:\Users\sodonne8\OneDrive - Trinity College Dublin\Documents\GitHub\DIGITAL-SYSTEMS-DESIGN\Lab F\LabF_codes\Provided code\sevenseg.v:]
WARNING: [filemgmt 56-199] Attempt to get parsing info during refresh. "On-the-fly" syntax checking information may be incorrect. [C:\Users\sodonne8\OneDrive - Trinity College Dublin\Documents\GitHub\DIGITAL-SYSTEMS-DESIGN\Lab F\project_F\project_F.srcs\sources_1\new\top_module.v:]
WARNING: [filemgmt 56-199] Attempt to get parsing info during refresh. "On-the-fly" syntax checking information may be incorrect. [C:\Users\sodonne8\OneDrive - Trinity College Dublin\Documents\GitHub\DIGITAL-SYSTEMS-DESIGN\Lab F\LabF_codes\Provided code\d_type_ff.v:]
WARNING: [filemgmt 56-199] Attempt to get parsing info during refresh. "On-the-fly" syntax checking information may be incorrect. [C:\Users\sodonne8\OneDrive - Trinity College Dublin\Documents\GitHub\DIGITAL-SYSTEMS-DESIGN\Lab F\LabF_codes\Provided code\debouncer.v:]
WARNING: [filemgmt 56-199] Attempt to get parsing info during refresh. "On-the-fly" syntax checking information may be incorrect. [C:\Users\sodonne8\OneDrive - Trinity College Dublin\Documents\GitHub\DIGITAL-SYSTEMS-DESIGN\Lab F\LabF_codes\Provided code\d_type_ff.v:]
WARNING: [filemgmt 56-199] Attempt to get parsing info during refresh. "On-the-fly" syntax checking information may be incorrect. [C:\Users\sodonne8\OneDrive - Trinity College Dublin\Documents\GitHub\DIGITAL-SYSTEMS-DESIGN\Lab F\LabF_codes\Provided code\d_type_ff.v:]
ERROR: [Common 17-180] Spawn failed: No error
WARNING: [filemgmt 56-199] Attempt to get parsing info during refresh. "On-the-fly" syntax checking information may be incorrect. [C:\Users\sodonne8\OneDrive - Trinity College Dublin\Documents\GitHub\DIGITAL-SYSTEMS-DESIGN\Lab F\LabF_codes\Provided code\sevenseg.v:]
WARNING: [filemgmt 56-199] Attempt to get parsing info during refresh. "On-the-fly" syntax checking information may be incorrect. [C:\Users\sodonne8\OneDrive - Trinity College Dublin\Documents\GitHub\DIGITAL-SYSTEMS-DESIGN\Lab F\project_F\project_F.srcs\sources_1\new\top_module.v:]
WARNING: [filemgmt 56-199] Attempt to get parsing info during refresh. "On-the-fly" syntax checking information may be incorrect. [C:\Users\sodonne8\OneDrive - Trinity College Dublin\Documents\GitHub\DIGITAL-SYSTEMS-DESIGN\Lab F\LabF_codes\Provided code\d_type_ff.v:]
WARNING: [filemgmt 56-199] Attempt to get parsing info during refresh. "On-the-fly" syntax checking information may be incorrect. [C:\Users\sodonne8\OneDrive - Trinity College Dublin\Documents\GitHub\DIGITAL-SYSTEMS-DESIGN\Lab F\LabF_codes\Provided code\debouncer.v:]
WARNING: [filemgmt 56-199] Attempt to get parsing info during refresh. "On-the-fly" syntax checking information may be incorrect. [C:\Users\sodonne8\OneDrive - Trinity College Dublin\Documents\GitHub\DIGITAL-SYSTEMS-DESIGN\Lab F\project_F\project_F.srcs\sources_1\new\top_module.v:]
WARNING: [filemgmt 56-199] Attempt to get parsing info during refresh. "On-the-fly" syntax checking information may be incorrect. [C:\Users\sodonne8\OneDrive - Trinity College Dublin\Documents\GitHub\DIGITAL-SYSTEMS-DESIGN\Lab F\project_F\project_F.srcs\sources_1\new\top_module.v:]
WARNING: [filemgmt 56-199] Attempt to get parsing info during refresh. "On-the-fly" syntax checking information may be incorrect. [C:\Users\sodonne8\OneDrive - Trinity College Dublin\Documents\GitHub\DIGITAL-SYSTEMS-DESIGN\Lab F\LabF_codes\Provided code\sevenseg.v:]
WARNING: [filemgmt 56-199] Attempt to get parsing info during refresh. "On-the-fly" syntax checking information may be incorrect. [C:\Users\sodonne8\OneDrive - Trinity College Dublin\Documents\GitHub\DIGITAL-SYSTEMS-DESIGN\Lab F\project_F\project_F.srcs\sources_1\new\top_module.v:]
WARNING: [filemgmt 56-199] Attempt to get parsing info during refresh. "On-the-fly" syntax checking information may be incorrect. [C:\Users\sodonne8\OneDrive - Trinity College Dublin\Documents\GitHub\DIGITAL-SYSTEMS-DESIGN\Lab F\LabF_codes\Provided code\d_type_ff.v:]
WARNING: [filemgmt 56-199] Attempt to get parsing info during refresh. "On-the-fly" syntax checking information may be incorrect. [C:\Users\sodonne8\OneDrive - Trinity College Dublin\Documents\GitHub\DIGITAL-SYSTEMS-DESIGN\Lab F\LabF_codes\Provided code\debouncer.v:]
WARNING: [filemgmt 56-199] Attempt to get parsing info during refresh. "On-the-fly" syntax checking information may be incorrect. [C:\Users\sodonne8\OneDrive - Trinity College Dublin\Documents\GitHub\DIGITAL-SYSTEMS-DESIGN\Lab F\LabF_codes\Provided code\debouncer.v:]
WARNING: [filemgmt 56-199] Attempt to get parsing info during refresh. "On-the-fly" syntax checking information may be incorrect. [C:\Users\sodonne8\OneDrive - Trinity College Dublin\Documents\GitHub\DIGITAL-SYSTEMS-DESIGN\Lab F\LabF_codes\Provided code\debouncer.v:]
ERROR: [Common 17-180] Spawn failed: No error
ERROR: [Common 17-180] Spawn failed: No error
launch_runs synth_1 -jobs 8
WARNING: [filemgmt 56-199] Attempt to get parsing info during refresh. "On-the-fly" syntax checking information may be incorrect. [C:\Users\sodonne8\OneDrive - Trinity College Dublin\Documents\GitHub\DIGITAL-SYSTEMS-DESIGN\Lab F\LabF_codes\Provided code\sevenseg.v:]
WARNING: [filemgmt 56-199] Attempt to get parsing info during refresh. "On-the-fly" syntax checking information may be incorrect. [C:\Users\sodonne8\OneDrive - Trinity College Dublin\Documents\GitHub\DIGITAL-SYSTEMS-DESIGN\Lab F\project_F\project_F.srcs\sources_1\new\top_module.v:]
WARNING: [filemgmt 56-199] Attempt to get parsing info during refresh. "On-the-fly" syntax checking information may be incorrect. [C:\Users\sodonne8\OneDrive - Trinity College Dublin\Documents\GitHub\DIGITAL-SYSTEMS-DESIGN\Lab F\LabF_codes\Provided code\d_type_ff.v:]
WARNING: [filemgmt 56-199] Attempt to get parsing info during refresh. "On-the-fly" syntax checking information may be incorrect. [C:\Users\sodonne8\OneDrive - Trinity College Dublin\Documents\GitHub\DIGITAL-SYSTEMS-DESIGN\Lab F\LabF_codes\Provided code\debouncer.v:]
WARNING: [filemgmt 56-199] Attempt to get parsing info during refresh. "On-the-fly" syntax checking information may be incorrect. [C:\Users\sodonne8\OneDrive - Trinity College Dublin\Documents\GitHub\DIGITAL-SYSTEMS-DESIGN\Lab F\project_F\project_F.srcs\sources_1\new\top_module.v:]
WARNING: [filemgmt 56-199] Attempt to get parsing info during refresh. "On-the-fly" syntax checking information may be incorrect. [C:\Users\sodonne8\OneDrive - Trinity College Dublin\Documents\GitHub\DIGITAL-SYSTEMS-DESIGN\Lab F\project_F\project_F.srcs\sources_1\new\top_module.v:]
WARNING: [filemgmt 56-199] Attempt to get parsing info during refresh. "On-the-fly" syntax checking information may be incorrect. [C:\Users\sodonne8\OneDrive - Trinity College Dublin\Documents\GitHub\DIGITAL-SYSTEMS-DESIGN\Lab F\LabF_codes\Provided code\sevenseg.v:]
WARNING: [filemgmt 56-199] Attempt to get parsing info during refresh. "On-the-fly" syntax checking information may be incorrect. [C:\Users\sodonne8\OneDrive - Trinity College Dublin\Documents\GitHub\DIGITAL-SYSTEMS-DESIGN\Lab F\project_F\project_F.srcs\sources_1\new\top_module.v:]
WARNING: [filemgmt 56-199] Attempt to get parsing info during refresh. "On-the-fly" syntax checking information may be incorrect. [C:\Users\sodonne8\OneDrive - Trinity College Dublin\Documents\GitHub\DIGITAL-SYSTEMS-DESIGN\Lab F\LabF_codes\Provided code\d_type_ff.v:]
WARNING: [filemgmt 56-199] Attempt to get parsing info during refresh. "On-the-fly" syntax checking information may be incorrect. [C:\Users\sodonne8\OneDrive - Trinity College Dublin\Documents\GitHub\DIGITAL-SYSTEMS-DESIGN\Lab F\LabF_codes\Provided code\debouncer.v:]
WARNING: [filemgmt 56-199] Attempt to get parsing info during refresh. "On-the-fly" syntax checking information may be incorrect. [C:\Users\sodonne8\OneDrive - Trinity College Dublin\Documents\GitHub\DIGITAL-SYSTEMS-DESIGN\Lab F\LabF_codes\Provided code\debouncer.v:]
WARNING: [filemgmt 56-199] Attempt to get parsing info during refresh. "On-the-fly" syntax checking information may be incorrect. [C:\Users\sodonne8\OneDrive - Trinity College Dublin\Documents\GitHub\DIGITAL-SYSTEMS-DESIGN\Lab F\LabF_codes\Provided code\debouncer.v:]
WARNING: [Vivado 12-7122] Auto Incremental Compile:: No reference checkpoint was found in run synth_1. Auto-incremental flow will not be run, the standard flow will be run instead.
[Fri Mar 21 19:56:30 2025] Launched synth_1...
Run output will be captured here: C:/Users/sodonne8/OneDrive - Trinity College Dublin/Documents/GitHub/DIGITAL-SYSTEMS-DESIGN/Lab F/project_F/project_F.runs/synth_1/runme.log
ERROR: [Common 17-180] Spawn failed: No error
WARNING: [filemgmt 56-199] Attempt to get parsing info during refresh. "On-the-fly" syntax checking information may be incorrect. [C:\Users\sodonne8\OneDrive - Trinity College Dublin\Documents\GitHub\DIGITAL-SYSTEMS-DESIGN\Lab F\LabF_codes\Provided code\sevenseg.v:]
WARNING: [filemgmt 56-199] Attempt to get parsing info during refresh. "On-the-fly" syntax checking information may be incorrect. [C:\Users\sodonne8\OneDrive - Trinity College Dublin\Documents\GitHub\DIGITAL-SYSTEMS-DESIGN\Lab F\project_F\project_F.srcs\sources_1\new\top_module.v:]
WARNING: [filemgmt 56-199] Attempt to get parsing info during refresh. "On-the-fly" syntax checking information may be incorrect. [C:\Users\sodonne8\OneDrive - Trinity College Dublin\Documents\GitHub\DIGITAL-SYSTEMS-DESIGN\Lab F\LabF_codes\Provided code\d_type_ff.v:]
WARNING: [filemgmt 56-199] Attempt to get parsing info during refresh. "On-the-fly" syntax checking information may be incorrect. [C:\Users\sodonne8\OneDrive - Trinity College Dublin\Documents\GitHub\DIGITAL-SYSTEMS-DESIGN\Lab F\LabF_codes\Provided code\debouncer.v:]
WARNING: [filemgmt 56-199] Attempt to get parsing info during refresh. "On-the-fly" syntax checking information may be incorrect. [C:\Users\sodonne8\OneDrive - Trinity College Dublin\Documents\GitHub\DIGITAL-SYSTEMS-DESIGN\Lab F\LabF_codes\Provided code\d_type_ff.v:]
WARNING: [filemgmt 56-199] Attempt to get parsing info during refresh. "On-the-fly" syntax checking information may be incorrect. [C:\Users\sodonne8\OneDrive - Trinity College Dublin\Documents\GitHub\DIGITAL-SYSTEMS-DESIGN\Lab F\LabF_codes\Provided code\d_type_ff.v:]
ERROR: [Common 17-180] Spawn failed: No error
exit
INFO: [Common 17-206] Exiting Vivado at Fri Mar 21 20:01:09 2025...
